[2024-02-03T00:13:32.967+0000] {taskinstance.py:1956} INFO - Dependencies all met for dep_context=non-requeueable deps ti=<TaskInstance: tutorial.templated scheduled__2024-02-02T00:00:00+00:00 [queued]>
[2024-02-03T00:13:32.978+0000] {taskinstance.py:1956} INFO - Dependencies all met for dep_context=requeueable deps ti=<TaskInstance: tutorial.templated scheduled__2024-02-02T00:00:00+00:00 [queued]>
[2024-02-03T00:13:32.980+0000] {taskinstance.py:2170} INFO - Starting attempt 1 of 2
[2024-02-03T00:13:33.002+0000] {taskinstance.py:2191} INFO - Executing <Task(BashOperator): templated> on 2024-02-02 00:00:00+00:00
[2024-02-03T00:13:33.009+0000] {standard_task_runner.py:60} INFO - Started process 1719 to run task
[2024-02-03T00:13:33.028+0000] {standard_task_runner.py:87} INFO - Running: ['***', 'tasks', 'run', 'tutorial', 'templated', 'scheduled__2024-02-02T00:00:00+00:00', '--job-id', '501', '--raw', '--subdir', '/home/***/.local/lib/python3.8/site-packages/***/example_dags/tutorial.py', '--cfg-path', '/tmp/tmpzikx2sym']
[2024-02-03T00:13:33.034+0000] {standard_task_runner.py:88} INFO - Job 501: Subtask templated
[2024-02-03T00:13:33.101+0000] {task_command.py:423} INFO - Running <TaskInstance: tutorial.templated scheduled__2024-02-02T00:00:00+00:00 [running]> on host a2bff7913869
[2024-02-03T00:13:33.201+0000] {taskinstance.py:2480} INFO - Exporting env vars: AIRFLOW_CTX_DAG_EMAIL='***@example.com' AIRFLOW_CTX_DAG_OWNER='***' AIRFLOW_CTX_DAG_ID='tutorial' AIRFLOW_CTX_TASK_ID='templated' AIRFLOW_CTX_EXECUTION_DATE='2024-02-02T00:00:00+00:00' AIRFLOW_CTX_TRY_NUMBER='1' AIRFLOW_CTX_DAG_RUN_ID='scheduled__2024-02-02T00:00:00+00:00'
[2024-02-03T00:13:33.204+0000] {subprocess.py:63} INFO - Tmp dir root location: /tmp
[2024-02-03T00:13:33.205+0000] {subprocess.py:75} INFO - Running command: ['/usr/bin/bash', '-c', '\n\n    echo "2024-02-02"\n    echo "2024-02-09"\n\n    echo "2024-02-02"\n    echo "2024-02-09"\n\n    echo "2024-02-02"\n    echo "2024-02-09"\n\n    echo "2024-02-02"\n    echo "2024-02-09"\n\n    echo "2024-02-02"\n    echo "2024-02-09"\n']
[2024-02-03T00:13:33.219+0000] {subprocess.py:86} INFO - Output:
[2024-02-03T00:13:33.222+0000] {subprocess.py:93} INFO - 2024-02-02
[2024-02-03T00:13:33.224+0000] {subprocess.py:93} INFO - 2024-02-09
[2024-02-03T00:13:33.225+0000] {subprocess.py:93} INFO - 2024-02-02
[2024-02-03T00:13:33.226+0000] {subprocess.py:93} INFO - 2024-02-09
[2024-02-03T00:13:33.228+0000] {subprocess.py:93} INFO - 2024-02-02
[2024-02-03T00:13:33.229+0000] {subprocess.py:93} INFO - 2024-02-09
[2024-02-03T00:13:33.230+0000] {subprocess.py:93} INFO - 2024-02-02
[2024-02-03T00:13:33.231+0000] {subprocess.py:93} INFO - 2024-02-09
[2024-02-03T00:13:33.231+0000] {subprocess.py:93} INFO - 2024-02-02
[2024-02-03T00:13:33.232+0000] {subprocess.py:93} INFO - 2024-02-09
[2024-02-03T00:13:33.233+0000] {subprocess.py:97} INFO - Command exited with return code 0
[2024-02-03T00:13:33.253+0000] {taskinstance.py:1138} INFO - Marking task as SUCCESS. dag_id=tutorial, task_id=templated, execution_date=20240202T000000, start_date=20240203T001332, end_date=20240203T001333
[2024-02-03T00:13:33.311+0000] {local_task_job_runner.py:234} INFO - Task exited with return code 0
[2024-02-03T00:13:33.338+0000] {taskinstance.py:3280} INFO - 0 downstream tasks scheduled from follow-on schedule check
