[2024-02-05T16:55:07.118+0000] {processor.py:161} INFO - Started process (PID=82) to work on /home/airflow/.local/lib/python3.8/site-packages/airflow/example_dags/tutorial_dag.py
[2024-02-05T16:55:07.123+0000] {processor.py:830} INFO - Processing file /home/airflow/.local/lib/python3.8/site-packages/airflow/example_dags/tutorial_dag.py for tasks to queue
[2024-02-05T16:55:07.129+0000] {logging_mixin.py:188} INFO - [2024-02-05T16:55:07.128+0000] {dagbag.py:538} INFO - Filling up the DagBag from /home/airflow/.local/lib/python3.8/site-packages/airflow/example_dags/tutorial_dag.py
[2024-02-05T16:55:07.145+0000] {processor.py:840} INFO - DAG(s) 'tutorial_dag' retrieved from /home/airflow/.local/lib/python3.8/site-packages/airflow/example_dags/tutorial_dag.py
[2024-02-05T16:55:07.176+0000] {logging_mixin.py:188} INFO - [2024-02-05T16:55:07.176+0000] {dag.py:3036} INFO - Sync 1 DAGs
[2024-02-05T16:55:07.217+0000] {logging_mixin.py:188} INFO - [2024-02-05T16:55:07.217+0000] {dag.py:3823} INFO - Setting next_dagrun for tutorial_dag to None, run_after=None
[2024-02-05T16:55:07.322+0000] {processor.py:183} INFO - Processing /home/airflow/.local/lib/python3.8/site-packages/airflow/example_dags/tutorial_dag.py took 0.219 seconds
[2024-02-05T16:55:37.391+0000] {processor.py:161} INFO - Started process (PID=146) to work on /home/airflow/.local/lib/python3.8/site-packages/airflow/example_dags/tutorial_dag.py
[2024-02-05T16:55:37.394+0000] {processor.py:830} INFO - Processing file /home/airflow/.local/lib/python3.8/site-packages/airflow/example_dags/tutorial_dag.py for tasks to queue
[2024-02-05T16:55:37.397+0000] {logging_mixin.py:188} INFO - [2024-02-05T16:55:37.396+0000] {dagbag.py:538} INFO - Filling up the DagBag from /home/airflow/.local/lib/python3.8/site-packages/airflow/example_dags/tutorial_dag.py
[2024-02-05T16:55:37.404+0000] {processor.py:840} INFO - DAG(s) 'tutorial_dag' retrieved from /home/airflow/.local/lib/python3.8/site-packages/airflow/example_dags/tutorial_dag.py
[2024-02-05T16:55:37.490+0000] {logging_mixin.py:188} INFO - [2024-02-05T16:55:37.490+0000] {dag.py:3036} INFO - Sync 1 DAGs
[2024-02-05T16:55:37.500+0000] {logging_mixin.py:188} INFO - [2024-02-05T16:55:37.500+0000] {dag.py:3823} INFO - Setting next_dagrun for tutorial_dag to None, run_after=None
[2024-02-05T16:55:37.527+0000] {processor.py:183} INFO - Processing /home/airflow/.local/lib/python3.8/site-packages/airflow/example_dags/tutorial_dag.py took 0.139 seconds
[2024-02-05T16:56:08.483+0000] {processor.py:161} INFO - Started process (PID=209) to work on /home/airflow/.local/lib/python3.8/site-packages/airflow/example_dags/tutorial_dag.py
[2024-02-05T16:56:08.486+0000] {processor.py:830} INFO - Processing file /home/airflow/.local/lib/python3.8/site-packages/airflow/example_dags/tutorial_dag.py for tasks to queue
[2024-02-05T16:56:08.489+0000] {logging_mixin.py:188} INFO - [2024-02-05T16:56:08.489+0000] {dagbag.py:538} INFO - Filling up the DagBag from /home/airflow/.local/lib/python3.8/site-packages/airflow/example_dags/tutorial_dag.py
[2024-02-05T16:56:08.497+0000] {processor.py:840} INFO - DAG(s) 'tutorial_dag' retrieved from /home/airflow/.local/lib/python3.8/site-packages/airflow/example_dags/tutorial_dag.py
[2024-02-05T16:56:08.516+0000] {logging_mixin.py:188} INFO - [2024-02-05T16:56:08.516+0000] {dag.py:3036} INFO - Sync 1 DAGs
[2024-02-05T16:56:08.526+0000] {logging_mixin.py:188} INFO - [2024-02-05T16:56:08.526+0000] {dag.py:3823} INFO - Setting next_dagrun for tutorial_dag to None, run_after=None
[2024-02-05T16:56:08.541+0000] {processor.py:183} INFO - Processing /home/airflow/.local/lib/python3.8/site-packages/airflow/example_dags/tutorial_dag.py took 0.062 seconds
[2024-02-05T16:56:39.133+0000] {processor.py:161} INFO - Started process (PID=266) to work on /home/airflow/.local/lib/python3.8/site-packages/airflow/example_dags/tutorial_dag.py
[2024-02-05T16:56:39.137+0000] {processor.py:830} INFO - Processing file /home/airflow/.local/lib/python3.8/site-packages/airflow/example_dags/tutorial_dag.py for tasks to queue
[2024-02-05T16:56:39.141+0000] {logging_mixin.py:188} INFO - [2024-02-05T16:56:39.141+0000] {dagbag.py:538} INFO - Filling up the DagBag from /home/airflow/.local/lib/python3.8/site-packages/airflow/example_dags/tutorial_dag.py
[2024-02-05T16:56:39.154+0000] {processor.py:840} INFO - DAG(s) 'tutorial_dag' retrieved from /home/airflow/.local/lib/python3.8/site-packages/airflow/example_dags/tutorial_dag.py
[2024-02-05T16:56:39.174+0000] {logging_mixin.py:188} INFO - [2024-02-05T16:56:39.174+0000] {dag.py:3036} INFO - Sync 1 DAGs
[2024-02-05T16:56:39.184+0000] {logging_mixin.py:188} INFO - [2024-02-05T16:56:39.184+0000] {dag.py:3823} INFO - Setting next_dagrun for tutorial_dag to None, run_after=None
[2024-02-05T16:56:39.202+0000] {processor.py:183} INFO - Processing /home/airflow/.local/lib/python3.8/site-packages/airflow/example_dags/tutorial_dag.py took 0.079 seconds
[2024-02-05T16:57:09.809+0000] {processor.py:161} INFO - Started process (PID=327) to work on /home/airflow/.local/lib/python3.8/site-packages/airflow/example_dags/tutorial_dag.py
[2024-02-05T16:57:09.812+0000] {processor.py:830} INFO - Processing file /home/airflow/.local/lib/python3.8/site-packages/airflow/example_dags/tutorial_dag.py for tasks to queue
[2024-02-05T16:57:09.815+0000] {logging_mixin.py:188} INFO - [2024-02-05T16:57:09.815+0000] {dagbag.py:538} INFO - Filling up the DagBag from /home/airflow/.local/lib/python3.8/site-packages/airflow/example_dags/tutorial_dag.py
[2024-02-05T16:57:09.823+0000] {processor.py:840} INFO - DAG(s) 'tutorial_dag' retrieved from /home/airflow/.local/lib/python3.8/site-packages/airflow/example_dags/tutorial_dag.py
[2024-02-05T16:57:09.842+0000] {logging_mixin.py:188} INFO - [2024-02-05T16:57:09.842+0000] {dag.py:3036} INFO - Sync 1 DAGs
[2024-02-05T16:57:09.850+0000] {logging_mixin.py:188} INFO - [2024-02-05T16:57:09.850+0000] {dag.py:3823} INFO - Setting next_dagrun for tutorial_dag to None, run_after=None
[2024-02-05T16:57:09.863+0000] {processor.py:183} INFO - Processing /home/airflow/.local/lib/python3.8/site-packages/airflow/example_dags/tutorial_dag.py took 0.058 seconds
[2024-02-05T16:57:40.485+0000] {processor.py:161} INFO - Started process (PID=384) to work on /home/airflow/.local/lib/python3.8/site-packages/airflow/example_dags/tutorial_dag.py
[2024-02-05T16:57:40.487+0000] {processor.py:830} INFO - Processing file /home/airflow/.local/lib/python3.8/site-packages/airflow/example_dags/tutorial_dag.py for tasks to queue
[2024-02-05T16:57:40.490+0000] {logging_mixin.py:188} INFO - [2024-02-05T16:57:40.490+0000] {dagbag.py:538} INFO - Filling up the DagBag from /home/airflow/.local/lib/python3.8/site-packages/airflow/example_dags/tutorial_dag.py
[2024-02-05T16:57:40.496+0000] {processor.py:840} INFO - DAG(s) 'tutorial_dag' retrieved from /home/airflow/.local/lib/python3.8/site-packages/airflow/example_dags/tutorial_dag.py
[2024-02-05T16:57:40.513+0000] {logging_mixin.py:188} INFO - [2024-02-05T16:57:40.513+0000] {dag.py:3036} INFO - Sync 1 DAGs
[2024-02-05T16:57:40.522+0000] {logging_mixin.py:188} INFO - [2024-02-05T16:57:40.522+0000] {dag.py:3823} INFO - Setting next_dagrun for tutorial_dag to None, run_after=None
[2024-02-05T16:57:40.534+0000] {processor.py:183} INFO - Processing /home/airflow/.local/lib/python3.8/site-packages/airflow/example_dags/tutorial_dag.py took 0.053 seconds
[2024-02-05T16:58:11.142+0000] {processor.py:161} INFO - Started process (PID=446) to work on /home/airflow/.local/lib/python3.8/site-packages/airflow/example_dags/tutorial_dag.py
[2024-02-05T16:58:11.145+0000] {processor.py:830} INFO - Processing file /home/airflow/.local/lib/python3.8/site-packages/airflow/example_dags/tutorial_dag.py for tasks to queue
[2024-02-05T16:58:11.148+0000] {logging_mixin.py:188} INFO - [2024-02-05T16:58:11.148+0000] {dagbag.py:538} INFO - Filling up the DagBag from /home/airflow/.local/lib/python3.8/site-packages/airflow/example_dags/tutorial_dag.py
[2024-02-05T16:58:11.156+0000] {processor.py:840} INFO - DAG(s) 'tutorial_dag' retrieved from /home/airflow/.local/lib/python3.8/site-packages/airflow/example_dags/tutorial_dag.py
[2024-02-05T16:58:11.174+0000] {logging_mixin.py:188} INFO - [2024-02-05T16:58:11.174+0000] {dag.py:3036} INFO - Sync 1 DAGs
[2024-02-05T16:58:11.185+0000] {logging_mixin.py:188} INFO - [2024-02-05T16:58:11.184+0000] {dag.py:3823} INFO - Setting next_dagrun for tutorial_dag to None, run_after=None
[2024-02-05T16:58:11.198+0000] {processor.py:183} INFO - Processing /home/airflow/.local/lib/python3.8/site-packages/airflow/example_dags/tutorial_dag.py took 0.060 seconds
[2024-02-05T16:58:42.113+0000] {processor.py:161} INFO - Started process (PID=504) to work on /home/airflow/.local/lib/python3.8/site-packages/airflow/example_dags/tutorial_dag.py
[2024-02-05T16:58:42.115+0000] {processor.py:830} INFO - Processing file /home/airflow/.local/lib/python3.8/site-packages/airflow/example_dags/tutorial_dag.py for tasks to queue
[2024-02-05T16:58:42.119+0000] {logging_mixin.py:188} INFO - [2024-02-05T16:58:42.119+0000] {dagbag.py:538} INFO - Filling up the DagBag from /home/airflow/.local/lib/python3.8/site-packages/airflow/example_dags/tutorial_dag.py
[2024-02-05T16:58:42.128+0000] {processor.py:840} INFO - DAG(s) 'tutorial_dag' retrieved from /home/airflow/.local/lib/python3.8/site-packages/airflow/example_dags/tutorial_dag.py
[2024-02-05T16:58:42.147+0000] {logging_mixin.py:188} INFO - [2024-02-05T16:58:42.146+0000] {dag.py:3036} INFO - Sync 1 DAGs
[2024-02-05T16:58:42.156+0000] {logging_mixin.py:188} INFO - [2024-02-05T16:58:42.156+0000] {dag.py:3823} INFO - Setting next_dagrun for tutorial_dag to None, run_after=None
[2024-02-05T16:58:42.175+0000] {processor.py:183} INFO - Processing /home/airflow/.local/lib/python3.8/site-packages/airflow/example_dags/tutorial_dag.py took 0.066 seconds
[2024-02-05T16:59:12.752+0000] {processor.py:161} INFO - Started process (PID=568) to work on /home/airflow/.local/lib/python3.8/site-packages/airflow/example_dags/tutorial_dag.py
[2024-02-05T16:59:12.755+0000] {processor.py:830} INFO - Processing file /home/airflow/.local/lib/python3.8/site-packages/airflow/example_dags/tutorial_dag.py for tasks to queue
[2024-02-05T16:59:12.757+0000] {logging_mixin.py:188} INFO - [2024-02-05T16:59:12.757+0000] {dagbag.py:538} INFO - Filling up the DagBag from /home/airflow/.local/lib/python3.8/site-packages/airflow/example_dags/tutorial_dag.py
[2024-02-05T16:59:12.765+0000] {processor.py:840} INFO - DAG(s) 'tutorial_dag' retrieved from /home/airflow/.local/lib/python3.8/site-packages/airflow/example_dags/tutorial_dag.py
[2024-02-05T16:59:12.783+0000] {logging_mixin.py:188} INFO - [2024-02-05T16:59:12.783+0000] {dag.py:3036} INFO - Sync 1 DAGs
[2024-02-05T16:59:12.792+0000] {logging_mixin.py:188} INFO - [2024-02-05T16:59:12.792+0000] {dag.py:3823} INFO - Setting next_dagrun for tutorial_dag to None, run_after=None
[2024-02-05T16:59:12.805+0000] {processor.py:183} INFO - Processing /home/airflow/.local/lib/python3.8/site-packages/airflow/example_dags/tutorial_dag.py took 0.057 seconds
[2024-02-05T16:59:43.481+0000] {processor.py:161} INFO - Started process (PID=625) to work on /home/airflow/.local/lib/python3.8/site-packages/airflow/example_dags/tutorial_dag.py
[2024-02-05T16:59:43.483+0000] {processor.py:830} INFO - Processing file /home/airflow/.local/lib/python3.8/site-packages/airflow/example_dags/tutorial_dag.py for tasks to queue
[2024-02-05T16:59:43.487+0000] {logging_mixin.py:188} INFO - [2024-02-05T16:59:43.486+0000] {dagbag.py:538} INFO - Filling up the DagBag from /home/airflow/.local/lib/python3.8/site-packages/airflow/example_dags/tutorial_dag.py
[2024-02-05T16:59:43.493+0000] {processor.py:840} INFO - DAG(s) 'tutorial_dag' retrieved from /home/airflow/.local/lib/python3.8/site-packages/airflow/example_dags/tutorial_dag.py
[2024-02-05T16:59:43.531+0000] {logging_mixin.py:188} INFO - [2024-02-05T16:59:43.531+0000] {dag.py:3036} INFO - Sync 1 DAGs
[2024-02-05T16:59:43.547+0000] {logging_mixin.py:188} INFO - [2024-02-05T16:59:43.547+0000] {dag.py:3823} INFO - Setting next_dagrun for tutorial_dag to None, run_after=None
[2024-02-05T16:59:43.573+0000] {processor.py:183} INFO - Processing /home/airflow/.local/lib/python3.8/site-packages/airflow/example_dags/tutorial_dag.py took 0.096 seconds
[2024-02-05T17:00:13.822+0000] {processor.py:161} INFO - Started process (PID=688) to work on /home/airflow/.local/lib/python3.8/site-packages/airflow/example_dags/tutorial_dag.py
[2024-02-05T17:00:13.825+0000] {processor.py:830} INFO - Processing file /home/airflow/.local/lib/python3.8/site-packages/airflow/example_dags/tutorial_dag.py for tasks to queue
[2024-02-05T17:00:13.829+0000] {logging_mixin.py:188} INFO - [2024-02-05T17:00:13.828+0000] {dagbag.py:538} INFO - Filling up the DagBag from /home/airflow/.local/lib/python3.8/site-packages/airflow/example_dags/tutorial_dag.py
[2024-02-05T17:00:13.834+0000] {processor.py:840} INFO - DAG(s) 'tutorial_dag' retrieved from /home/airflow/.local/lib/python3.8/site-packages/airflow/example_dags/tutorial_dag.py
[2024-02-05T17:00:13.856+0000] {logging_mixin.py:188} INFO - [2024-02-05T17:00:13.856+0000] {dag.py:3036} INFO - Sync 1 DAGs
[2024-02-05T17:00:13.866+0000] {logging_mixin.py:188} INFO - [2024-02-05T17:00:13.866+0000] {dag.py:3823} INFO - Setting next_dagrun for tutorial_dag to None, run_after=None
[2024-02-05T17:00:13.880+0000] {processor.py:183} INFO - Processing /home/airflow/.local/lib/python3.8/site-packages/airflow/example_dags/tutorial_dag.py took 0.061 seconds
[2024-02-05T17:00:44.648+0000] {processor.py:161} INFO - Started process (PID=745) to work on /home/airflow/.local/lib/python3.8/site-packages/airflow/example_dags/tutorial_dag.py
[2024-02-05T17:00:44.651+0000] {processor.py:830} INFO - Processing file /home/airflow/.local/lib/python3.8/site-packages/airflow/example_dags/tutorial_dag.py for tasks to queue
[2024-02-05T17:00:44.655+0000] {logging_mixin.py:188} INFO - [2024-02-05T17:00:44.654+0000] {dagbag.py:538} INFO - Filling up the DagBag from /home/airflow/.local/lib/python3.8/site-packages/airflow/example_dags/tutorial_dag.py
[2024-02-05T17:00:44.662+0000] {processor.py:840} INFO - DAG(s) 'tutorial_dag' retrieved from /home/airflow/.local/lib/python3.8/site-packages/airflow/example_dags/tutorial_dag.py
[2024-02-05T17:00:44.681+0000] {logging_mixin.py:188} INFO - [2024-02-05T17:00:44.680+0000] {dag.py:3036} INFO - Sync 1 DAGs
[2024-02-05T17:00:44.689+0000] {logging_mixin.py:188} INFO - [2024-02-05T17:00:44.688+0000] {dag.py:3823} INFO - Setting next_dagrun for tutorial_dag to None, run_after=None
[2024-02-05T17:00:44.701+0000] {processor.py:183} INFO - Processing /home/airflow/.local/lib/python3.8/site-packages/airflow/example_dags/tutorial_dag.py took 0.057 seconds
[2024-02-05T17:01:15.649+0000] {processor.py:161} INFO - Started process (PID=806) to work on /home/airflow/.local/lib/python3.8/site-packages/airflow/example_dags/tutorial_dag.py
[2024-02-05T17:01:15.656+0000] {processor.py:830} INFO - Processing file /home/airflow/.local/lib/python3.8/site-packages/airflow/example_dags/tutorial_dag.py for tasks to queue
[2024-02-05T17:01:15.661+0000] {logging_mixin.py:188} INFO - [2024-02-05T17:01:15.661+0000] {dagbag.py:538} INFO - Filling up the DagBag from /home/airflow/.local/lib/python3.8/site-packages/airflow/example_dags/tutorial_dag.py
[2024-02-05T17:01:15.667+0000] {processor.py:840} INFO - DAG(s) 'tutorial_dag' retrieved from /home/airflow/.local/lib/python3.8/site-packages/airflow/example_dags/tutorial_dag.py
[2024-02-05T17:01:15.710+0000] {logging_mixin.py:188} INFO - [2024-02-05T17:01:15.710+0000] {dag.py:3036} INFO - Sync 1 DAGs
[2024-02-05T17:01:15.733+0000] {logging_mixin.py:188} INFO - [2024-02-05T17:01:15.733+0000] {dag.py:3823} INFO - Setting next_dagrun for tutorial_dag to None, run_after=None
[2024-02-05T17:01:15.813+0000] {processor.py:183} INFO - Processing /home/airflow/.local/lib/python3.8/site-packages/airflow/example_dags/tutorial_dag.py took 0.174 seconds
[2024-02-05T17:01:49.126+0000] {processor.py:161} INFO - Started process (PID=863) to work on /home/airflow/.local/lib/python3.8/site-packages/airflow/example_dags/tutorial_dag.py
[2024-02-05T17:01:49.130+0000] {processor.py:830} INFO - Processing file /home/airflow/.local/lib/python3.8/site-packages/airflow/example_dags/tutorial_dag.py for tasks to queue
[2024-02-05T17:01:49.142+0000] {logging_mixin.py:188} INFO - [2024-02-05T17:01:49.139+0000] {dagbag.py:538} INFO - Filling up the DagBag from /home/airflow/.local/lib/python3.8/site-packages/airflow/example_dags/tutorial_dag.py
[2024-02-05T17:01:49.165+0000] {processor.py:840} INFO - DAG(s) 'tutorial_dag' retrieved from /home/airflow/.local/lib/python3.8/site-packages/airflow/example_dags/tutorial_dag.py
[2024-02-05T17:01:49.293+0000] {logging_mixin.py:188} INFO - [2024-02-05T17:01:49.272+0000] {dag.py:3036} INFO - Sync 1 DAGs
[2024-02-05T17:01:49.348+0000] {logging_mixin.py:188} INFO - [2024-02-05T17:01:49.344+0000] {dag.py:3823} INFO - Setting next_dagrun for tutorial_dag to None, run_after=None
[2024-02-05T17:01:49.434+0000] {processor.py:183} INFO - Processing /home/airflow/.local/lib/python3.8/site-packages/airflow/example_dags/tutorial_dag.py took 0.317 seconds
[2024-02-05T17:02:20.223+0000] {processor.py:161} INFO - Started process (PID=933) to work on /home/airflow/.local/lib/python3.8/site-packages/airflow/example_dags/tutorial_dag.py
[2024-02-05T17:02:20.225+0000] {processor.py:830} INFO - Processing file /home/airflow/.local/lib/python3.8/site-packages/airflow/example_dags/tutorial_dag.py for tasks to queue
[2024-02-05T17:02:20.228+0000] {logging_mixin.py:188} INFO - [2024-02-05T17:02:20.228+0000] {dagbag.py:538} INFO - Filling up the DagBag from /home/airflow/.local/lib/python3.8/site-packages/airflow/example_dags/tutorial_dag.py
[2024-02-05T17:02:20.237+0000] {processor.py:840} INFO - DAG(s) 'tutorial_dag' retrieved from /home/airflow/.local/lib/python3.8/site-packages/airflow/example_dags/tutorial_dag.py
[2024-02-05T17:02:20.258+0000] {logging_mixin.py:188} INFO - [2024-02-05T17:02:20.257+0000] {dag.py:3036} INFO - Sync 1 DAGs
[2024-02-05T17:02:20.285+0000] {logging_mixin.py:188} INFO - [2024-02-05T17:02:20.284+0000] {dag.py:3823} INFO - Setting next_dagrun for tutorial_dag to None, run_after=None
[2024-02-05T17:02:20.318+0000] {processor.py:183} INFO - Processing /home/airflow/.local/lib/python3.8/site-packages/airflow/example_dags/tutorial_dag.py took 0.100 seconds
[2024-02-05T17:02:52.099+0000] {processor.py:161} INFO - Started process (PID=989) to work on /home/airflow/.local/lib/python3.8/site-packages/airflow/example_dags/tutorial_dag.py
[2024-02-05T17:02:52.101+0000] {processor.py:830} INFO - Processing file /home/airflow/.local/lib/python3.8/site-packages/airflow/example_dags/tutorial_dag.py for tasks to queue
[2024-02-05T17:02:52.105+0000] {logging_mixin.py:188} INFO - [2024-02-05T17:02:52.104+0000] {dagbag.py:538} INFO - Filling up the DagBag from /home/airflow/.local/lib/python3.8/site-packages/airflow/example_dags/tutorial_dag.py
[2024-02-05T17:02:52.111+0000] {processor.py:840} INFO - DAG(s) 'tutorial_dag' retrieved from /home/airflow/.local/lib/python3.8/site-packages/airflow/example_dags/tutorial_dag.py
[2024-02-05T17:02:52.208+0000] {logging_mixin.py:188} INFO - [2024-02-05T17:02:52.207+0000] {dag.py:3036} INFO - Sync 1 DAGs
[2024-02-05T17:02:52.221+0000] {logging_mixin.py:188} INFO - [2024-02-05T17:02:52.221+0000] {dag.py:3823} INFO - Setting next_dagrun for tutorial_dag to None, run_after=None
[2024-02-05T17:02:52.257+0000] {processor.py:183} INFO - Processing /home/airflow/.local/lib/python3.8/site-packages/airflow/example_dags/tutorial_dag.py took 0.161 seconds
[2024-02-05T17:03:23.129+0000] {processor.py:161} INFO - Started process (PID=1051) to work on /home/airflow/.local/lib/python3.8/site-packages/airflow/example_dags/tutorial_dag.py
[2024-02-05T17:03:23.133+0000] {processor.py:830} INFO - Processing file /home/airflow/.local/lib/python3.8/site-packages/airflow/example_dags/tutorial_dag.py for tasks to queue
[2024-02-05T17:03:23.139+0000] {logging_mixin.py:188} INFO - [2024-02-05T17:03:23.138+0000] {dagbag.py:538} INFO - Filling up the DagBag from /home/airflow/.local/lib/python3.8/site-packages/airflow/example_dags/tutorial_dag.py
[2024-02-05T17:03:23.150+0000] {processor.py:840} INFO - DAG(s) 'tutorial_dag' retrieved from /home/airflow/.local/lib/python3.8/site-packages/airflow/example_dags/tutorial_dag.py
[2024-02-05T17:03:23.174+0000] {logging_mixin.py:188} INFO - [2024-02-05T17:03:23.174+0000] {dag.py:3036} INFO - Sync 1 DAGs
[2024-02-05T17:03:23.184+0000] {logging_mixin.py:188} INFO - [2024-02-05T17:03:23.184+0000] {dag.py:3823} INFO - Setting next_dagrun for tutorial_dag to None, run_after=None
[2024-02-05T17:03:23.199+0000] {processor.py:183} INFO - Processing /home/airflow/.local/lib/python3.8/site-packages/airflow/example_dags/tutorial_dag.py took 0.076 seconds
[2024-02-05T17:03:53.793+0000] {processor.py:161} INFO - Started process (PID=1107) to work on /home/airflow/.local/lib/python3.8/site-packages/airflow/example_dags/tutorial_dag.py
[2024-02-05T17:03:53.799+0000] {processor.py:830} INFO - Processing file /home/airflow/.local/lib/python3.8/site-packages/airflow/example_dags/tutorial_dag.py for tasks to queue
[2024-02-05T17:03:53.803+0000] {logging_mixin.py:188} INFO - [2024-02-05T17:03:53.803+0000] {dagbag.py:538} INFO - Filling up the DagBag from /home/airflow/.local/lib/python3.8/site-packages/airflow/example_dags/tutorial_dag.py
[2024-02-05T17:03:53.827+0000] {processor.py:840} INFO - DAG(s) 'tutorial_dag' retrieved from /home/airflow/.local/lib/python3.8/site-packages/airflow/example_dags/tutorial_dag.py
[2024-02-05T17:03:53.895+0000] {logging_mixin.py:188} INFO - [2024-02-05T17:03:53.895+0000] {dag.py:3036} INFO - Sync 1 DAGs
[2024-02-05T17:03:53.917+0000] {logging_mixin.py:188} INFO - [2024-02-05T17:03:53.917+0000] {dag.py:3823} INFO - Setting next_dagrun for tutorial_dag to None, run_after=None
[2024-02-05T17:03:53.942+0000] {processor.py:183} INFO - Processing /home/airflow/.local/lib/python3.8/site-packages/airflow/example_dags/tutorial_dag.py took 0.163 seconds
[2024-02-05T17:04:24.598+0000] {processor.py:161} INFO - Started process (PID=1170) to work on /home/airflow/.local/lib/python3.8/site-packages/airflow/example_dags/tutorial_dag.py
[2024-02-05T17:04:24.600+0000] {processor.py:830} INFO - Processing file /home/airflow/.local/lib/python3.8/site-packages/airflow/example_dags/tutorial_dag.py for tasks to queue
[2024-02-05T17:04:24.602+0000] {logging_mixin.py:188} INFO - [2024-02-05T17:04:24.602+0000] {dagbag.py:538} INFO - Filling up the DagBag from /home/airflow/.local/lib/python3.8/site-packages/airflow/example_dags/tutorial_dag.py
[2024-02-05T17:04:24.606+0000] {processor.py:840} INFO - DAG(s) 'tutorial_dag' retrieved from /home/airflow/.local/lib/python3.8/site-packages/airflow/example_dags/tutorial_dag.py
[2024-02-05T17:04:24.621+0000] {logging_mixin.py:188} INFO - [2024-02-05T17:04:24.621+0000] {dag.py:3036} INFO - Sync 1 DAGs
[2024-02-05T17:04:24.629+0000] {logging_mixin.py:188} INFO - [2024-02-05T17:04:24.629+0000] {dag.py:3823} INFO - Setting next_dagrun for tutorial_dag to None, run_after=None
[2024-02-05T17:04:24.641+0000] {processor.py:183} INFO - Processing /home/airflow/.local/lib/python3.8/site-packages/airflow/example_dags/tutorial_dag.py took 0.045 seconds
[2024-02-05T17:04:54.906+0000] {processor.py:161} INFO - Started process (PID=1227) to work on /home/airflow/.local/lib/python3.8/site-packages/airflow/example_dags/tutorial_dag.py
[2024-02-05T17:04:54.908+0000] {processor.py:830} INFO - Processing file /home/airflow/.local/lib/python3.8/site-packages/airflow/example_dags/tutorial_dag.py for tasks to queue
[2024-02-05T17:04:54.910+0000] {logging_mixin.py:188} INFO - [2024-02-05T17:04:54.910+0000] {dagbag.py:538} INFO - Filling up the DagBag from /home/airflow/.local/lib/python3.8/site-packages/airflow/example_dags/tutorial_dag.py
[2024-02-05T17:04:54.916+0000] {processor.py:840} INFO - DAG(s) 'tutorial_dag' retrieved from /home/airflow/.local/lib/python3.8/site-packages/airflow/example_dags/tutorial_dag.py
[2024-02-05T17:04:54.934+0000] {logging_mixin.py:188} INFO - [2024-02-05T17:04:54.933+0000] {dag.py:3036} INFO - Sync 1 DAGs
[2024-02-05T17:04:54.945+0000] {logging_mixin.py:188} INFO - [2024-02-05T17:04:54.944+0000] {dag.py:3823} INFO - Setting next_dagrun for tutorial_dag to None, run_after=None
[2024-02-05T17:04:54.990+0000] {processor.py:183} INFO - Processing /home/airflow/.local/lib/python3.8/site-packages/airflow/example_dags/tutorial_dag.py took 0.087 seconds
[2024-02-05T17:05:25.788+0000] {processor.py:161} INFO - Started process (PID=1290) to work on /home/airflow/.local/lib/python3.8/site-packages/airflow/example_dags/tutorial_dag.py
[2024-02-05T17:05:25.790+0000] {processor.py:830} INFO - Processing file /home/airflow/.local/lib/python3.8/site-packages/airflow/example_dags/tutorial_dag.py for tasks to queue
[2024-02-05T17:05:25.793+0000] {logging_mixin.py:188} INFO - [2024-02-05T17:05:25.793+0000] {dagbag.py:538} INFO - Filling up the DagBag from /home/airflow/.local/lib/python3.8/site-packages/airflow/example_dags/tutorial_dag.py
[2024-02-05T17:05:25.800+0000] {processor.py:840} INFO - DAG(s) 'tutorial_dag' retrieved from /home/airflow/.local/lib/python3.8/site-packages/airflow/example_dags/tutorial_dag.py
[2024-02-05T17:05:25.825+0000] {logging_mixin.py:188} INFO - [2024-02-05T17:05:25.825+0000] {dag.py:3036} INFO - Sync 1 DAGs
[2024-02-05T17:05:25.843+0000] {logging_mixin.py:188} INFO - [2024-02-05T17:05:25.842+0000] {dag.py:3823} INFO - Setting next_dagrun for tutorial_dag to None, run_after=None
[2024-02-05T17:05:25.861+0000] {processor.py:183} INFO - Processing /home/airflow/.local/lib/python3.8/site-packages/airflow/example_dags/tutorial_dag.py took 0.077 seconds
[2024-02-05T17:05:55.987+0000] {processor.py:161} INFO - Started process (PID=1346) to work on /home/airflow/.local/lib/python3.8/site-packages/airflow/example_dags/tutorial_dag.py
[2024-02-05T17:05:55.988+0000] {processor.py:830} INFO - Processing file /home/airflow/.local/lib/python3.8/site-packages/airflow/example_dags/tutorial_dag.py for tasks to queue
[2024-02-05T17:05:55.991+0000] {logging_mixin.py:188} INFO - [2024-02-05T17:05:55.990+0000] {dagbag.py:538} INFO - Filling up the DagBag from /home/airflow/.local/lib/python3.8/site-packages/airflow/example_dags/tutorial_dag.py
[2024-02-05T17:05:55.996+0000] {processor.py:840} INFO - DAG(s) 'tutorial_dag' retrieved from /home/airflow/.local/lib/python3.8/site-packages/airflow/example_dags/tutorial_dag.py
[2024-02-05T17:05:56.012+0000] {logging_mixin.py:188} INFO - [2024-02-05T17:05:56.011+0000] {dag.py:3036} INFO - Sync 1 DAGs
[2024-02-05T17:05:56.020+0000] {logging_mixin.py:188} INFO - [2024-02-05T17:05:56.020+0000] {dag.py:3823} INFO - Setting next_dagrun for tutorial_dag to None, run_after=None
[2024-02-05T17:05:56.033+0000] {processor.py:183} INFO - Processing /home/airflow/.local/lib/python3.8/site-packages/airflow/example_dags/tutorial_dag.py took 0.049 seconds
[2024-02-05T17:06:26.389+0000] {processor.py:161} INFO - Started process (PID=1409) to work on /home/airflow/.local/lib/python3.8/site-packages/airflow/example_dags/tutorial_dag.py
[2024-02-05T17:06:26.391+0000] {processor.py:830} INFO - Processing file /home/airflow/.local/lib/python3.8/site-packages/airflow/example_dags/tutorial_dag.py for tasks to queue
[2024-02-05T17:06:26.393+0000] {logging_mixin.py:188} INFO - [2024-02-05T17:06:26.393+0000] {dagbag.py:538} INFO - Filling up the DagBag from /home/airflow/.local/lib/python3.8/site-packages/airflow/example_dags/tutorial_dag.py
[2024-02-05T17:06:26.398+0000] {processor.py:840} INFO - DAG(s) 'tutorial_dag' retrieved from /home/airflow/.local/lib/python3.8/site-packages/airflow/example_dags/tutorial_dag.py
[2024-02-05T17:06:26.416+0000] {logging_mixin.py:188} INFO - [2024-02-05T17:06:26.416+0000] {dag.py:3036} INFO - Sync 1 DAGs
[2024-02-05T17:06:26.424+0000] {logging_mixin.py:188} INFO - [2024-02-05T17:06:26.424+0000] {dag.py:3823} INFO - Setting next_dagrun for tutorial_dag to None, run_after=None
[2024-02-05T17:06:26.436+0000] {processor.py:183} INFO - Processing /home/airflow/.local/lib/python3.8/site-packages/airflow/example_dags/tutorial_dag.py took 0.050 seconds
[2024-02-05T17:06:56.879+0000] {processor.py:161} INFO - Started process (PID=1469) to work on /home/airflow/.local/lib/python3.8/site-packages/airflow/example_dags/tutorial_dag.py
[2024-02-05T17:06:56.880+0000] {processor.py:830} INFO - Processing file /home/airflow/.local/lib/python3.8/site-packages/airflow/example_dags/tutorial_dag.py for tasks to queue
[2024-02-05T17:06:56.883+0000] {logging_mixin.py:188} INFO - [2024-02-05T17:06:56.883+0000] {dagbag.py:538} INFO - Filling up the DagBag from /home/airflow/.local/lib/python3.8/site-packages/airflow/example_dags/tutorial_dag.py
[2024-02-05T17:06:56.888+0000] {processor.py:840} INFO - DAG(s) 'tutorial_dag' retrieved from /home/airflow/.local/lib/python3.8/site-packages/airflow/example_dags/tutorial_dag.py
[2024-02-05T17:06:56.904+0000] {logging_mixin.py:188} INFO - [2024-02-05T17:06:56.904+0000] {dag.py:3036} INFO - Sync 1 DAGs
[2024-02-05T17:06:56.912+0000] {logging_mixin.py:188} INFO - [2024-02-05T17:06:56.912+0000] {dag.py:3823} INFO - Setting next_dagrun for tutorial_dag to None, run_after=None
[2024-02-05T17:06:56.924+0000] {processor.py:183} INFO - Processing /home/airflow/.local/lib/python3.8/site-packages/airflow/example_dags/tutorial_dag.py took 0.048 seconds
[2024-02-05T17:07:27.111+0000] {processor.py:161} INFO - Started process (PID=1534) to work on /home/airflow/.local/lib/python3.8/site-packages/airflow/example_dags/tutorial_dag.py
[2024-02-05T17:07:27.114+0000] {processor.py:830} INFO - Processing file /home/airflow/.local/lib/python3.8/site-packages/airflow/example_dags/tutorial_dag.py for tasks to queue
[2024-02-05T17:07:27.118+0000] {logging_mixin.py:188} INFO - [2024-02-05T17:07:27.117+0000] {dagbag.py:538} INFO - Filling up the DagBag from /home/airflow/.local/lib/python3.8/site-packages/airflow/example_dags/tutorial_dag.py
[2024-02-05T17:07:27.125+0000] {processor.py:840} INFO - DAG(s) 'tutorial_dag' retrieved from /home/airflow/.local/lib/python3.8/site-packages/airflow/example_dags/tutorial_dag.py
[2024-02-05T17:07:27.153+0000] {logging_mixin.py:188} INFO - [2024-02-05T17:07:27.153+0000] {dag.py:3036} INFO - Sync 1 DAGs
[2024-02-05T17:07:27.175+0000] {logging_mixin.py:188} INFO - [2024-02-05T17:07:27.174+0000] {dag.py:3823} INFO - Setting next_dagrun for tutorial_dag to None, run_after=None
[2024-02-05T17:07:27.223+0000] {processor.py:183} INFO - Processing /home/airflow/.local/lib/python3.8/site-packages/airflow/example_dags/tutorial_dag.py took 0.114 seconds
[2024-02-05T17:07:57.720+0000] {processor.py:161} INFO - Started process (PID=1591) to work on /home/airflow/.local/lib/python3.8/site-packages/airflow/example_dags/tutorial_dag.py
[2024-02-05T17:07:57.722+0000] {processor.py:830} INFO - Processing file /home/airflow/.local/lib/python3.8/site-packages/airflow/example_dags/tutorial_dag.py for tasks to queue
[2024-02-05T17:07:57.725+0000] {logging_mixin.py:188} INFO - [2024-02-05T17:07:57.725+0000] {dagbag.py:538} INFO - Filling up the DagBag from /home/airflow/.local/lib/python3.8/site-packages/airflow/example_dags/tutorial_dag.py
[2024-02-05T17:07:57.734+0000] {processor.py:840} INFO - DAG(s) 'tutorial_dag' retrieved from /home/airflow/.local/lib/python3.8/site-packages/airflow/example_dags/tutorial_dag.py
[2024-02-05T17:07:57.756+0000] {logging_mixin.py:188} INFO - [2024-02-05T17:07:57.756+0000] {dag.py:3036} INFO - Sync 1 DAGs
[2024-02-05T17:07:57.769+0000] {logging_mixin.py:188} INFO - [2024-02-05T17:07:57.768+0000] {dag.py:3823} INFO - Setting next_dagrun for tutorial_dag to None, run_after=None
[2024-02-05T17:07:57.794+0000] {processor.py:183} INFO - Processing /home/airflow/.local/lib/python3.8/site-packages/airflow/example_dags/tutorial_dag.py took 0.082 seconds
[2024-02-05T17:08:28.601+0000] {processor.py:161} INFO - Started process (PID=1657) to work on /home/airflow/.local/lib/python3.8/site-packages/airflow/example_dags/tutorial_dag.py
[2024-02-05T17:08:28.603+0000] {processor.py:830} INFO - Processing file /home/airflow/.local/lib/python3.8/site-packages/airflow/example_dags/tutorial_dag.py for tasks to queue
[2024-02-05T17:08:28.606+0000] {logging_mixin.py:188} INFO - [2024-02-05T17:08:28.605+0000] {dagbag.py:538} INFO - Filling up the DagBag from /home/airflow/.local/lib/python3.8/site-packages/airflow/example_dags/tutorial_dag.py
[2024-02-05T17:08:28.611+0000] {processor.py:840} INFO - DAG(s) 'tutorial_dag' retrieved from /home/airflow/.local/lib/python3.8/site-packages/airflow/example_dags/tutorial_dag.py
[2024-02-05T17:08:28.627+0000] {logging_mixin.py:188} INFO - [2024-02-05T17:08:28.627+0000] {dag.py:3036} INFO - Sync 1 DAGs
[2024-02-05T17:08:28.637+0000] {logging_mixin.py:188} INFO - [2024-02-05T17:08:28.637+0000] {dag.py:3823} INFO - Setting next_dagrun for tutorial_dag to None, run_after=None
[2024-02-05T17:08:28.660+0000] {processor.py:183} INFO - Processing /home/airflow/.local/lib/python3.8/site-packages/airflow/example_dags/tutorial_dag.py took 0.061 seconds
[2024-02-05T17:09:00.374+0000] {processor.py:161} INFO - Started process (PID=1715) to work on /home/airflow/.local/lib/python3.8/site-packages/airflow/example_dags/tutorial_dag.py
[2024-02-05T17:09:00.383+0000] {processor.py:830} INFO - Processing file /home/airflow/.local/lib/python3.8/site-packages/airflow/example_dags/tutorial_dag.py for tasks to queue
[2024-02-05T17:09:00.393+0000] {logging_mixin.py:188} INFO - [2024-02-05T17:09:00.392+0000] {dagbag.py:538} INFO - Filling up the DagBag from /home/airflow/.local/lib/python3.8/site-packages/airflow/example_dags/tutorial_dag.py
[2024-02-05T17:09:00.407+0000] {processor.py:840} INFO - DAG(s) 'tutorial_dag' retrieved from /home/airflow/.local/lib/python3.8/site-packages/airflow/example_dags/tutorial_dag.py
[2024-02-05T17:09:00.453+0000] {logging_mixin.py:188} INFO - [2024-02-05T17:09:00.453+0000] {dag.py:3036} INFO - Sync 1 DAGs
[2024-02-05T17:09:00.545+0000] {logging_mixin.py:188} INFO - [2024-02-05T17:09:00.545+0000] {dag.py:3823} INFO - Setting next_dagrun for tutorial_dag to None, run_after=None
[2024-02-05T17:09:00.665+0000] {processor.py:183} INFO - Processing /home/airflow/.local/lib/python3.8/site-packages/airflow/example_dags/tutorial_dag.py took 0.297 seconds
[2024-02-05T17:09:31.359+0000] {processor.py:161} INFO - Started process (PID=1777) to work on /home/airflow/.local/lib/python3.8/site-packages/airflow/example_dags/tutorial_dag.py
[2024-02-05T17:09:31.361+0000] {processor.py:830} INFO - Processing file /home/airflow/.local/lib/python3.8/site-packages/airflow/example_dags/tutorial_dag.py for tasks to queue
[2024-02-05T17:09:31.363+0000] {logging_mixin.py:188} INFO - [2024-02-05T17:09:31.362+0000] {dagbag.py:538} INFO - Filling up the DagBag from /home/airflow/.local/lib/python3.8/site-packages/airflow/example_dags/tutorial_dag.py
[2024-02-05T17:09:31.367+0000] {processor.py:840} INFO - DAG(s) 'tutorial_dag' retrieved from /home/airflow/.local/lib/python3.8/site-packages/airflow/example_dags/tutorial_dag.py
[2024-02-05T17:09:31.382+0000] {logging_mixin.py:188} INFO - [2024-02-05T17:09:31.382+0000] {dag.py:3036} INFO - Sync 1 DAGs
[2024-02-05T17:09:31.391+0000] {logging_mixin.py:188} INFO - [2024-02-05T17:09:31.391+0000] {dag.py:3823} INFO - Setting next_dagrun for tutorial_dag to None, run_after=None
[2024-02-05T17:09:31.403+0000] {processor.py:183} INFO - Processing /home/airflow/.local/lib/python3.8/site-packages/airflow/example_dags/tutorial_dag.py took 0.046 seconds
[2024-02-05T17:10:02.671+0000] {processor.py:161} INFO - Started process (PID=1839) to work on /home/airflow/.local/lib/python3.8/site-packages/airflow/example_dags/tutorial_dag.py
[2024-02-05T17:10:02.675+0000] {processor.py:830} INFO - Processing file /home/airflow/.local/lib/python3.8/site-packages/airflow/example_dags/tutorial_dag.py for tasks to queue
[2024-02-05T17:10:02.681+0000] {logging_mixin.py:188} INFO - [2024-02-05T17:10:02.681+0000] {dagbag.py:538} INFO - Filling up the DagBag from /home/airflow/.local/lib/python3.8/site-packages/airflow/example_dags/tutorial_dag.py
[2024-02-05T17:10:02.695+0000] {processor.py:840} INFO - DAG(s) 'tutorial_dag' retrieved from /home/airflow/.local/lib/python3.8/site-packages/airflow/example_dags/tutorial_dag.py
[2024-02-05T17:10:02.776+0000] {logging_mixin.py:188} INFO - [2024-02-05T17:10:02.776+0000] {dag.py:3036} INFO - Sync 1 DAGs
[2024-02-05T17:10:02.815+0000] {logging_mixin.py:188} INFO - [2024-02-05T17:10:02.814+0000] {dag.py:3823} INFO - Setting next_dagrun for tutorial_dag to None, run_after=None
[2024-02-05T17:10:02.890+0000] {processor.py:183} INFO - Processing /home/airflow/.local/lib/python3.8/site-packages/airflow/example_dags/tutorial_dag.py took 0.230 seconds
[2024-02-05T17:10:33.794+0000] {processor.py:161} INFO - Started process (PID=1897) to work on /home/airflow/.local/lib/python3.8/site-packages/airflow/example_dags/tutorial_dag.py
[2024-02-05T17:10:33.796+0000] {processor.py:830} INFO - Processing file /home/airflow/.local/lib/python3.8/site-packages/airflow/example_dags/tutorial_dag.py for tasks to queue
[2024-02-05T17:10:33.798+0000] {logging_mixin.py:188} INFO - [2024-02-05T17:10:33.798+0000] {dagbag.py:538} INFO - Filling up the DagBag from /home/airflow/.local/lib/python3.8/site-packages/airflow/example_dags/tutorial_dag.py
[2024-02-05T17:10:33.804+0000] {processor.py:840} INFO - DAG(s) 'tutorial_dag' retrieved from /home/airflow/.local/lib/python3.8/site-packages/airflow/example_dags/tutorial_dag.py
[2024-02-05T17:10:33.823+0000] {logging_mixin.py:188} INFO - [2024-02-05T17:10:33.823+0000] {dag.py:3036} INFO - Sync 1 DAGs
[2024-02-05T17:10:33.832+0000] {logging_mixin.py:188} INFO - [2024-02-05T17:10:33.832+0000] {dag.py:3823} INFO - Setting next_dagrun for tutorial_dag to None, run_after=None
[2024-02-05T17:10:33.845+0000] {processor.py:183} INFO - Processing /home/airflow/.local/lib/python3.8/site-packages/airflow/example_dags/tutorial_dag.py took 0.054 seconds
[2024-02-05T17:11:04.476+0000] {processor.py:161} INFO - Started process (PID=1962) to work on /home/airflow/.local/lib/python3.8/site-packages/airflow/example_dags/tutorial_dag.py
[2024-02-05T17:11:04.478+0000] {processor.py:830} INFO - Processing file /home/airflow/.local/lib/python3.8/site-packages/airflow/example_dags/tutorial_dag.py for tasks to queue
[2024-02-05T17:11:04.481+0000] {logging_mixin.py:188} INFO - [2024-02-05T17:11:04.480+0000] {dagbag.py:538} INFO - Filling up the DagBag from /home/airflow/.local/lib/python3.8/site-packages/airflow/example_dags/tutorial_dag.py
[2024-02-05T17:11:04.486+0000] {processor.py:840} INFO - DAG(s) 'tutorial_dag' retrieved from /home/airflow/.local/lib/python3.8/site-packages/airflow/example_dags/tutorial_dag.py
[2024-02-05T17:11:04.503+0000] {logging_mixin.py:188} INFO - [2024-02-05T17:11:04.503+0000] {dag.py:3036} INFO - Sync 1 DAGs
[2024-02-05T17:11:04.514+0000] {logging_mixin.py:188} INFO - [2024-02-05T17:11:04.513+0000] {dag.py:3823} INFO - Setting next_dagrun for tutorial_dag to None, run_after=None
[2024-02-05T17:11:04.527+0000] {processor.py:183} INFO - Processing /home/airflow/.local/lib/python3.8/site-packages/airflow/example_dags/tutorial_dag.py took 0.053 seconds
[2024-02-05T17:11:34.657+0000] {processor.py:161} INFO - Started process (PID=2019) to work on /home/airflow/.local/lib/python3.8/site-packages/airflow/example_dags/tutorial_dag.py
[2024-02-05T17:11:34.659+0000] {processor.py:830} INFO - Processing file /home/airflow/.local/lib/python3.8/site-packages/airflow/example_dags/tutorial_dag.py for tasks to queue
[2024-02-05T17:11:34.662+0000] {logging_mixin.py:188} INFO - [2024-02-05T17:11:34.662+0000] {dagbag.py:538} INFO - Filling up the DagBag from /home/airflow/.local/lib/python3.8/site-packages/airflow/example_dags/tutorial_dag.py
[2024-02-05T17:11:34.666+0000] {processor.py:840} INFO - DAG(s) 'tutorial_dag' retrieved from /home/airflow/.local/lib/python3.8/site-packages/airflow/example_dags/tutorial_dag.py
[2024-02-05T17:11:34.684+0000] {logging_mixin.py:188} INFO - [2024-02-05T17:11:34.684+0000] {dag.py:3036} INFO - Sync 1 DAGs
[2024-02-05T17:11:34.697+0000] {logging_mixin.py:188} INFO - [2024-02-05T17:11:34.697+0000] {dag.py:3823} INFO - Setting next_dagrun for tutorial_dag to None, run_after=None
[2024-02-05T17:11:34.711+0000] {processor.py:183} INFO - Processing /home/airflow/.local/lib/python3.8/site-packages/airflow/example_dags/tutorial_dag.py took 0.057 seconds
[2024-02-05T17:12:05.344+0000] {processor.py:161} INFO - Started process (PID=2081) to work on /home/airflow/.local/lib/python3.8/site-packages/airflow/example_dags/tutorial_dag.py
[2024-02-05T17:12:05.348+0000] {processor.py:830} INFO - Processing file /home/airflow/.local/lib/python3.8/site-packages/airflow/example_dags/tutorial_dag.py for tasks to queue
[2024-02-05T17:12:05.351+0000] {logging_mixin.py:188} INFO - [2024-02-05T17:12:05.351+0000] {dagbag.py:538} INFO - Filling up the DagBag from /home/airflow/.local/lib/python3.8/site-packages/airflow/example_dags/tutorial_dag.py
[2024-02-05T17:12:05.359+0000] {processor.py:840} INFO - DAG(s) 'tutorial_dag' retrieved from /home/airflow/.local/lib/python3.8/site-packages/airflow/example_dags/tutorial_dag.py
[2024-02-05T17:12:05.376+0000] {logging_mixin.py:188} INFO - [2024-02-05T17:12:05.376+0000] {dag.py:3036} INFO - Sync 1 DAGs
[2024-02-05T17:12:05.386+0000] {logging_mixin.py:188} INFO - [2024-02-05T17:12:05.386+0000] {dag.py:3823} INFO - Setting next_dagrun for tutorial_dag to None, run_after=None
[2024-02-05T17:12:05.399+0000] {processor.py:183} INFO - Processing /home/airflow/.local/lib/python3.8/site-packages/airflow/example_dags/tutorial_dag.py took 0.060 seconds
[2024-02-05T17:12:36.252+0000] {processor.py:161} INFO - Started process (PID=2140) to work on /home/airflow/.local/lib/python3.8/site-packages/airflow/example_dags/tutorial_dag.py
[2024-02-05T17:12:36.254+0000] {processor.py:830} INFO - Processing file /home/airflow/.local/lib/python3.8/site-packages/airflow/example_dags/tutorial_dag.py for tasks to queue
[2024-02-05T17:12:36.258+0000] {logging_mixin.py:188} INFO - [2024-02-05T17:12:36.257+0000] {dagbag.py:538} INFO - Filling up the DagBag from /home/airflow/.local/lib/python3.8/site-packages/airflow/example_dags/tutorial_dag.py
[2024-02-05T17:12:36.265+0000] {processor.py:840} INFO - DAG(s) 'tutorial_dag' retrieved from /home/airflow/.local/lib/python3.8/site-packages/airflow/example_dags/tutorial_dag.py
[2024-02-05T17:12:36.281+0000] {logging_mixin.py:188} INFO - [2024-02-05T17:12:36.280+0000] {dag.py:3036} INFO - Sync 1 DAGs
[2024-02-05T17:12:36.288+0000] {logging_mixin.py:188} INFO - [2024-02-05T17:12:36.288+0000] {dag.py:3823} INFO - Setting next_dagrun for tutorial_dag to None, run_after=None
[2024-02-05T17:12:36.302+0000] {processor.py:183} INFO - Processing /home/airflow/.local/lib/python3.8/site-packages/airflow/example_dags/tutorial_dag.py took 0.053 seconds
[2024-02-05T17:13:06.928+0000] {processor.py:161} INFO - Started process (PID=2201) to work on /home/airflow/.local/lib/python3.8/site-packages/airflow/example_dags/tutorial_dag.py
[2024-02-05T17:13:06.934+0000] {processor.py:830} INFO - Processing file /home/airflow/.local/lib/python3.8/site-packages/airflow/example_dags/tutorial_dag.py for tasks to queue
[2024-02-05T17:13:06.937+0000] {logging_mixin.py:188} INFO - [2024-02-05T17:13:06.937+0000] {dagbag.py:538} INFO - Filling up the DagBag from /home/airflow/.local/lib/python3.8/site-packages/airflow/example_dags/tutorial_dag.py
[2024-02-05T17:13:06.947+0000] {processor.py:840} INFO - DAG(s) 'tutorial_dag' retrieved from /home/airflow/.local/lib/python3.8/site-packages/airflow/example_dags/tutorial_dag.py
[2024-02-05T17:13:06.968+0000] {logging_mixin.py:188} INFO - [2024-02-05T17:13:06.968+0000] {dag.py:3036} INFO - Sync 1 DAGs
[2024-02-05T17:13:06.978+0000] {logging_mixin.py:188} INFO - [2024-02-05T17:13:06.978+0000] {dag.py:3823} INFO - Setting next_dagrun for tutorial_dag to None, run_after=None
[2024-02-05T17:13:06.993+0000] {processor.py:183} INFO - Processing /home/airflow/.local/lib/python3.8/site-packages/airflow/example_dags/tutorial_dag.py took 0.070 seconds
[2024-02-05T17:13:37.224+0000] {processor.py:161} INFO - Started process (PID=2258) to work on /home/airflow/.local/lib/python3.8/site-packages/airflow/example_dags/tutorial_dag.py
[2024-02-05T17:13:37.226+0000] {processor.py:830} INFO - Processing file /home/airflow/.local/lib/python3.8/site-packages/airflow/example_dags/tutorial_dag.py for tasks to queue
[2024-02-05T17:13:37.229+0000] {logging_mixin.py:188} INFO - [2024-02-05T17:13:37.228+0000] {dagbag.py:538} INFO - Filling up the DagBag from /home/airflow/.local/lib/python3.8/site-packages/airflow/example_dags/tutorial_dag.py
[2024-02-05T17:13:37.236+0000] {processor.py:840} INFO - DAG(s) 'tutorial_dag' retrieved from /home/airflow/.local/lib/python3.8/site-packages/airflow/example_dags/tutorial_dag.py
[2024-02-05T17:13:37.256+0000] {logging_mixin.py:188} INFO - [2024-02-05T17:13:37.255+0000] {dag.py:3036} INFO - Sync 1 DAGs
[2024-02-05T17:13:37.265+0000] {logging_mixin.py:188} INFO - [2024-02-05T17:13:37.264+0000] {dag.py:3823} INFO - Setting next_dagrun for tutorial_dag to None, run_after=None
[2024-02-05T17:13:37.278+0000] {processor.py:183} INFO - Processing /home/airflow/.local/lib/python3.8/site-packages/airflow/example_dags/tutorial_dag.py took 0.058 seconds
[2024-02-05T17:14:10.273+0000] {processor.py:161} INFO - Started process (PID=2319) to work on /home/airflow/.local/lib/python3.8/site-packages/airflow/example_dags/tutorial_dag.py
[2024-02-05T17:14:10.278+0000] {processor.py:830} INFO - Processing file /home/airflow/.local/lib/python3.8/site-packages/airflow/example_dags/tutorial_dag.py for tasks to queue
[2024-02-05T17:14:10.286+0000] {logging_mixin.py:188} INFO - [2024-02-05T17:14:10.285+0000] {dagbag.py:538} INFO - Filling up the DagBag from /home/airflow/.local/lib/python3.8/site-packages/airflow/example_dags/tutorial_dag.py
[2024-02-05T17:14:10.304+0000] {processor.py:840} INFO - DAG(s) 'tutorial_dag' retrieved from /home/airflow/.local/lib/python3.8/site-packages/airflow/example_dags/tutorial_dag.py
[2024-02-05T17:14:10.346+0000] {logging_mixin.py:188} INFO - [2024-02-05T17:14:10.345+0000] {dag.py:3036} INFO - Sync 1 DAGs
[2024-02-05T17:14:10.372+0000] {logging_mixin.py:188} INFO - [2024-02-05T17:14:10.372+0000] {dag.py:3823} INFO - Setting next_dagrun for tutorial_dag to None, run_after=None
[2024-02-05T17:14:10.405+0000] {processor.py:183} INFO - Processing /home/airflow/.local/lib/python3.8/site-packages/airflow/example_dags/tutorial_dag.py took 0.144 seconds
[2024-02-05T17:14:41.197+0000] {processor.py:161} INFO - Started process (PID=2375) to work on /home/airflow/.local/lib/python3.8/site-packages/airflow/example_dags/tutorial_dag.py
[2024-02-05T17:14:41.200+0000] {processor.py:830} INFO - Processing file /home/airflow/.local/lib/python3.8/site-packages/airflow/example_dags/tutorial_dag.py for tasks to queue
[2024-02-05T17:14:41.205+0000] {logging_mixin.py:188} INFO - [2024-02-05T17:14:41.205+0000] {dagbag.py:538} INFO - Filling up the DagBag from /home/airflow/.local/lib/python3.8/site-packages/airflow/example_dags/tutorial_dag.py
[2024-02-05T17:14:41.216+0000] {processor.py:840} INFO - DAG(s) 'tutorial_dag' retrieved from /home/airflow/.local/lib/python3.8/site-packages/airflow/example_dags/tutorial_dag.py
[2024-02-05T17:14:41.246+0000] {logging_mixin.py:188} INFO - [2024-02-05T17:14:41.246+0000] {dag.py:3036} INFO - Sync 1 DAGs
[2024-02-05T17:14:41.263+0000] {logging_mixin.py:188} INFO - [2024-02-05T17:14:41.262+0000] {dag.py:3823} INFO - Setting next_dagrun for tutorial_dag to None, run_after=None
[2024-02-05T17:14:41.295+0000] {processor.py:183} INFO - Processing /home/airflow/.local/lib/python3.8/site-packages/airflow/example_dags/tutorial_dag.py took 0.104 seconds
[2024-02-05T17:15:12.208+0000] {processor.py:161} INFO - Started process (PID=2437) to work on /home/airflow/.local/lib/python3.8/site-packages/airflow/example_dags/tutorial_dag.py
[2024-02-05T17:15:12.210+0000] {processor.py:830} INFO - Processing file /home/airflow/.local/lib/python3.8/site-packages/airflow/example_dags/tutorial_dag.py for tasks to queue
[2024-02-05T17:15:12.213+0000] {logging_mixin.py:188} INFO - [2024-02-05T17:15:12.212+0000] {dagbag.py:538} INFO - Filling up the DagBag from /home/airflow/.local/lib/python3.8/site-packages/airflow/example_dags/tutorial_dag.py
[2024-02-05T17:15:12.221+0000] {processor.py:840} INFO - DAG(s) 'tutorial_dag' retrieved from /home/airflow/.local/lib/python3.8/site-packages/airflow/example_dags/tutorial_dag.py
[2024-02-05T17:15:12.247+0000] {logging_mixin.py:188} INFO - [2024-02-05T17:15:12.247+0000] {dag.py:3036} INFO - Sync 1 DAGs
[2024-02-05T17:15:12.264+0000] {logging_mixin.py:188} INFO - [2024-02-05T17:15:12.264+0000] {dag.py:3823} INFO - Setting next_dagrun for tutorial_dag to None, run_after=None
[2024-02-05T17:15:12.280+0000] {processor.py:183} INFO - Processing /home/airflow/.local/lib/python3.8/site-packages/airflow/example_dags/tutorial_dag.py took 0.077 seconds
[2024-02-05T17:15:42.418+0000] {processor.py:161} INFO - Started process (PID=2493) to work on /home/airflow/.local/lib/python3.8/site-packages/airflow/example_dags/tutorial_dag.py
[2024-02-05T17:15:42.421+0000] {processor.py:830} INFO - Processing file /home/airflow/.local/lib/python3.8/site-packages/airflow/example_dags/tutorial_dag.py for tasks to queue
[2024-02-05T17:15:42.424+0000] {logging_mixin.py:188} INFO - [2024-02-05T17:15:42.424+0000] {dagbag.py:538} INFO - Filling up the DagBag from /home/airflow/.local/lib/python3.8/site-packages/airflow/example_dags/tutorial_dag.py
[2024-02-05T17:15:42.431+0000] {processor.py:840} INFO - DAG(s) 'tutorial_dag' retrieved from /home/airflow/.local/lib/python3.8/site-packages/airflow/example_dags/tutorial_dag.py
[2024-02-05T17:15:42.451+0000] {logging_mixin.py:188} INFO - [2024-02-05T17:15:42.451+0000] {dag.py:3036} INFO - Sync 1 DAGs
[2024-02-05T17:15:42.461+0000] {logging_mixin.py:188} INFO - [2024-02-05T17:15:42.461+0000] {dag.py:3823} INFO - Setting next_dagrun for tutorial_dag to None, run_after=None
[2024-02-05T17:15:42.472+0000] {processor.py:183} INFO - Processing /home/airflow/.local/lib/python3.8/site-packages/airflow/example_dags/tutorial_dag.py took 0.058 seconds
[2024-02-05T17:16:12.777+0000] {processor.py:161} INFO - Started process (PID=2555) to work on /home/airflow/.local/lib/python3.8/site-packages/airflow/example_dags/tutorial_dag.py
[2024-02-05T17:16:12.781+0000] {processor.py:830} INFO - Processing file /home/airflow/.local/lib/python3.8/site-packages/airflow/example_dags/tutorial_dag.py for tasks to queue
[2024-02-05T17:16:12.787+0000] {logging_mixin.py:188} INFO - [2024-02-05T17:16:12.787+0000] {dagbag.py:538} INFO - Filling up the DagBag from /home/airflow/.local/lib/python3.8/site-packages/airflow/example_dags/tutorial_dag.py
[2024-02-05T17:16:12.795+0000] {processor.py:840} INFO - DAG(s) 'tutorial_dag' retrieved from /home/airflow/.local/lib/python3.8/site-packages/airflow/example_dags/tutorial_dag.py
[2024-02-05T17:16:12.815+0000] {logging_mixin.py:188} INFO - [2024-02-05T17:16:12.815+0000] {dag.py:3036} INFO - Sync 1 DAGs
[2024-02-05T17:16:12.825+0000] {logging_mixin.py:188} INFO - [2024-02-05T17:16:12.825+0000] {dag.py:3823} INFO - Setting next_dagrun for tutorial_dag to None, run_after=None
[2024-02-05T17:16:12.838+0000] {processor.py:183} INFO - Processing /home/airflow/.local/lib/python3.8/site-packages/airflow/example_dags/tutorial_dag.py took 0.069 seconds
[2024-02-05T17:16:42.922+0000] {processor.py:161} INFO - Started process (PID=2612) to work on /home/airflow/.local/lib/python3.8/site-packages/airflow/example_dags/tutorial_dag.py
[2024-02-05T17:16:42.925+0000] {processor.py:830} INFO - Processing file /home/airflow/.local/lib/python3.8/site-packages/airflow/example_dags/tutorial_dag.py for tasks to queue
[2024-02-05T17:16:42.929+0000] {logging_mixin.py:188} INFO - [2024-02-05T17:16:42.928+0000] {dagbag.py:538} INFO - Filling up the DagBag from /home/airflow/.local/lib/python3.8/site-packages/airflow/example_dags/tutorial_dag.py
[2024-02-05T17:16:42.936+0000] {processor.py:840} INFO - DAG(s) 'tutorial_dag' retrieved from /home/airflow/.local/lib/python3.8/site-packages/airflow/example_dags/tutorial_dag.py
[2024-02-05T17:16:42.961+0000] {logging_mixin.py:188} INFO - [2024-02-05T17:16:42.961+0000] {dag.py:3036} INFO - Sync 1 DAGs
[2024-02-05T17:16:42.970+0000] {logging_mixin.py:188} INFO - [2024-02-05T17:16:42.970+0000] {dag.py:3823} INFO - Setting next_dagrun for tutorial_dag to None, run_after=None
[2024-02-05T17:16:42.981+0000] {processor.py:183} INFO - Processing /home/airflow/.local/lib/python3.8/site-packages/airflow/example_dags/tutorial_dag.py took 0.063 seconds
[2024-02-05T17:17:13.090+0000] {processor.py:161} INFO - Started process (PID=2676) to work on /home/airflow/.local/lib/python3.8/site-packages/airflow/example_dags/tutorial_dag.py
[2024-02-05T17:17:13.093+0000] {processor.py:830} INFO - Processing file /home/airflow/.local/lib/python3.8/site-packages/airflow/example_dags/tutorial_dag.py for tasks to queue
[2024-02-05T17:17:13.098+0000] {logging_mixin.py:188} INFO - [2024-02-05T17:17:13.097+0000] {dagbag.py:538} INFO - Filling up the DagBag from /home/airflow/.local/lib/python3.8/site-packages/airflow/example_dags/tutorial_dag.py
[2024-02-05T17:17:13.107+0000] {processor.py:840} INFO - DAG(s) 'tutorial_dag' retrieved from /home/airflow/.local/lib/python3.8/site-packages/airflow/example_dags/tutorial_dag.py
[2024-02-05T17:17:13.131+0000] {logging_mixin.py:188} INFO - [2024-02-05T17:17:13.131+0000] {dag.py:3036} INFO - Sync 1 DAGs
[2024-02-05T17:17:13.140+0000] {logging_mixin.py:188} INFO - [2024-02-05T17:17:13.140+0000] {dag.py:3823} INFO - Setting next_dagrun for tutorial_dag to None, run_after=None
[2024-02-05T17:17:13.154+0000] {processor.py:183} INFO - Processing /home/airflow/.local/lib/python3.8/site-packages/airflow/example_dags/tutorial_dag.py took 0.072 seconds
[2024-02-05T17:17:43.473+0000] {processor.py:161} INFO - Started process (PID=2732) to work on /home/airflow/.local/lib/python3.8/site-packages/airflow/example_dags/tutorial_dag.py
[2024-02-05T17:17:43.482+0000] {processor.py:830} INFO - Processing file /home/airflow/.local/lib/python3.8/site-packages/airflow/example_dags/tutorial_dag.py for tasks to queue
[2024-02-05T17:17:43.493+0000] {logging_mixin.py:188} INFO - [2024-02-05T17:17:43.492+0000] {dagbag.py:538} INFO - Filling up the DagBag from /home/airflow/.local/lib/python3.8/site-packages/airflow/example_dags/tutorial_dag.py
[2024-02-05T17:17:43.672+0000] {processor.py:840} INFO - DAG(s) 'tutorial_dag' retrieved from /home/airflow/.local/lib/python3.8/site-packages/airflow/example_dags/tutorial_dag.py
[2024-02-05T17:17:43.974+0000] {logging_mixin.py:188} INFO - [2024-02-05T17:17:43.972+0000] {dag.py:3036} INFO - Sync 1 DAGs
[2024-02-05T17:17:44.027+0000] {logging_mixin.py:188} INFO - [2024-02-05T17:17:44.027+0000] {dag.py:3823} INFO - Setting next_dagrun for tutorial_dag to None, run_after=None
[2024-02-05T17:17:44.095+0000] {processor.py:183} INFO - Processing /home/airflow/.local/lib/python3.8/site-packages/airflow/example_dags/tutorial_dag.py took 0.634 seconds
[2024-02-05T17:18:14.678+0000] {processor.py:161} INFO - Started process (PID=2794) to work on /home/airflow/.local/lib/python3.8/site-packages/airflow/example_dags/tutorial_dag.py
[2024-02-05T17:18:14.699+0000] {processor.py:830} INFO - Processing file /home/airflow/.local/lib/python3.8/site-packages/airflow/example_dags/tutorial_dag.py for tasks to queue
[2024-02-05T17:18:14.744+0000] {logging_mixin.py:188} INFO - [2024-02-05T17:18:14.741+0000] {dagbag.py:538} INFO - Filling up the DagBag from /home/airflow/.local/lib/python3.8/site-packages/airflow/example_dags/tutorial_dag.py
[2024-02-05T17:18:14.825+0000] {processor.py:840} INFO - DAG(s) 'tutorial_dag' retrieved from /home/airflow/.local/lib/python3.8/site-packages/airflow/example_dags/tutorial_dag.py
[2024-02-05T17:18:14.947+0000] {logging_mixin.py:188} INFO - [2024-02-05T17:18:14.946+0000] {dag.py:3036} INFO - Sync 1 DAGs
[2024-02-05T17:18:15.005+0000] {logging_mixin.py:188} INFO - [2024-02-05T17:18:15.004+0000] {dag.py:3823} INFO - Setting next_dagrun for tutorial_dag to None, run_after=None
[2024-02-05T17:18:15.036+0000] {processor.py:183} INFO - Processing /home/airflow/.local/lib/python3.8/site-packages/airflow/example_dags/tutorial_dag.py took 0.412 seconds
[2024-02-05T17:18:45.142+0000] {processor.py:161} INFO - Started process (PID=2853) to work on /home/airflow/.local/lib/python3.8/site-packages/airflow/example_dags/tutorial_dag.py
[2024-02-05T17:18:45.144+0000] {processor.py:830} INFO - Processing file /home/airflow/.local/lib/python3.8/site-packages/airflow/example_dags/tutorial_dag.py for tasks to queue
[2024-02-05T17:18:45.147+0000] {logging_mixin.py:188} INFO - [2024-02-05T17:18:45.147+0000] {dagbag.py:538} INFO - Filling up the DagBag from /home/airflow/.local/lib/python3.8/site-packages/airflow/example_dags/tutorial_dag.py
[2024-02-05T17:18:45.155+0000] {processor.py:840} INFO - DAG(s) 'tutorial_dag' retrieved from /home/airflow/.local/lib/python3.8/site-packages/airflow/example_dags/tutorial_dag.py
[2024-02-05T17:18:45.179+0000] {logging_mixin.py:188} INFO - [2024-02-05T17:18:45.179+0000] {dag.py:3036} INFO - Sync 1 DAGs
[2024-02-05T17:18:45.192+0000] {logging_mixin.py:188} INFO - [2024-02-05T17:18:45.192+0000] {dag.py:3823} INFO - Setting next_dagrun for tutorial_dag to None, run_after=None
[2024-02-05T17:18:45.211+0000] {processor.py:183} INFO - Processing /home/airflow/.local/lib/python3.8/site-packages/airflow/example_dags/tutorial_dag.py took 0.072 seconds
[2024-02-05T17:19:16.157+0000] {processor.py:161} INFO - Started process (PID=2915) to work on /home/airflow/.local/lib/python3.8/site-packages/airflow/example_dags/tutorial_dag.py
[2024-02-05T17:19:16.163+0000] {processor.py:830} INFO - Processing file /home/airflow/.local/lib/python3.8/site-packages/airflow/example_dags/tutorial_dag.py for tasks to queue
[2024-02-05T17:19:16.171+0000] {logging_mixin.py:188} INFO - [2024-02-05T17:19:16.170+0000] {dagbag.py:538} INFO - Filling up the DagBag from /home/airflow/.local/lib/python3.8/site-packages/airflow/example_dags/tutorial_dag.py
[2024-02-05T17:19:16.191+0000] {processor.py:840} INFO - DAG(s) 'tutorial_dag' retrieved from /home/airflow/.local/lib/python3.8/site-packages/airflow/example_dags/tutorial_dag.py
[2024-02-05T17:19:16.273+0000] {logging_mixin.py:188} INFO - [2024-02-05T17:19:16.272+0000] {dag.py:3036} INFO - Sync 1 DAGs
[2024-02-05T17:19:16.297+0000] {logging_mixin.py:188} INFO - [2024-02-05T17:19:16.297+0000] {dag.py:3823} INFO - Setting next_dagrun for tutorial_dag to None, run_after=None
[2024-02-05T17:19:16.351+0000] {processor.py:183} INFO - Processing /home/airflow/.local/lib/python3.8/site-packages/airflow/example_dags/tutorial_dag.py took 0.203 seconds
[2024-02-05T17:19:46.609+0000] {processor.py:161} INFO - Started process (PID=2971) to work on /home/airflow/.local/lib/python3.8/site-packages/airflow/example_dags/tutorial_dag.py
[2024-02-05T17:19:46.611+0000] {processor.py:830} INFO - Processing file /home/airflow/.local/lib/python3.8/site-packages/airflow/example_dags/tutorial_dag.py for tasks to queue
[2024-02-05T17:19:46.614+0000] {logging_mixin.py:188} INFO - [2024-02-05T17:19:46.614+0000] {dagbag.py:538} INFO - Filling up the DagBag from /home/airflow/.local/lib/python3.8/site-packages/airflow/example_dags/tutorial_dag.py
[2024-02-05T17:19:46.622+0000] {processor.py:840} INFO - DAG(s) 'tutorial_dag' retrieved from /home/airflow/.local/lib/python3.8/site-packages/airflow/example_dags/tutorial_dag.py
[2024-02-05T17:19:46.638+0000] {logging_mixin.py:188} INFO - [2024-02-05T17:19:46.638+0000] {dag.py:3036} INFO - Sync 1 DAGs
[2024-02-05T17:19:46.646+0000] {logging_mixin.py:188} INFO - [2024-02-05T17:19:46.646+0000] {dag.py:3823} INFO - Setting next_dagrun for tutorial_dag to None, run_after=None
[2024-02-05T17:19:46.663+0000] {processor.py:183} INFO - Processing /home/airflow/.local/lib/python3.8/site-packages/airflow/example_dags/tutorial_dag.py took 0.058 seconds
[2024-02-05T17:20:17.120+0000] {processor.py:161} INFO - Started process (PID=3035) to work on /home/airflow/.local/lib/python3.8/site-packages/airflow/example_dags/tutorial_dag.py
[2024-02-05T17:20:17.122+0000] {processor.py:830} INFO - Processing file /home/airflow/.local/lib/python3.8/site-packages/airflow/example_dags/tutorial_dag.py for tasks to queue
[2024-02-05T17:20:17.125+0000] {logging_mixin.py:188} INFO - [2024-02-05T17:20:17.125+0000] {dagbag.py:538} INFO - Filling up the DagBag from /home/airflow/.local/lib/python3.8/site-packages/airflow/example_dags/tutorial_dag.py
[2024-02-05T17:20:17.133+0000] {processor.py:840} INFO - DAG(s) 'tutorial_dag' retrieved from /home/airflow/.local/lib/python3.8/site-packages/airflow/example_dags/tutorial_dag.py
[2024-02-05T17:20:17.158+0000] {logging_mixin.py:188} INFO - [2024-02-05T17:20:17.157+0000] {dag.py:3036} INFO - Sync 1 DAGs
[2024-02-05T17:20:17.168+0000] {logging_mixin.py:188} INFO - [2024-02-05T17:20:17.168+0000] {dag.py:3823} INFO - Setting next_dagrun for tutorial_dag to None, run_after=None
[2024-02-05T17:20:17.186+0000] {processor.py:183} INFO - Processing /home/airflow/.local/lib/python3.8/site-packages/airflow/example_dags/tutorial_dag.py took 0.069 seconds
[2024-02-05T17:20:47.512+0000] {processor.py:161} INFO - Started process (PID=3092) to work on /home/airflow/.local/lib/python3.8/site-packages/airflow/example_dags/tutorial_dag.py
[2024-02-05T17:20:47.514+0000] {processor.py:830} INFO - Processing file /home/airflow/.local/lib/python3.8/site-packages/airflow/example_dags/tutorial_dag.py for tasks to queue
[2024-02-05T17:20:47.521+0000] {logging_mixin.py:188} INFO - [2024-02-05T17:20:47.521+0000] {dagbag.py:538} INFO - Filling up the DagBag from /home/airflow/.local/lib/python3.8/site-packages/airflow/example_dags/tutorial_dag.py
[2024-02-05T17:20:47.533+0000] {processor.py:840} INFO - DAG(s) 'tutorial_dag' retrieved from /home/airflow/.local/lib/python3.8/site-packages/airflow/example_dags/tutorial_dag.py
[2024-02-05T17:20:47.557+0000] {logging_mixin.py:188} INFO - [2024-02-05T17:20:47.557+0000] {dag.py:3036} INFO - Sync 1 DAGs
[2024-02-05T17:20:47.569+0000] {logging_mixin.py:188} INFO - [2024-02-05T17:20:47.568+0000] {dag.py:3823} INFO - Setting next_dagrun for tutorial_dag to None, run_after=None
[2024-02-05T17:20:47.586+0000] {processor.py:183} INFO - Processing /home/airflow/.local/lib/python3.8/site-packages/airflow/example_dags/tutorial_dag.py took 0.080 seconds
[2024-02-05T17:21:18.180+0000] {processor.py:161} INFO - Started process (PID=3155) to work on /home/airflow/.local/lib/python3.8/site-packages/airflow/example_dags/tutorial_dag.py
[2024-02-05T17:21:18.182+0000] {processor.py:830} INFO - Processing file /home/airflow/.local/lib/python3.8/site-packages/airflow/example_dags/tutorial_dag.py for tasks to queue
[2024-02-05T17:21:18.188+0000] {logging_mixin.py:188} INFO - [2024-02-05T17:21:18.188+0000] {dagbag.py:538} INFO - Filling up the DagBag from /home/airflow/.local/lib/python3.8/site-packages/airflow/example_dags/tutorial_dag.py
[2024-02-05T17:21:18.198+0000] {processor.py:840} INFO - DAG(s) 'tutorial_dag' retrieved from /home/airflow/.local/lib/python3.8/site-packages/airflow/example_dags/tutorial_dag.py
[2024-02-05T17:21:18.325+0000] {logging_mixin.py:188} INFO - [2024-02-05T17:21:18.325+0000] {dag.py:3036} INFO - Sync 1 DAGs
[2024-02-05T17:21:18.332+0000] {logging_mixin.py:188} INFO - [2024-02-05T17:21:18.332+0000] {dag.py:3823} INFO - Setting next_dagrun for tutorial_dag to None, run_after=None
[2024-02-05T17:21:18.344+0000] {processor.py:183} INFO - Processing /home/airflow/.local/lib/python3.8/site-packages/airflow/example_dags/tutorial_dag.py took 0.168 seconds
[2024-02-05T17:21:48.893+0000] {processor.py:161} INFO - Started process (PID=3212) to work on /home/airflow/.local/lib/python3.8/site-packages/airflow/example_dags/tutorial_dag.py
[2024-02-05T17:21:48.895+0000] {processor.py:830} INFO - Processing file /home/airflow/.local/lib/python3.8/site-packages/airflow/example_dags/tutorial_dag.py for tasks to queue
[2024-02-05T17:21:48.898+0000] {logging_mixin.py:188} INFO - [2024-02-05T17:21:48.898+0000] {dagbag.py:538} INFO - Filling up the DagBag from /home/airflow/.local/lib/python3.8/site-packages/airflow/example_dags/tutorial_dag.py
[2024-02-05T17:21:48.907+0000] {processor.py:840} INFO - DAG(s) 'tutorial_dag' retrieved from /home/airflow/.local/lib/python3.8/site-packages/airflow/example_dags/tutorial_dag.py
[2024-02-05T17:21:48.935+0000] {logging_mixin.py:188} INFO - [2024-02-05T17:21:48.935+0000] {dag.py:3036} INFO - Sync 1 DAGs
[2024-02-05T17:21:49.068+0000] {logging_mixin.py:188} INFO - [2024-02-05T17:21:49.068+0000] {dag.py:3823} INFO - Setting next_dagrun for tutorial_dag to None, run_after=None
[2024-02-05T17:21:49.081+0000] {processor.py:183} INFO - Processing /home/airflow/.local/lib/python3.8/site-packages/airflow/example_dags/tutorial_dag.py took 0.192 seconds
[2024-02-05T17:22:19.326+0000] {processor.py:161} INFO - Started process (PID=3274) to work on /home/airflow/.local/lib/python3.8/site-packages/airflow/example_dags/tutorial_dag.py
[2024-02-05T17:22:19.329+0000] {processor.py:830} INFO - Processing file /home/airflow/.local/lib/python3.8/site-packages/airflow/example_dags/tutorial_dag.py for tasks to queue
[2024-02-05T17:22:19.332+0000] {logging_mixin.py:188} INFO - [2024-02-05T17:22:19.332+0000] {dagbag.py:538} INFO - Filling up the DagBag from /home/airflow/.local/lib/python3.8/site-packages/airflow/example_dags/tutorial_dag.py
[2024-02-05T17:22:19.338+0000] {processor.py:840} INFO - DAG(s) 'tutorial_dag' retrieved from /home/airflow/.local/lib/python3.8/site-packages/airflow/example_dags/tutorial_dag.py
[2024-02-05T17:22:19.356+0000] {logging_mixin.py:188} INFO - [2024-02-05T17:22:19.356+0000] {dag.py:3036} INFO - Sync 1 DAGs
[2024-02-05T17:22:19.366+0000] {logging_mixin.py:188} INFO - [2024-02-05T17:22:19.365+0000] {dag.py:3823} INFO - Setting next_dagrun for tutorial_dag to None, run_after=None
[2024-02-05T17:22:19.379+0000] {processor.py:183} INFO - Processing /home/airflow/.local/lib/python3.8/site-packages/airflow/example_dags/tutorial_dag.py took 0.057 seconds
[2024-02-05T17:22:49.854+0000] {processor.py:161} INFO - Started process (PID=3331) to work on /home/airflow/.local/lib/python3.8/site-packages/airflow/example_dags/tutorial_dag.py
[2024-02-05T17:22:49.857+0000] {processor.py:830} INFO - Processing file /home/airflow/.local/lib/python3.8/site-packages/airflow/example_dags/tutorial_dag.py for tasks to queue
[2024-02-05T17:22:49.860+0000] {logging_mixin.py:188} INFO - [2024-02-05T17:22:49.860+0000] {dagbag.py:538} INFO - Filling up the DagBag from /home/airflow/.local/lib/python3.8/site-packages/airflow/example_dags/tutorial_dag.py
[2024-02-05T17:22:49.868+0000] {processor.py:840} INFO - DAG(s) 'tutorial_dag' retrieved from /home/airflow/.local/lib/python3.8/site-packages/airflow/example_dags/tutorial_dag.py
[2024-02-05T17:22:49.890+0000] {logging_mixin.py:188} INFO - [2024-02-05T17:22:49.890+0000] {dag.py:3036} INFO - Sync 1 DAGs
[2024-02-05T17:22:49.902+0000] {logging_mixin.py:188} INFO - [2024-02-05T17:22:49.902+0000] {dag.py:3823} INFO - Setting next_dagrun for tutorial_dag to None, run_after=None
[2024-02-05T17:22:49.919+0000] {processor.py:183} INFO - Processing /home/airflow/.local/lib/python3.8/site-packages/airflow/example_dags/tutorial_dag.py took 0.070 seconds
[2024-02-05T17:23:20.612+0000] {processor.py:161} INFO - Started process (PID=3393) to work on /home/airflow/.local/lib/python3.8/site-packages/airflow/example_dags/tutorial_dag.py
[2024-02-05T17:23:20.615+0000] {processor.py:830} INFO - Processing file /home/airflow/.local/lib/python3.8/site-packages/airflow/example_dags/tutorial_dag.py for tasks to queue
[2024-02-05T17:23:20.619+0000] {logging_mixin.py:188} INFO - [2024-02-05T17:23:20.618+0000] {dagbag.py:538} INFO - Filling up the DagBag from /home/airflow/.local/lib/python3.8/site-packages/airflow/example_dags/tutorial_dag.py
[2024-02-05T17:23:20.627+0000] {processor.py:840} INFO - DAG(s) 'tutorial_dag' retrieved from /home/airflow/.local/lib/python3.8/site-packages/airflow/example_dags/tutorial_dag.py
[2024-02-05T17:23:20.647+0000] {logging_mixin.py:188} INFO - [2024-02-05T17:23:20.647+0000] {dag.py:3036} INFO - Sync 1 DAGs
[2024-02-05T17:23:20.656+0000] {logging_mixin.py:188} INFO - [2024-02-05T17:23:20.656+0000] {dag.py:3823} INFO - Setting next_dagrun for tutorial_dag to None, run_after=None
[2024-02-05T17:23:20.672+0000] {processor.py:183} INFO - Processing /home/airflow/.local/lib/python3.8/site-packages/airflow/example_dags/tutorial_dag.py took 0.067 seconds
[2024-02-05T17:23:50.961+0000] {processor.py:161} INFO - Started process (PID=3450) to work on /home/airflow/.local/lib/python3.8/site-packages/airflow/example_dags/tutorial_dag.py
[2024-02-05T17:23:50.963+0000] {processor.py:830} INFO - Processing file /home/airflow/.local/lib/python3.8/site-packages/airflow/example_dags/tutorial_dag.py for tasks to queue
[2024-02-05T17:23:50.968+0000] {logging_mixin.py:188} INFO - [2024-02-05T17:23:50.967+0000] {dagbag.py:538} INFO - Filling up the DagBag from /home/airflow/.local/lib/python3.8/site-packages/airflow/example_dags/tutorial_dag.py
[2024-02-05T17:23:50.976+0000] {processor.py:840} INFO - DAG(s) 'tutorial_dag' retrieved from /home/airflow/.local/lib/python3.8/site-packages/airflow/example_dags/tutorial_dag.py
[2024-02-05T17:23:50.996+0000] {logging_mixin.py:188} INFO - [2024-02-05T17:23:50.996+0000] {dag.py:3036} INFO - Sync 1 DAGs
[2024-02-05T17:23:51.006+0000] {logging_mixin.py:188} INFO - [2024-02-05T17:23:51.006+0000] {dag.py:3823} INFO - Setting next_dagrun for tutorial_dag to None, run_after=None
[2024-02-05T17:23:51.020+0000] {processor.py:183} INFO - Processing /home/airflow/.local/lib/python3.8/site-packages/airflow/example_dags/tutorial_dag.py took 0.065 seconds
[2024-02-05T17:24:21.123+0000] {processor.py:161} INFO - Started process (PID=3514) to work on /home/airflow/.local/lib/python3.8/site-packages/airflow/example_dags/tutorial_dag.py
[2024-02-05T17:24:21.124+0000] {processor.py:830} INFO - Processing file /home/airflow/.local/lib/python3.8/site-packages/airflow/example_dags/tutorial_dag.py for tasks to queue
[2024-02-05T17:24:21.126+0000] {logging_mixin.py:188} INFO - [2024-02-05T17:24:21.126+0000] {dagbag.py:538} INFO - Filling up the DagBag from /home/airflow/.local/lib/python3.8/site-packages/airflow/example_dags/tutorial_dag.py
[2024-02-05T17:24:21.131+0000] {processor.py:840} INFO - DAG(s) 'tutorial_dag' retrieved from /home/airflow/.local/lib/python3.8/site-packages/airflow/example_dags/tutorial_dag.py
[2024-02-05T17:24:21.146+0000] {logging_mixin.py:188} INFO - [2024-02-05T17:24:21.146+0000] {dag.py:3036} INFO - Sync 1 DAGs
[2024-02-05T17:24:21.157+0000] {logging_mixin.py:188} INFO - [2024-02-05T17:24:21.157+0000] {dag.py:3823} INFO - Setting next_dagrun for tutorial_dag to None, run_after=None
[2024-02-05T17:24:21.170+0000] {processor.py:183} INFO - Processing /home/airflow/.local/lib/python3.8/site-packages/airflow/example_dags/tutorial_dag.py took 0.050 seconds
[2024-02-05T17:24:51.474+0000] {processor.py:161} INFO - Started process (PID=3572) to work on /home/airflow/.local/lib/python3.8/site-packages/airflow/example_dags/tutorial_dag.py
[2024-02-05T17:24:51.476+0000] {processor.py:830} INFO - Processing file /home/airflow/.local/lib/python3.8/site-packages/airflow/example_dags/tutorial_dag.py for tasks to queue
[2024-02-05T17:24:51.479+0000] {logging_mixin.py:188} INFO - [2024-02-05T17:24:51.478+0000] {dagbag.py:538} INFO - Filling up the DagBag from /home/airflow/.local/lib/python3.8/site-packages/airflow/example_dags/tutorial_dag.py
[2024-02-05T17:24:51.485+0000] {processor.py:840} INFO - DAG(s) 'tutorial_dag' retrieved from /home/airflow/.local/lib/python3.8/site-packages/airflow/example_dags/tutorial_dag.py
[2024-02-05T17:24:51.519+0000] {logging_mixin.py:188} INFO - [2024-02-05T17:24:51.519+0000] {dag.py:3036} INFO - Sync 1 DAGs
[2024-02-05T17:24:51.532+0000] {logging_mixin.py:188} INFO - [2024-02-05T17:24:51.532+0000] {dag.py:3823} INFO - Setting next_dagrun for tutorial_dag to None, run_after=None
[2024-02-05T17:24:51.566+0000] {processor.py:183} INFO - Processing /home/airflow/.local/lib/python3.8/site-packages/airflow/example_dags/tutorial_dag.py took 0.095 seconds
[2024-02-05T17:25:21.829+0000] {processor.py:161} INFO - Started process (PID=3635) to work on /home/airflow/.local/lib/python3.8/site-packages/airflow/example_dags/tutorial_dag.py
[2024-02-05T17:25:21.832+0000] {processor.py:830} INFO - Processing file /home/airflow/.local/lib/python3.8/site-packages/airflow/example_dags/tutorial_dag.py for tasks to queue
[2024-02-05T17:25:21.834+0000] {logging_mixin.py:188} INFO - [2024-02-05T17:25:21.834+0000] {dagbag.py:538} INFO - Filling up the DagBag from /home/airflow/.local/lib/python3.8/site-packages/airflow/example_dags/tutorial_dag.py
[2024-02-05T17:25:21.840+0000] {processor.py:840} INFO - DAG(s) 'tutorial_dag' retrieved from /home/airflow/.local/lib/python3.8/site-packages/airflow/example_dags/tutorial_dag.py
[2024-02-05T17:25:21.856+0000] {logging_mixin.py:188} INFO - [2024-02-05T17:25:21.856+0000] {dag.py:3036} INFO - Sync 1 DAGs
[2024-02-05T17:25:21.865+0000] {logging_mixin.py:188} INFO - [2024-02-05T17:25:21.865+0000] {dag.py:3823} INFO - Setting next_dagrun for tutorial_dag to None, run_after=None
[2024-02-05T17:25:21.876+0000] {processor.py:183} INFO - Processing /home/airflow/.local/lib/python3.8/site-packages/airflow/example_dags/tutorial_dag.py took 0.051 seconds
[2024-02-05T17:25:51.967+0000] {processor.py:161} INFO - Started process (PID=3693) to work on /home/airflow/.local/lib/python3.8/site-packages/airflow/example_dags/tutorial_dag.py
[2024-02-05T17:25:51.968+0000] {processor.py:830} INFO - Processing file /home/airflow/.local/lib/python3.8/site-packages/airflow/example_dags/tutorial_dag.py for tasks to queue
[2024-02-05T17:25:51.971+0000] {logging_mixin.py:188} INFO - [2024-02-05T17:25:51.971+0000] {dagbag.py:538} INFO - Filling up the DagBag from /home/airflow/.local/lib/python3.8/site-packages/airflow/example_dags/tutorial_dag.py
[2024-02-05T17:25:51.978+0000] {processor.py:840} INFO - DAG(s) 'tutorial_dag' retrieved from /home/airflow/.local/lib/python3.8/site-packages/airflow/example_dags/tutorial_dag.py
[2024-02-05T17:25:51.999+0000] {logging_mixin.py:188} INFO - [2024-02-05T17:25:51.998+0000] {dag.py:3036} INFO - Sync 1 DAGs
[2024-02-05T17:25:52.015+0000] {logging_mixin.py:188} INFO - [2024-02-05T17:25:52.015+0000] {dag.py:3823} INFO - Setting next_dagrun for tutorial_dag to None, run_after=None
[2024-02-05T17:25:52.044+0000] {processor.py:183} INFO - Processing /home/airflow/.local/lib/python3.8/site-packages/airflow/example_dags/tutorial_dag.py took 0.080 seconds
[2024-02-05T17:26:22.948+0000] {processor.py:161} INFO - Started process (PID=3756) to work on /home/airflow/.local/lib/python3.8/site-packages/airflow/example_dags/tutorial_dag.py
[2024-02-05T17:26:22.951+0000] {processor.py:830} INFO - Processing file /home/airflow/.local/lib/python3.8/site-packages/airflow/example_dags/tutorial_dag.py for tasks to queue
[2024-02-05T17:26:22.954+0000] {logging_mixin.py:188} INFO - [2024-02-05T17:26:22.954+0000] {dagbag.py:538} INFO - Filling up the DagBag from /home/airflow/.local/lib/python3.8/site-packages/airflow/example_dags/tutorial_dag.py
[2024-02-05T17:26:22.959+0000] {processor.py:840} INFO - DAG(s) 'tutorial_dag' retrieved from /home/airflow/.local/lib/python3.8/site-packages/airflow/example_dags/tutorial_dag.py
[2024-02-05T17:26:22.975+0000] {logging_mixin.py:188} INFO - [2024-02-05T17:26:22.975+0000] {dag.py:3036} INFO - Sync 1 DAGs
[2024-02-05T17:26:22.983+0000] {logging_mixin.py:188} INFO - [2024-02-05T17:26:22.983+0000] {dag.py:3823} INFO - Setting next_dagrun for tutorial_dag to None, run_after=None
[2024-02-05T17:26:22.998+0000] {processor.py:183} INFO - Processing /home/airflow/.local/lib/python3.8/site-packages/airflow/example_dags/tutorial_dag.py took 0.052 seconds
[2024-02-05T17:26:53.863+0000] {processor.py:161} INFO - Started process (PID=3813) to work on /home/airflow/.local/lib/python3.8/site-packages/airflow/example_dags/tutorial_dag.py
[2024-02-05T17:26:53.865+0000] {processor.py:830} INFO - Processing file /home/airflow/.local/lib/python3.8/site-packages/airflow/example_dags/tutorial_dag.py for tasks to queue
[2024-02-05T17:26:53.867+0000] {logging_mixin.py:188} INFO - [2024-02-05T17:26:53.867+0000] {dagbag.py:538} INFO - Filling up the DagBag from /home/airflow/.local/lib/python3.8/site-packages/airflow/example_dags/tutorial_dag.py
[2024-02-05T17:26:53.872+0000] {processor.py:840} INFO - DAG(s) 'tutorial_dag' retrieved from /home/airflow/.local/lib/python3.8/site-packages/airflow/example_dags/tutorial_dag.py
[2024-02-05T17:26:53.885+0000] {logging_mixin.py:188} INFO - [2024-02-05T17:26:53.885+0000] {dag.py:3036} INFO - Sync 1 DAGs
[2024-02-05T17:26:53.900+0000] {logging_mixin.py:188} INFO - [2024-02-05T17:26:53.900+0000] {dag.py:3823} INFO - Setting next_dagrun for tutorial_dag to None, run_after=None
[2024-02-05T17:26:53.916+0000] {processor.py:183} INFO - Processing /home/airflow/.local/lib/python3.8/site-packages/airflow/example_dags/tutorial_dag.py took 0.056 seconds
[2024-02-05T17:27:24.610+0000] {processor.py:161} INFO - Started process (PID=3879) to work on /home/airflow/.local/lib/python3.8/site-packages/airflow/example_dags/tutorial_dag.py
[2024-02-05T17:27:24.612+0000] {processor.py:830} INFO - Processing file /home/airflow/.local/lib/python3.8/site-packages/airflow/example_dags/tutorial_dag.py for tasks to queue
[2024-02-05T17:27:24.614+0000] {logging_mixin.py:188} INFO - [2024-02-05T17:27:24.614+0000] {dagbag.py:538} INFO - Filling up the DagBag from /home/airflow/.local/lib/python3.8/site-packages/airflow/example_dags/tutorial_dag.py
[2024-02-05T17:27:24.620+0000] {processor.py:840} INFO - DAG(s) 'tutorial_dag' retrieved from /home/airflow/.local/lib/python3.8/site-packages/airflow/example_dags/tutorial_dag.py
[2024-02-05T17:27:24.635+0000] {logging_mixin.py:188} INFO - [2024-02-05T17:27:24.635+0000] {dag.py:3036} INFO - Sync 1 DAGs
[2024-02-05T17:27:24.644+0000] {logging_mixin.py:188} INFO - [2024-02-05T17:27:24.643+0000] {dag.py:3823} INFO - Setting next_dagrun for tutorial_dag to None, run_after=None
[2024-02-05T17:27:24.656+0000] {processor.py:183} INFO - Processing /home/airflow/.local/lib/python3.8/site-packages/airflow/example_dags/tutorial_dag.py took 0.049 seconds
[2024-02-05T17:27:55.009+0000] {processor.py:161} INFO - Started process (PID=3937) to work on /home/airflow/.local/lib/python3.8/site-packages/airflow/example_dags/tutorial_dag.py
[2024-02-05T17:27:55.011+0000] {processor.py:830} INFO - Processing file /home/airflow/.local/lib/python3.8/site-packages/airflow/example_dags/tutorial_dag.py for tasks to queue
[2024-02-05T17:27:55.013+0000] {logging_mixin.py:188} INFO - [2024-02-05T17:27:55.013+0000] {dagbag.py:538} INFO - Filling up the DagBag from /home/airflow/.local/lib/python3.8/site-packages/airflow/example_dags/tutorial_dag.py
[2024-02-05T17:27:55.017+0000] {processor.py:840} INFO - DAG(s) 'tutorial_dag' retrieved from /home/airflow/.local/lib/python3.8/site-packages/airflow/example_dags/tutorial_dag.py
[2024-02-05T17:27:55.030+0000] {logging_mixin.py:188} INFO - [2024-02-05T17:27:55.030+0000] {dag.py:3036} INFO - Sync 1 DAGs
[2024-02-05T17:27:55.042+0000] {logging_mixin.py:188} INFO - [2024-02-05T17:27:55.042+0000] {dag.py:3823} INFO - Setting next_dagrun for tutorial_dag to None, run_after=None
[2024-02-05T17:27:55.055+0000] {processor.py:183} INFO - Processing /home/airflow/.local/lib/python3.8/site-packages/airflow/example_dags/tutorial_dag.py took 0.049 seconds
[2024-02-05T17:28:25.584+0000] {processor.py:161} INFO - Started process (PID=4000) to work on /home/airflow/.local/lib/python3.8/site-packages/airflow/example_dags/tutorial_dag.py
[2024-02-05T17:28:25.586+0000] {processor.py:830} INFO - Processing file /home/airflow/.local/lib/python3.8/site-packages/airflow/example_dags/tutorial_dag.py for tasks to queue
[2024-02-05T17:28:25.588+0000] {logging_mixin.py:188} INFO - [2024-02-05T17:28:25.588+0000] {dagbag.py:538} INFO - Filling up the DagBag from /home/airflow/.local/lib/python3.8/site-packages/airflow/example_dags/tutorial_dag.py
[2024-02-05T17:28:25.597+0000] {processor.py:840} INFO - DAG(s) 'tutorial_dag' retrieved from /home/airflow/.local/lib/python3.8/site-packages/airflow/example_dags/tutorial_dag.py
[2024-02-05T17:28:25.616+0000] {logging_mixin.py:188} INFO - [2024-02-05T17:28:25.615+0000] {dag.py:3036} INFO - Sync 1 DAGs
[2024-02-05T17:28:25.625+0000] {logging_mixin.py:188} INFO - [2024-02-05T17:28:25.625+0000] {dag.py:3823} INFO - Setting next_dagrun for tutorial_dag to None, run_after=None
[2024-02-05T17:28:25.641+0000] {processor.py:183} INFO - Processing /home/airflow/.local/lib/python3.8/site-packages/airflow/example_dags/tutorial_dag.py took 0.060 seconds
[2024-02-05T17:28:56.182+0000] {processor.py:161} INFO - Started process (PID=4065) to work on /home/airflow/.local/lib/python3.8/site-packages/airflow/example_dags/tutorial_dag.py
[2024-02-05T17:28:56.185+0000] {processor.py:830} INFO - Processing file /home/airflow/.local/lib/python3.8/site-packages/airflow/example_dags/tutorial_dag.py for tasks to queue
[2024-02-05T17:28:56.187+0000] {logging_mixin.py:188} INFO - [2024-02-05T17:28:56.187+0000] {dagbag.py:538} INFO - Filling up the DagBag from /home/airflow/.local/lib/python3.8/site-packages/airflow/example_dags/tutorial_dag.py
[2024-02-05T17:28:56.192+0000] {processor.py:840} INFO - DAG(s) 'tutorial_dag' retrieved from /home/airflow/.local/lib/python3.8/site-packages/airflow/example_dags/tutorial_dag.py
[2024-02-05T17:28:56.207+0000] {logging_mixin.py:188} INFO - [2024-02-05T17:28:56.207+0000] {dag.py:3036} INFO - Sync 1 DAGs
[2024-02-05T17:28:56.216+0000] {logging_mixin.py:188} INFO - [2024-02-05T17:28:56.216+0000] {dag.py:3823} INFO - Setting next_dagrun for tutorial_dag to None, run_after=None
[2024-02-05T17:28:56.229+0000] {processor.py:183} INFO - Processing /home/airflow/.local/lib/python3.8/site-packages/airflow/example_dags/tutorial_dag.py took 0.049 seconds
[2024-02-05T17:29:27.175+0000] {processor.py:161} INFO - Started process (PID=4127) to work on /home/airflow/.local/lib/python3.8/site-packages/airflow/example_dags/tutorial_dag.py
[2024-02-05T17:29:27.177+0000] {processor.py:830} INFO - Processing file /home/airflow/.local/lib/python3.8/site-packages/airflow/example_dags/tutorial_dag.py for tasks to queue
[2024-02-05T17:29:27.180+0000] {logging_mixin.py:188} INFO - [2024-02-05T17:29:27.179+0000] {dagbag.py:538} INFO - Filling up the DagBag from /home/airflow/.local/lib/python3.8/site-packages/airflow/example_dags/tutorial_dag.py
[2024-02-05T17:29:27.185+0000] {processor.py:840} INFO - DAG(s) 'tutorial_dag' retrieved from /home/airflow/.local/lib/python3.8/site-packages/airflow/example_dags/tutorial_dag.py
[2024-02-05T17:29:27.201+0000] {logging_mixin.py:188} INFO - [2024-02-05T17:29:27.201+0000] {dag.py:3036} INFO - Sync 1 DAGs
[2024-02-05T17:29:27.210+0000] {logging_mixin.py:188} INFO - [2024-02-05T17:29:27.210+0000] {dag.py:3823} INFO - Setting next_dagrun for tutorial_dag to None, run_after=None
[2024-02-05T17:29:27.225+0000] {processor.py:183} INFO - Processing /home/airflow/.local/lib/python3.8/site-packages/airflow/example_dags/tutorial_dag.py took 0.052 seconds
[2024-02-05T17:29:57.540+0000] {processor.py:161} INFO - Started process (PID=4183) to work on /home/airflow/.local/lib/python3.8/site-packages/airflow/example_dags/tutorial_dag.py
[2024-02-05T17:29:57.542+0000] {processor.py:830} INFO - Processing file /home/airflow/.local/lib/python3.8/site-packages/airflow/example_dags/tutorial_dag.py for tasks to queue
[2024-02-05T17:29:57.544+0000] {logging_mixin.py:188} INFO - [2024-02-05T17:29:57.544+0000] {dagbag.py:538} INFO - Filling up the DagBag from /home/airflow/.local/lib/python3.8/site-packages/airflow/example_dags/tutorial_dag.py
[2024-02-05T17:29:57.550+0000] {processor.py:840} INFO - DAG(s) 'tutorial_dag' retrieved from /home/airflow/.local/lib/python3.8/site-packages/airflow/example_dags/tutorial_dag.py
[2024-02-05T17:29:57.566+0000] {logging_mixin.py:188} INFO - [2024-02-05T17:29:57.566+0000] {dag.py:3036} INFO - Sync 1 DAGs
[2024-02-05T17:29:57.576+0000] {logging_mixin.py:188} INFO - [2024-02-05T17:29:57.576+0000] {dag.py:3823} INFO - Setting next_dagrun for tutorial_dag to None, run_after=None
[2024-02-05T17:29:57.589+0000] {processor.py:183} INFO - Processing /home/airflow/.local/lib/python3.8/site-packages/airflow/example_dags/tutorial_dag.py took 0.051 seconds
[2024-02-05T17:30:28.279+0000] {processor.py:161} INFO - Started process (PID=4244) to work on /home/airflow/.local/lib/python3.8/site-packages/airflow/example_dags/tutorial_dag.py
[2024-02-05T17:30:28.282+0000] {processor.py:830} INFO - Processing file /home/airflow/.local/lib/python3.8/site-packages/airflow/example_dags/tutorial_dag.py for tasks to queue
[2024-02-05T17:30:28.284+0000] {logging_mixin.py:188} INFO - [2024-02-05T17:30:28.284+0000] {dagbag.py:538} INFO - Filling up the DagBag from /home/airflow/.local/lib/python3.8/site-packages/airflow/example_dags/tutorial_dag.py
[2024-02-05T17:30:28.289+0000] {processor.py:840} INFO - DAG(s) 'tutorial_dag' retrieved from /home/airflow/.local/lib/python3.8/site-packages/airflow/example_dags/tutorial_dag.py
[2024-02-05T17:30:28.305+0000] {logging_mixin.py:188} INFO - [2024-02-05T17:30:28.305+0000] {dag.py:3036} INFO - Sync 1 DAGs
[2024-02-05T17:30:28.314+0000] {logging_mixin.py:188} INFO - [2024-02-05T17:30:28.314+0000] {dag.py:3823} INFO - Setting next_dagrun for tutorial_dag to None, run_after=None
[2024-02-05T17:30:28.327+0000] {processor.py:183} INFO - Processing /home/airflow/.local/lib/python3.8/site-packages/airflow/example_dags/tutorial_dag.py took 0.050 seconds
[2024-02-05T17:30:58.895+0000] {processor.py:161} INFO - Started process (PID=4301) to work on /home/airflow/.local/lib/python3.8/site-packages/airflow/example_dags/tutorial_dag.py
[2024-02-05T17:30:58.899+0000] {processor.py:830} INFO - Processing file /home/airflow/.local/lib/python3.8/site-packages/airflow/example_dags/tutorial_dag.py for tasks to queue
[2024-02-05T17:30:58.903+0000] {logging_mixin.py:188} INFO - [2024-02-05T17:30:58.903+0000] {dagbag.py:538} INFO - Filling up the DagBag from /home/airflow/.local/lib/python3.8/site-packages/airflow/example_dags/tutorial_dag.py
[2024-02-05T17:30:58.911+0000] {processor.py:840} INFO - DAG(s) 'tutorial_dag' retrieved from /home/airflow/.local/lib/python3.8/site-packages/airflow/example_dags/tutorial_dag.py
[2024-02-05T17:30:58.928+0000] {logging_mixin.py:188} INFO - [2024-02-05T17:30:58.928+0000] {dag.py:3036} INFO - Sync 1 DAGs
[2024-02-05T17:30:58.938+0000] {logging_mixin.py:188} INFO - [2024-02-05T17:30:58.938+0000] {dag.py:3823} INFO - Setting next_dagrun for tutorial_dag to None, run_after=None
[2024-02-05T17:30:58.953+0000] {processor.py:183} INFO - Processing /home/airflow/.local/lib/python3.8/site-packages/airflow/example_dags/tutorial_dag.py took 0.062 seconds
[2024-02-05T17:31:29.528+0000] {processor.py:161} INFO - Started process (PID=4362) to work on /home/airflow/.local/lib/python3.8/site-packages/airflow/example_dags/tutorial_dag.py
[2024-02-05T17:31:29.534+0000] {processor.py:830} INFO - Processing file /home/airflow/.local/lib/python3.8/site-packages/airflow/example_dags/tutorial_dag.py for tasks to queue
[2024-02-05T17:31:29.541+0000] {logging_mixin.py:188} INFO - [2024-02-05T17:31:29.540+0000] {dagbag.py:538} INFO - Filling up the DagBag from /home/airflow/.local/lib/python3.8/site-packages/airflow/example_dags/tutorial_dag.py
[2024-02-05T17:31:29.560+0000] {processor.py:840} INFO - DAG(s) 'tutorial_dag' retrieved from /home/airflow/.local/lib/python3.8/site-packages/airflow/example_dags/tutorial_dag.py
[2024-02-05T17:31:29.612+0000] {logging_mixin.py:188} INFO - [2024-02-05T17:31:29.611+0000] {dag.py:3036} INFO - Sync 1 DAGs
[2024-02-05T17:31:29.650+0000] {logging_mixin.py:188} INFO - [2024-02-05T17:31:29.650+0000] {dag.py:3823} INFO - Setting next_dagrun for tutorial_dag to None, run_after=None
[2024-02-05T17:31:29.703+0000] {processor.py:183} INFO - Processing /home/airflow/.local/lib/python3.8/site-packages/airflow/example_dags/tutorial_dag.py took 0.179 seconds
[2024-02-05T17:32:00.577+0000] {processor.py:161} INFO - Started process (PID=4420) to work on /home/airflow/.local/lib/python3.8/site-packages/airflow/example_dags/tutorial_dag.py
[2024-02-05T17:32:00.598+0000] {processor.py:830} INFO - Processing file /home/airflow/.local/lib/python3.8/site-packages/airflow/example_dags/tutorial_dag.py for tasks to queue
[2024-02-05T17:32:00.611+0000] {logging_mixin.py:188} INFO - [2024-02-05T17:32:00.610+0000] {dagbag.py:538} INFO - Filling up the DagBag from /home/airflow/.local/lib/python3.8/site-packages/airflow/example_dags/tutorial_dag.py
[2024-02-05T17:32:00.627+0000] {processor.py:840} INFO - DAG(s) 'tutorial_dag' retrieved from /home/airflow/.local/lib/python3.8/site-packages/airflow/example_dags/tutorial_dag.py
[2024-02-05T17:32:00.836+0000] {logging_mixin.py:188} INFO - [2024-02-05T17:32:00.835+0000] {dag.py:3036} INFO - Sync 1 DAGs
[2024-02-05T17:32:00.905+0000] {logging_mixin.py:188} INFO - [2024-02-05T17:32:00.905+0000] {dag.py:3823} INFO - Setting next_dagrun for tutorial_dag to None, run_after=None
[2024-02-05T17:32:01.011+0000] {processor.py:183} INFO - Processing /home/airflow/.local/lib/python3.8/site-packages/airflow/example_dags/tutorial_dag.py took 0.449 seconds
[2024-02-05T17:32:32.095+0000] {processor.py:161} INFO - Started process (PID=4481) to work on /home/airflow/.local/lib/python3.8/site-packages/airflow/example_dags/tutorial_dag.py
[2024-02-05T17:32:32.103+0000] {processor.py:830} INFO - Processing file /home/airflow/.local/lib/python3.8/site-packages/airflow/example_dags/tutorial_dag.py for tasks to queue
[2024-02-05T17:32:32.110+0000] {logging_mixin.py:188} INFO - [2024-02-05T17:32:32.109+0000] {dagbag.py:538} INFO - Filling up the DagBag from /home/airflow/.local/lib/python3.8/site-packages/airflow/example_dags/tutorial_dag.py
[2024-02-05T17:32:32.141+0000] {processor.py:840} INFO - DAG(s) 'tutorial_dag' retrieved from /home/airflow/.local/lib/python3.8/site-packages/airflow/example_dags/tutorial_dag.py
[2024-02-05T17:32:32.209+0000] {logging_mixin.py:188} INFO - [2024-02-05T17:32:32.208+0000] {dag.py:3036} INFO - Sync 1 DAGs
[2024-02-05T17:32:32.237+0000] {logging_mixin.py:188} INFO - [2024-02-05T17:32:32.237+0000] {dag.py:3823} INFO - Setting next_dagrun for tutorial_dag to None, run_after=None
[2024-02-05T17:32:32.273+0000] {processor.py:183} INFO - Processing /home/airflow/.local/lib/python3.8/site-packages/airflow/example_dags/tutorial_dag.py took 0.195 seconds
[2024-02-05T17:33:05.759+0000] {processor.py:161} INFO - Started process (PID=4544) to work on /home/airflow/.local/lib/python3.8/site-packages/airflow/example_dags/tutorial_dag.py
[2024-02-05T17:33:05.777+0000] {processor.py:830} INFO - Processing file /home/airflow/.local/lib/python3.8/site-packages/airflow/example_dags/tutorial_dag.py for tasks to queue
[2024-02-05T17:33:05.806+0000] {logging_mixin.py:188} INFO - [2024-02-05T17:33:05.798+0000] {dagbag.py:538} INFO - Filling up the DagBag from /home/airflow/.local/lib/python3.8/site-packages/airflow/example_dags/tutorial_dag.py
[2024-02-05T17:33:05.905+0000] {processor.py:840} INFO - DAG(s) 'tutorial_dag' retrieved from /home/airflow/.local/lib/python3.8/site-packages/airflow/example_dags/tutorial_dag.py
[2024-02-05T17:33:06.065+0000] {logging_mixin.py:188} INFO - [2024-02-05T17:33:06.063+0000] {dag.py:3036} INFO - Sync 1 DAGs
[2024-02-05T17:33:06.154+0000] {logging_mixin.py:188} INFO - [2024-02-05T17:33:06.153+0000] {dag.py:3823} INFO - Setting next_dagrun for tutorial_dag to None, run_after=None
[2024-02-05T17:33:06.389+0000] {processor.py:183} INFO - Processing /home/airflow/.local/lib/python3.8/site-packages/airflow/example_dags/tutorial_dag.py took 0.651 seconds
[2024-02-05T17:33:36.865+0000] {processor.py:161} INFO - Started process (PID=4601) to work on /home/airflow/.local/lib/python3.8/site-packages/airflow/example_dags/tutorial_dag.py
[2024-02-05T17:33:36.868+0000] {processor.py:830} INFO - Processing file /home/airflow/.local/lib/python3.8/site-packages/airflow/example_dags/tutorial_dag.py for tasks to queue
[2024-02-05T17:33:36.873+0000] {logging_mixin.py:188} INFO - [2024-02-05T17:33:36.873+0000] {dagbag.py:538} INFO - Filling up the DagBag from /home/airflow/.local/lib/python3.8/site-packages/airflow/example_dags/tutorial_dag.py
[2024-02-05T17:33:36.885+0000] {processor.py:840} INFO - DAG(s) 'tutorial_dag' retrieved from /home/airflow/.local/lib/python3.8/site-packages/airflow/example_dags/tutorial_dag.py
[2024-02-05T17:33:36.909+0000] {logging_mixin.py:188} INFO - [2024-02-05T17:33:36.909+0000] {dag.py:3036} INFO - Sync 1 DAGs
[2024-02-05T17:33:36.919+0000] {logging_mixin.py:188} INFO - [2024-02-05T17:33:36.919+0000] {dag.py:3823} INFO - Setting next_dagrun for tutorial_dag to None, run_after=None
[2024-02-05T17:33:36.931+0000] {processor.py:183} INFO - Processing /home/airflow/.local/lib/python3.8/site-packages/airflow/example_dags/tutorial_dag.py took 0.071 seconds
[2024-02-05T17:34:07.355+0000] {processor.py:161} INFO - Started process (PID=4664) to work on /home/airflow/.local/lib/python3.8/site-packages/airflow/example_dags/tutorial_dag.py
[2024-02-05T17:34:07.359+0000] {processor.py:830} INFO - Processing file /home/airflow/.local/lib/python3.8/site-packages/airflow/example_dags/tutorial_dag.py for tasks to queue
[2024-02-05T17:34:07.361+0000] {logging_mixin.py:188} INFO - [2024-02-05T17:34:07.361+0000] {dagbag.py:538} INFO - Filling up the DagBag from /home/airflow/.local/lib/python3.8/site-packages/airflow/example_dags/tutorial_dag.py
[2024-02-05T17:34:07.366+0000] {processor.py:840} INFO - DAG(s) 'tutorial_dag' retrieved from /home/airflow/.local/lib/python3.8/site-packages/airflow/example_dags/tutorial_dag.py
[2024-02-05T17:34:07.382+0000] {logging_mixin.py:188} INFO - [2024-02-05T17:34:07.382+0000] {dag.py:3036} INFO - Sync 1 DAGs
[2024-02-05T17:34:07.392+0000] {logging_mixin.py:188} INFO - [2024-02-05T17:34:07.392+0000] {dag.py:3823} INFO - Setting next_dagrun for tutorial_dag to None, run_after=None
[2024-02-05T17:34:07.406+0000] {processor.py:183} INFO - Processing /home/airflow/.local/lib/python3.8/site-packages/airflow/example_dags/tutorial_dag.py took 0.054 seconds
[2024-02-05T17:34:37.556+0000] {processor.py:161} INFO - Started process (PID=4723) to work on /home/airflow/.local/lib/python3.8/site-packages/airflow/example_dags/tutorial_dag.py
[2024-02-05T17:34:37.558+0000] {processor.py:830} INFO - Processing file /home/airflow/.local/lib/python3.8/site-packages/airflow/example_dags/tutorial_dag.py for tasks to queue
[2024-02-05T17:34:37.562+0000] {logging_mixin.py:188} INFO - [2024-02-05T17:34:37.561+0000] {dagbag.py:538} INFO - Filling up the DagBag from /home/airflow/.local/lib/python3.8/site-packages/airflow/example_dags/tutorial_dag.py
[2024-02-05T17:34:37.569+0000] {processor.py:840} INFO - DAG(s) 'tutorial_dag' retrieved from /home/airflow/.local/lib/python3.8/site-packages/airflow/example_dags/tutorial_dag.py
[2024-02-05T17:34:37.592+0000] {logging_mixin.py:188} INFO - [2024-02-05T17:34:37.592+0000] {dag.py:3036} INFO - Sync 1 DAGs
[2024-02-05T17:34:37.603+0000] {logging_mixin.py:188} INFO - [2024-02-05T17:34:37.602+0000] {dag.py:3823} INFO - Setting next_dagrun for tutorial_dag to None, run_after=None
[2024-02-05T17:34:37.615+0000] {processor.py:183} INFO - Processing /home/airflow/.local/lib/python3.8/site-packages/airflow/example_dags/tutorial_dag.py took 0.063 seconds
[2024-02-05T17:35:08.294+0000] {processor.py:161} INFO - Started process (PID=4784) to work on /home/airflow/.local/lib/python3.8/site-packages/airflow/example_dags/tutorial_dag.py
[2024-02-05T17:35:08.297+0000] {processor.py:830} INFO - Processing file /home/airflow/.local/lib/python3.8/site-packages/airflow/example_dags/tutorial_dag.py for tasks to queue
[2024-02-05T17:35:08.300+0000] {logging_mixin.py:188} INFO - [2024-02-05T17:35:08.299+0000] {dagbag.py:538} INFO - Filling up the DagBag from /home/airflow/.local/lib/python3.8/site-packages/airflow/example_dags/tutorial_dag.py
[2024-02-05T17:35:08.306+0000] {processor.py:840} INFO - DAG(s) 'tutorial_dag' retrieved from /home/airflow/.local/lib/python3.8/site-packages/airflow/example_dags/tutorial_dag.py
[2024-02-05T17:35:08.328+0000] {logging_mixin.py:188} INFO - [2024-02-05T17:35:08.328+0000] {dag.py:3036} INFO - Sync 1 DAGs
[2024-02-05T17:35:08.338+0000] {logging_mixin.py:188} INFO - [2024-02-05T17:35:08.337+0000] {dag.py:3823} INFO - Setting next_dagrun for tutorial_dag to None, run_after=None
[2024-02-05T17:35:08.350+0000] {processor.py:183} INFO - Processing /home/airflow/.local/lib/python3.8/site-packages/airflow/example_dags/tutorial_dag.py took 0.060 seconds
[2024-02-05T17:35:39.102+0000] {processor.py:161} INFO - Started process (PID=4842) to work on /home/airflow/.local/lib/python3.8/site-packages/airflow/example_dags/tutorial_dag.py
[2024-02-05T17:35:39.105+0000] {processor.py:830} INFO - Processing file /home/airflow/.local/lib/python3.8/site-packages/airflow/example_dags/tutorial_dag.py for tasks to queue
[2024-02-05T17:35:39.109+0000] {logging_mixin.py:188} INFO - [2024-02-05T17:35:39.108+0000] {dagbag.py:538} INFO - Filling up the DagBag from /home/airflow/.local/lib/python3.8/site-packages/airflow/example_dags/tutorial_dag.py
[2024-02-05T17:35:39.116+0000] {processor.py:840} INFO - DAG(s) 'tutorial_dag' retrieved from /home/airflow/.local/lib/python3.8/site-packages/airflow/example_dags/tutorial_dag.py
[2024-02-05T17:35:39.135+0000] {logging_mixin.py:188} INFO - [2024-02-05T17:35:39.134+0000] {dag.py:3036} INFO - Sync 1 DAGs
[2024-02-05T17:35:39.143+0000] {logging_mixin.py:188} INFO - [2024-02-05T17:35:39.143+0000] {dag.py:3823} INFO - Setting next_dagrun for tutorial_dag to None, run_after=None
[2024-02-05T17:35:39.155+0000] {processor.py:183} INFO - Processing /home/airflow/.local/lib/python3.8/site-packages/airflow/example_dags/tutorial_dag.py took 0.057 seconds
