[2024-02-02T15:58:38.479+0000] {processor.py:161} INFO - Started process (PID=31) to work on /opt/airflow/dags/my-freshness-dag.py
[2024-02-02T15:58:38.481+0000] {processor.py:830} INFO - Processing file /opt/airflow/dags/my-freshness-dag.py for tasks to queue
[2024-02-02T15:58:38.483+0000] {logging_mixin.py:188} INFO - [2024-02-02T15:58:38.483+0000] {dagbag.py:538} INFO - Filling up the DagBag from /opt/airflow/dags/my-freshness-dag.py
[2024-02-02T15:58:38.522+0000] {processor.py:840} INFO - DAG(s) 'ops_silver_trigger_30min_SLA' retrieved from /opt/airflow/dags/my-freshness-dag.py
[2024-02-02T15:58:38.618+0000] {logging_mixin.py:188} INFO - [2024-02-02T15:58:38.618+0000] {override.py:1769} INFO - Created Permission View: can read on DAG:ops_silver_trigger_30min_SLA
[2024-02-02T15:58:38.628+0000] {logging_mixin.py:188} INFO - [2024-02-02T15:58:38.627+0000] {override.py:1769} INFO - Created Permission View: can edit on DAG:ops_silver_trigger_30min_SLA
[2024-02-02T15:58:38.636+0000] {logging_mixin.py:188} INFO - [2024-02-02T15:58:38.635+0000] {override.py:1769} INFO - Created Permission View: can delete on DAG:ops_silver_trigger_30min_SLA
[2024-02-02T15:58:38.637+0000] {logging_mixin.py:188} INFO - [2024-02-02T15:58:38.637+0000] {dag.py:3036} INFO - Sync 1 DAGs
[2024-02-02T15:58:38.651+0000] {logging_mixin.py:188} INFO - [2024-02-02T15:58:38.651+0000] {dag.py:3058} INFO - Creating ORM DAG for ops_silver_trigger_30min_SLA
[2024-02-02T15:58:38.662+0000] {logging_mixin.py:188} INFO - [2024-02-02T15:58:38.662+0000] {dag.py:3823} INFO - Setting next_dagrun for ops_silver_trigger_30min_SLA to 2024-02-01 00:00:00+00:00, run_after=2024-02-02 00:00:00+00:00
[2024-02-02T15:58:38.687+0000] {processor.py:183} INFO - Processing /opt/airflow/dags/my-freshness-dag.py took 0.211 seconds
[2024-02-02T15:59:08.855+0000] {processor.py:161} INFO - Started process (PID=94) to work on /opt/airflow/dags/my-freshness-dag.py
[2024-02-02T15:59:08.865+0000] {processor.py:830} INFO - Processing file /opt/airflow/dags/my-freshness-dag.py for tasks to queue
[2024-02-02T15:59:08.876+0000] {logging_mixin.py:188} INFO - [2024-02-02T15:59:08.875+0000] {dagbag.py:538} INFO - Filling up the DagBag from /opt/airflow/dags/my-freshness-dag.py
[2024-02-02T15:59:08.897+0000] {processor.py:840} INFO - DAG(s) 'ops_silver_trigger_30min_SLA' retrieved from /opt/airflow/dags/my-freshness-dag.py
[2024-02-02T15:59:08.937+0000] {logging_mixin.py:188} INFO - [2024-02-02T15:59:08.937+0000] {dag.py:3036} INFO - Sync 1 DAGs
[2024-02-02T15:59:08.963+0000] {logging_mixin.py:188} INFO - [2024-02-02T15:59:08.963+0000] {dag.py:3823} INFO - Setting next_dagrun for ops_silver_trigger_30min_SLA to 2024-02-01 00:00:00+00:00, run_after=2024-02-02 00:00:00+00:00
[2024-02-02T15:59:08.999+0000] {processor.py:183} INFO - Processing /opt/airflow/dags/my-freshness-dag.py took 0.148 seconds
[2024-02-02T15:59:39.354+0000] {processor.py:161} INFO - Started process (PID=154) to work on /opt/airflow/dags/my-freshness-dag.py
[2024-02-02T15:59:39.383+0000] {processor.py:830} INFO - Processing file /opt/airflow/dags/my-freshness-dag.py for tasks to queue
[2024-02-02T15:59:39.439+0000] {logging_mixin.py:188} INFO - [2024-02-02T15:59:39.430+0000] {dagbag.py:538} INFO - Filling up the DagBag from /opt/airflow/dags/my-freshness-dag.py
[2024-02-02T15:59:39.502+0000] {processor.py:840} INFO - DAG(s) 'ops_silver_trigger_30min_SLA' retrieved from /opt/airflow/dags/my-freshness-dag.py
[2024-02-02T15:59:39.610+0000] {logging_mixin.py:188} INFO - [2024-02-02T15:59:39.609+0000] {dag.py:3036} INFO - Sync 1 DAGs
[2024-02-02T15:59:39.676+0000] {logging_mixin.py:188} INFO - [2024-02-02T15:59:39.675+0000] {dag.py:3823} INFO - Setting next_dagrun for ops_silver_trigger_30min_SLA to 2024-02-02 00:00:00+00:00, run_after=2024-02-03 00:00:00+00:00
[2024-02-02T15:59:39.765+0000] {processor.py:183} INFO - Processing /opt/airflow/dags/my-freshness-dag.py took 0.459 seconds
[2024-02-02T16:00:10.881+0000] {processor.py:161} INFO - Started process (PID=216) to work on /opt/airflow/dags/my-freshness-dag.py
[2024-02-02T16:00:10.892+0000] {processor.py:830} INFO - Processing file /opt/airflow/dags/my-freshness-dag.py for tasks to queue
[2024-02-02T16:00:10.927+0000] {logging_mixin.py:188} INFO - [2024-02-02T16:00:10.922+0000] {dagbag.py:538} INFO - Filling up the DagBag from /opt/airflow/dags/my-freshness-dag.py
[2024-02-02T16:00:11.023+0000] {processor.py:840} INFO - DAG(s) 'ops_silver_trigger_30min_SLA' retrieved from /opt/airflow/dags/my-freshness-dag.py
[2024-02-02T16:00:11.117+0000] {logging_mixin.py:188} INFO - [2024-02-02T16:00:11.116+0000] {dag.py:3036} INFO - Sync 1 DAGs
[2024-02-02T16:00:11.275+0000] {logging_mixin.py:188} INFO - [2024-02-02T16:00:11.274+0000] {dag.py:3823} INFO - Setting next_dagrun for ops_silver_trigger_30min_SLA to 2024-02-02 00:00:00+00:00, run_after=2024-02-03 00:00:00+00:00
[2024-02-02T16:00:11.333+0000] {processor.py:183} INFO - Processing /opt/airflow/dags/my-freshness-dag.py took 0.465 seconds
[2024-02-02T16:00:42.311+0000] {processor.py:161} INFO - Started process (PID=273) to work on /opt/airflow/dags/my-freshness-dag.py
[2024-02-02T16:00:42.315+0000] {processor.py:830} INFO - Processing file /opt/airflow/dags/my-freshness-dag.py for tasks to queue
[2024-02-02T16:00:42.324+0000] {logging_mixin.py:188} INFO - [2024-02-02T16:00:42.324+0000] {dagbag.py:538} INFO - Filling up the DagBag from /opt/airflow/dags/my-freshness-dag.py
[2024-02-02T16:00:42.368+0000] {processor.py:840} INFO - DAG(s) 'ops_silver_trigger_30min_SLA' retrieved from /opt/airflow/dags/my-freshness-dag.py
[2024-02-02T16:00:42.430+0000] {logging_mixin.py:188} INFO - [2024-02-02T16:00:42.429+0000] {dag.py:3036} INFO - Sync 1 DAGs
[2024-02-02T16:00:42.479+0000] {logging_mixin.py:188} INFO - [2024-02-02T16:00:42.479+0000] {dag.py:3823} INFO - Setting next_dagrun for ops_silver_trigger_30min_SLA to 2024-02-02 00:00:00+00:00, run_after=2024-02-03 00:00:00+00:00
[2024-02-02T16:00:42.524+0000] {processor.py:183} INFO - Processing /opt/airflow/dags/my-freshness-dag.py took 0.223 seconds
[2024-02-02T16:01:12.822+0000] {processor.py:161} INFO - Started process (PID=336) to work on /opt/airflow/dags/my-freshness-dag.py
[2024-02-02T16:01:12.827+0000] {processor.py:830} INFO - Processing file /opt/airflow/dags/my-freshness-dag.py for tasks to queue
[2024-02-02T16:01:12.832+0000] {logging_mixin.py:188} INFO - [2024-02-02T16:01:12.831+0000] {dagbag.py:538} INFO - Filling up the DagBag from /opt/airflow/dags/my-freshness-dag.py
[2024-02-02T16:01:12.856+0000] {processor.py:840} INFO - DAG(s) 'ops_silver_trigger_30min_SLA' retrieved from /opt/airflow/dags/my-freshness-dag.py
[2024-02-02T16:01:12.907+0000] {logging_mixin.py:188} INFO - [2024-02-02T16:01:12.907+0000] {dag.py:3036} INFO - Sync 1 DAGs
[2024-02-02T16:01:12.935+0000] {logging_mixin.py:188} INFO - [2024-02-02T16:01:12.935+0000] {dag.py:3823} INFO - Setting next_dagrun for ops_silver_trigger_30min_SLA to 2024-02-02 00:00:00+00:00, run_after=2024-02-03 00:00:00+00:00
[2024-02-02T16:01:12.962+0000] {processor.py:183} INFO - Processing /opt/airflow/dags/my-freshness-dag.py took 0.150 seconds
[2024-02-02T16:01:43.171+0000] {processor.py:161} INFO - Started process (PID=392) to work on /opt/airflow/dags/my-freshness-dag.py
[2024-02-02T16:01:43.175+0000] {processor.py:830} INFO - Processing file /opt/airflow/dags/my-freshness-dag.py for tasks to queue
[2024-02-02T16:01:43.180+0000] {logging_mixin.py:188} INFO - [2024-02-02T16:01:43.180+0000] {dagbag.py:538} INFO - Filling up the DagBag from /opt/airflow/dags/my-freshness-dag.py
[2024-02-02T16:01:43.230+0000] {processor.py:840} INFO - DAG(s) 'ops_silver_trigger_30min_SLA' retrieved from /opt/airflow/dags/my-freshness-dag.py
[2024-02-02T16:01:43.298+0000] {logging_mixin.py:188} INFO - [2024-02-02T16:01:43.298+0000] {dag.py:3036} INFO - Sync 1 DAGs
[2024-02-02T16:01:43.377+0000] {logging_mixin.py:188} INFO - [2024-02-02T16:01:43.376+0000] {dag.py:3823} INFO - Setting next_dagrun for ops_silver_trigger_30min_SLA to 2024-02-02 00:00:00+00:00, run_after=2024-02-03 00:00:00+00:00
[2024-02-02T16:01:43.405+0000] {processor.py:183} INFO - Processing /opt/airflow/dags/my-freshness-dag.py took 0.241 seconds
[2024-02-02T16:02:13.612+0000] {processor.py:161} INFO - Started process (PID=453) to work on /opt/airflow/dags/my-freshness-dag.py
[2024-02-02T16:02:13.620+0000] {processor.py:830} INFO - Processing file /opt/airflow/dags/my-freshness-dag.py for tasks to queue
[2024-02-02T16:02:13.648+0000] {logging_mixin.py:188} INFO - [2024-02-02T16:02:13.646+0000] {dagbag.py:538} INFO - Filling up the DagBag from /opt/airflow/dags/my-freshness-dag.py
[2024-02-02T16:02:13.718+0000] {processor.py:840} INFO - DAG(s) 'ops_silver_trigger_30min_SLA' retrieved from /opt/airflow/dags/my-freshness-dag.py
[2024-02-02T16:02:13.901+0000] {logging_mixin.py:188} INFO - [2024-02-02T16:02:13.900+0000] {dag.py:3036} INFO - Sync 1 DAGs
[2024-02-02T16:02:13.997+0000] {logging_mixin.py:188} INFO - [2024-02-02T16:02:13.996+0000] {dag.py:3823} INFO - Setting next_dagrun for ops_silver_trigger_30min_SLA to 2024-02-02 00:00:00+00:00, run_after=2024-02-03 00:00:00+00:00
[2024-02-02T16:02:14.074+0000] {processor.py:183} INFO - Processing /opt/airflow/dags/my-freshness-dag.py took 0.473 seconds
[2024-02-02T16:02:44.398+0000] {processor.py:161} INFO - Started process (PID=510) to work on /opt/airflow/dags/my-freshness-dag.py
[2024-02-02T16:02:44.421+0000] {processor.py:830} INFO - Processing file /opt/airflow/dags/my-freshness-dag.py for tasks to queue
[2024-02-02T16:02:44.448+0000] {logging_mixin.py:188} INFO - [2024-02-02T16:02:44.446+0000] {dagbag.py:538} INFO - Filling up the DagBag from /opt/airflow/dags/my-freshness-dag.py
[2024-02-02T16:02:44.527+0000] {processor.py:840} INFO - DAG(s) 'ops_silver_trigger_30min_SLA' retrieved from /opt/airflow/dags/my-freshness-dag.py
[2024-02-02T16:02:44.626+0000] {logging_mixin.py:188} INFO - [2024-02-02T16:02:44.625+0000] {dag.py:3036} INFO - Sync 1 DAGs
[2024-02-02T16:02:44.680+0000] {logging_mixin.py:188} INFO - [2024-02-02T16:02:44.680+0000] {dag.py:3823} INFO - Setting next_dagrun for ops_silver_trigger_30min_SLA to 2024-02-02 00:00:00+00:00, run_after=2024-02-03 00:00:00+00:00
[2024-02-02T16:02:44.746+0000] {processor.py:183} INFO - Processing /opt/airflow/dags/my-freshness-dag.py took 0.362 seconds
[2024-02-02T16:03:15.126+0000] {processor.py:161} INFO - Started process (PID=570) to work on /opt/airflow/dags/my-freshness-dag.py
[2024-02-02T16:03:15.129+0000] {processor.py:830} INFO - Processing file /opt/airflow/dags/my-freshness-dag.py for tasks to queue
[2024-02-02T16:03:15.134+0000] {logging_mixin.py:188} INFO - [2024-02-02T16:03:15.133+0000] {dagbag.py:538} INFO - Filling up the DagBag from /opt/airflow/dags/my-freshness-dag.py
[2024-02-02T16:03:15.182+0000] {processor.py:840} INFO - DAG(s) 'ops_silver_trigger_30min_SLA' retrieved from /opt/airflow/dags/my-freshness-dag.py
[2024-02-02T16:03:15.229+0000] {logging_mixin.py:188} INFO - [2024-02-02T16:03:15.229+0000] {dag.py:3036} INFO - Sync 1 DAGs
[2024-02-02T16:03:15.284+0000] {logging_mixin.py:188} INFO - [2024-02-02T16:03:15.284+0000] {dag.py:3823} INFO - Setting next_dagrun for ops_silver_trigger_30min_SLA to 2024-02-02 00:00:00+00:00, run_after=2024-02-03 00:00:00+00:00
[2024-02-02T16:03:15.320+0000] {processor.py:183} INFO - Processing /opt/airflow/dags/my-freshness-dag.py took 0.201 seconds
[2024-02-02T16:03:45.754+0000] {processor.py:161} INFO - Started process (PID=628) to work on /opt/airflow/dags/my-freshness-dag.py
[2024-02-02T16:03:45.757+0000] {processor.py:830} INFO - Processing file /opt/airflow/dags/my-freshness-dag.py for tasks to queue
[2024-02-02T16:03:45.763+0000] {logging_mixin.py:188} INFO - [2024-02-02T16:03:45.762+0000] {dagbag.py:538} INFO - Filling up the DagBag from /opt/airflow/dags/my-freshness-dag.py
[2024-02-02T16:03:45.820+0000] {processor.py:840} INFO - DAG(s) 'ops_silver_trigger_30min_SLA' retrieved from /opt/airflow/dags/my-freshness-dag.py
[2024-02-02T16:03:45.885+0000] {logging_mixin.py:188} INFO - [2024-02-02T16:03:45.885+0000] {dag.py:3036} INFO - Sync 1 DAGs
[2024-02-02T16:03:45.944+0000] {logging_mixin.py:188} INFO - [2024-02-02T16:03:45.944+0000] {dag.py:3823} INFO - Setting next_dagrun for ops_silver_trigger_30min_SLA to 2024-02-02 00:00:00+00:00, run_after=2024-02-03 00:00:00+00:00
[2024-02-02T16:03:45.971+0000] {processor.py:183} INFO - Processing /opt/airflow/dags/my-freshness-dag.py took 0.225 seconds
[2024-02-02T16:04:16.306+0000] {processor.py:161} INFO - Started process (PID=690) to work on /opt/airflow/dags/my-freshness-dag.py
[2024-02-02T16:04:16.310+0000] {processor.py:830} INFO - Processing file /opt/airflow/dags/my-freshness-dag.py for tasks to queue
[2024-02-02T16:04:16.314+0000] {logging_mixin.py:188} INFO - [2024-02-02T16:04:16.313+0000] {dagbag.py:538} INFO - Filling up the DagBag from /opt/airflow/dags/my-freshness-dag.py
[2024-02-02T16:04:16.334+0000] {processor.py:840} INFO - DAG(s) 'ops_silver_trigger_30min_SLA' retrieved from /opt/airflow/dags/my-freshness-dag.py
[2024-02-02T16:04:16.362+0000] {logging_mixin.py:188} INFO - [2024-02-02T16:04:16.362+0000] {dag.py:3036} INFO - Sync 1 DAGs
[2024-02-02T16:04:16.383+0000] {logging_mixin.py:188} INFO - [2024-02-02T16:04:16.383+0000] {dag.py:3823} INFO - Setting next_dagrun for ops_silver_trigger_30min_SLA to 2024-02-02 00:00:00+00:00, run_after=2024-02-03 00:00:00+00:00
[2024-02-02T16:04:16.402+0000] {processor.py:183} INFO - Processing /opt/airflow/dags/my-freshness-dag.py took 0.104 seconds
[2024-02-02T16:04:46.477+0000] {processor.py:161} INFO - Started process (PID=748) to work on /opt/airflow/dags/my-freshness-dag.py
[2024-02-02T16:04:46.481+0000] {processor.py:830} INFO - Processing file /opt/airflow/dags/my-freshness-dag.py for tasks to queue
[2024-02-02T16:04:46.486+0000] {logging_mixin.py:188} INFO - [2024-02-02T16:04:46.485+0000] {dagbag.py:538} INFO - Filling up the DagBag from /opt/airflow/dags/my-freshness-dag.py
[2024-02-02T16:04:46.521+0000] {processor.py:840} INFO - DAG(s) 'ops_silver_trigger_30min_SLA' retrieved from /opt/airflow/dags/my-freshness-dag.py
[2024-02-02T16:04:46.551+0000] {logging_mixin.py:188} INFO - [2024-02-02T16:04:46.551+0000] {dag.py:3036} INFO - Sync 1 DAGs
[2024-02-02T16:04:46.577+0000] {logging_mixin.py:188} INFO - [2024-02-02T16:04:46.577+0000] {dag.py:3823} INFO - Setting next_dagrun for ops_silver_trigger_30min_SLA to 2024-02-02 00:00:00+00:00, run_after=2024-02-03 00:00:00+00:00
[2024-02-02T16:04:46.599+0000] {processor.py:183} INFO - Processing /opt/airflow/dags/my-freshness-dag.py took 0.130 seconds
[2024-02-02T16:19:50.508+0000] {processor.py:161} INFO - Started process (PID=763) to work on /opt/airflow/dags/my-freshness-dag.py
[2024-02-02T16:19:50.518+0000] {processor.py:830} INFO - Processing file /opt/airflow/dags/my-freshness-dag.py for tasks to queue
[2024-02-02T16:19:50.530+0000] {logging_mixin.py:188} INFO - [2024-02-02T16:19:50.530+0000] {dagbag.py:538} INFO - Filling up the DagBag from /opt/airflow/dags/my-freshness-dag.py
[2024-02-02T16:19:50.567+0000] {processor.py:840} INFO - DAG(s) 'ops_silver_trigger_30min_SLA' retrieved from /opt/airflow/dags/my-freshness-dag.py
[2024-02-02T16:19:50.643+0000] {logging_mixin.py:188} INFO - [2024-02-02T16:19:50.643+0000] {dag.py:3036} INFO - Sync 1 DAGs
[2024-02-02T16:19:50.970+0000] {logging_mixin.py:188} INFO - [2024-02-02T16:19:50.970+0000] {dag.py:3823} INFO - Setting next_dagrun for ops_silver_trigger_30min_SLA to 2024-02-02 00:00:00+00:00, run_after=2024-02-03 00:00:00+00:00
[2024-02-02T16:19:51.234+0000] {processor.py:183} INFO - Processing /opt/airflow/dags/my-freshness-dag.py took 0.760 seconds
[2024-02-02T16:20:21.938+0000] {processor.py:161} INFO - Started process (PID=837) to work on /opt/airflow/dags/my-freshness-dag.py
[2024-02-02T16:20:21.940+0000] {processor.py:830} INFO - Processing file /opt/airflow/dags/my-freshness-dag.py for tasks to queue
[2024-02-02T16:20:21.945+0000] {logging_mixin.py:188} INFO - [2024-02-02T16:20:21.945+0000] {dagbag.py:538} INFO - Filling up the DagBag from /opt/airflow/dags/my-freshness-dag.py
[2024-02-02T16:20:21.962+0000] {processor.py:840} INFO - DAG(s) 'ops_silver_trigger_30min_SLA' retrieved from /opt/airflow/dags/my-freshness-dag.py
[2024-02-02T16:20:21.997+0000] {logging_mixin.py:188} INFO - [2024-02-02T16:20:21.996+0000] {dag.py:3036} INFO - Sync 1 DAGs
[2024-02-02T16:20:22.019+0000] {logging_mixin.py:188} INFO - [2024-02-02T16:20:22.019+0000] {dag.py:3823} INFO - Setting next_dagrun for ops_silver_trigger_30min_SLA to 2024-02-02 00:00:00+00:00, run_after=2024-02-03 00:00:00+00:00
[2024-02-02T16:20:22.037+0000] {processor.py:183} INFO - Processing /opt/airflow/dags/my-freshness-dag.py took 0.106 seconds
[2024-02-02T16:20:52.448+0000] {processor.py:161} INFO - Started process (PID=895) to work on /opt/airflow/dags/my-freshness-dag.py
[2024-02-02T16:20:52.451+0000] {processor.py:830} INFO - Processing file /opt/airflow/dags/my-freshness-dag.py for tasks to queue
[2024-02-02T16:20:52.455+0000] {logging_mixin.py:188} INFO - [2024-02-02T16:20:52.455+0000] {dagbag.py:538} INFO - Filling up the DagBag from /opt/airflow/dags/my-freshness-dag.py
[2024-02-02T16:20:52.472+0000] {processor.py:840} INFO - DAG(s) 'ops_silver_trigger_30min_SLA' retrieved from /opt/airflow/dags/my-freshness-dag.py
[2024-02-02T16:20:52.491+0000] {logging_mixin.py:188} INFO - [2024-02-02T16:20:52.491+0000] {dag.py:3036} INFO - Sync 1 DAGs
[2024-02-02T16:20:52.512+0000] {logging_mixin.py:188} INFO - [2024-02-02T16:20:52.511+0000] {dag.py:3823} INFO - Setting next_dagrun for ops_silver_trigger_30min_SLA to 2024-02-02 00:00:00+00:00, run_after=2024-02-03 00:00:00+00:00
[2024-02-02T16:20:52.528+0000] {processor.py:183} INFO - Processing /opt/airflow/dags/my-freshness-dag.py took 0.087 seconds
[2024-02-02T16:21:22.820+0000] {processor.py:161} INFO - Started process (PID=957) to work on /opt/airflow/dags/my-freshness-dag.py
[2024-02-02T16:21:22.822+0000] {processor.py:830} INFO - Processing file /opt/airflow/dags/my-freshness-dag.py for tasks to queue
[2024-02-02T16:21:22.826+0000] {logging_mixin.py:188} INFO - [2024-02-02T16:21:22.826+0000] {dagbag.py:538} INFO - Filling up the DagBag from /opt/airflow/dags/my-freshness-dag.py
[2024-02-02T16:21:22.842+0000] {processor.py:840} INFO - DAG(s) 'ops_silver_trigger_30min_SLA' retrieved from /opt/airflow/dags/my-freshness-dag.py
[2024-02-02T16:21:22.861+0000] {logging_mixin.py:188} INFO - [2024-02-02T16:21:22.861+0000] {dag.py:3036} INFO - Sync 1 DAGs
[2024-02-02T16:21:22.880+0000] {logging_mixin.py:188} INFO - [2024-02-02T16:21:22.879+0000] {dag.py:3823} INFO - Setting next_dagrun for ops_silver_trigger_30min_SLA to 2024-02-02 00:00:00+00:00, run_after=2024-02-03 00:00:00+00:00
[2024-02-02T16:21:22.896+0000] {processor.py:183} INFO - Processing /opt/airflow/dags/my-freshness-dag.py took 0.084 seconds
[2024-02-02T16:21:53.549+0000] {processor.py:161} INFO - Started process (PID=1015) to work on /opt/airflow/dags/my-freshness-dag.py
[2024-02-02T16:21:53.551+0000] {processor.py:830} INFO - Processing file /opt/airflow/dags/my-freshness-dag.py for tasks to queue
[2024-02-02T16:21:53.556+0000] {logging_mixin.py:188} INFO - [2024-02-02T16:21:53.555+0000] {dagbag.py:538} INFO - Filling up the DagBag from /opt/airflow/dags/my-freshness-dag.py
[2024-02-02T16:21:53.570+0000] {processor.py:840} INFO - DAG(s) 'ops_silver_trigger_30min_SLA' retrieved from /opt/airflow/dags/my-freshness-dag.py
[2024-02-02T16:21:53.589+0000] {logging_mixin.py:188} INFO - [2024-02-02T16:21:53.589+0000] {dag.py:3036} INFO - Sync 1 DAGs
[2024-02-02T16:21:53.608+0000] {logging_mixin.py:188} INFO - [2024-02-02T16:21:53.608+0000] {dag.py:3823} INFO - Setting next_dagrun for ops_silver_trigger_30min_SLA to 2024-02-02 00:00:00+00:00, run_after=2024-02-03 00:00:00+00:00
[2024-02-02T16:21:53.630+0000] {processor.py:183} INFO - Processing /opt/airflow/dags/my-freshness-dag.py took 0.092 seconds
[2024-02-02T16:22:24.011+0000] {processor.py:161} INFO - Started process (PID=1076) to work on /opt/airflow/dags/my-freshness-dag.py
[2024-02-02T16:22:24.015+0000] {processor.py:830} INFO - Processing file /opt/airflow/dags/my-freshness-dag.py for tasks to queue
[2024-02-02T16:22:24.024+0000] {logging_mixin.py:188} INFO - [2024-02-02T16:22:24.023+0000] {dagbag.py:538} INFO - Filling up the DagBag from /opt/airflow/dags/my-freshness-dag.py
[2024-02-02T16:22:24.039+0000] {processor.py:840} INFO - DAG(s) 'ops_silver_trigger_30min_SLA' retrieved from /opt/airflow/dags/my-freshness-dag.py
[2024-02-02T16:22:24.064+0000] {logging_mixin.py:188} INFO - [2024-02-02T16:22:24.064+0000] {dag.py:3036} INFO - Sync 1 DAGs
[2024-02-02T16:22:24.082+0000] {logging_mixin.py:188} INFO - [2024-02-02T16:22:24.082+0000] {dag.py:3823} INFO - Setting next_dagrun for ops_silver_trigger_30min_SLA to 2024-02-02 00:00:00+00:00, run_after=2024-02-03 00:00:00+00:00
[2024-02-02T16:22:24.097+0000] {processor.py:183} INFO - Processing /opt/airflow/dags/my-freshness-dag.py took 0.099 seconds
[2024-02-02T16:22:54.490+0000] {processor.py:161} INFO - Started process (PID=1134) to work on /opt/airflow/dags/my-freshness-dag.py
[2024-02-02T16:22:54.493+0000] {processor.py:830} INFO - Processing file /opt/airflow/dags/my-freshness-dag.py for tasks to queue
[2024-02-02T16:22:54.499+0000] {logging_mixin.py:188} INFO - [2024-02-02T16:22:54.498+0000] {dagbag.py:538} INFO - Filling up the DagBag from /opt/airflow/dags/my-freshness-dag.py
[2024-02-02T16:22:54.517+0000] {processor.py:840} INFO - DAG(s) 'ops_silver_trigger_30min_SLA' retrieved from /opt/airflow/dags/my-freshness-dag.py
[2024-02-02T16:22:54.558+0000] {logging_mixin.py:188} INFO - [2024-02-02T16:22:54.558+0000] {dag.py:3036} INFO - Sync 1 DAGs
[2024-02-02T16:22:54.580+0000] {logging_mixin.py:188} INFO - [2024-02-02T16:22:54.580+0000] {dag.py:3823} INFO - Setting next_dagrun for ops_silver_trigger_30min_SLA to 2024-02-02 00:00:00+00:00, run_after=2024-02-03 00:00:00+00:00
[2024-02-02T16:22:54.598+0000] {processor.py:183} INFO - Processing /opt/airflow/dags/my-freshness-dag.py took 0.113 seconds
[2024-02-02T16:23:24.941+0000] {processor.py:161} INFO - Started process (PID=1196) to work on /opt/airflow/dags/my-freshness-dag.py
[2024-02-02T16:23:24.943+0000] {processor.py:830} INFO - Processing file /opt/airflow/dags/my-freshness-dag.py for tasks to queue
[2024-02-02T16:23:24.946+0000] {logging_mixin.py:188} INFO - [2024-02-02T16:23:24.945+0000] {dagbag.py:538} INFO - Filling up the DagBag from /opt/airflow/dags/my-freshness-dag.py
[2024-02-02T16:23:24.958+0000] {processor.py:840} INFO - DAG(s) 'ops_silver_trigger_30min_SLA' retrieved from /opt/airflow/dags/my-freshness-dag.py
[2024-02-02T16:23:24.987+0000] {logging_mixin.py:188} INFO - [2024-02-02T16:23:24.987+0000] {dag.py:3036} INFO - Sync 1 DAGs
[2024-02-02T16:23:25.006+0000] {logging_mixin.py:188} INFO - [2024-02-02T16:23:25.006+0000] {dag.py:3823} INFO - Setting next_dagrun for ops_silver_trigger_30min_SLA to 2024-02-02 00:00:00+00:00, run_after=2024-02-03 00:00:00+00:00
[2024-02-02T16:23:25.027+0000] {processor.py:183} INFO - Processing /opt/airflow/dags/my-freshness-dag.py took 0.090 seconds
[2024-02-02T16:23:55.576+0000] {processor.py:161} INFO - Started process (PID=1254) to work on /opt/airflow/dags/my-freshness-dag.py
[2024-02-02T16:23:55.579+0000] {processor.py:830} INFO - Processing file /opt/airflow/dags/my-freshness-dag.py for tasks to queue
[2024-02-02T16:23:55.583+0000] {logging_mixin.py:188} INFO - [2024-02-02T16:23:55.583+0000] {dagbag.py:538} INFO - Filling up the DagBag from /opt/airflow/dags/my-freshness-dag.py
[2024-02-02T16:23:55.601+0000] {processor.py:840} INFO - DAG(s) 'ops_silver_trigger_30min_SLA' retrieved from /opt/airflow/dags/my-freshness-dag.py
[2024-02-02T16:23:55.635+0000] {logging_mixin.py:188} INFO - [2024-02-02T16:23:55.634+0000] {dag.py:3036} INFO - Sync 1 DAGs
[2024-02-02T16:23:55.661+0000] {logging_mixin.py:188} INFO - [2024-02-02T16:23:55.661+0000] {dag.py:3823} INFO - Setting next_dagrun for ops_silver_trigger_30min_SLA to 2024-02-02 00:00:00+00:00, run_after=2024-02-03 00:00:00+00:00
[2024-02-02T16:23:55.676+0000] {processor.py:183} INFO - Processing /opt/airflow/dags/my-freshness-dag.py took 0.107 seconds
[2024-02-02T16:24:25.944+0000] {processor.py:161} INFO - Started process (PID=1316) to work on /opt/airflow/dags/my-freshness-dag.py
[2024-02-02T16:24:25.947+0000] {processor.py:830} INFO - Processing file /opt/airflow/dags/my-freshness-dag.py for tasks to queue
[2024-02-02T16:24:25.951+0000] {logging_mixin.py:188} INFO - [2024-02-02T16:24:25.951+0000] {dagbag.py:538} INFO - Filling up the DagBag from /opt/airflow/dags/my-freshness-dag.py
[2024-02-02T16:24:25.965+0000] {processor.py:840} INFO - DAG(s) 'ops_silver_trigger_30min_SLA' retrieved from /opt/airflow/dags/my-freshness-dag.py
[2024-02-02T16:24:25.990+0000] {logging_mixin.py:188} INFO - [2024-02-02T16:24:25.990+0000] {dag.py:3036} INFO - Sync 1 DAGs
[2024-02-02T16:24:26.009+0000] {logging_mixin.py:188} INFO - [2024-02-02T16:24:26.009+0000] {dag.py:3823} INFO - Setting next_dagrun for ops_silver_trigger_30min_SLA to 2024-02-02 00:00:00+00:00, run_after=2024-02-03 00:00:00+00:00
[2024-02-02T16:24:26.026+0000] {processor.py:183} INFO - Processing /opt/airflow/dags/my-freshness-dag.py took 0.086 seconds
[2024-02-02T16:24:56.498+0000] {processor.py:161} INFO - Started process (PID=1374) to work on /opt/airflow/dags/my-freshness-dag.py
[2024-02-02T16:24:56.501+0000] {processor.py:830} INFO - Processing file /opt/airflow/dags/my-freshness-dag.py for tasks to queue
[2024-02-02T16:24:56.506+0000] {logging_mixin.py:188} INFO - [2024-02-02T16:24:56.505+0000] {dagbag.py:538} INFO - Filling up the DagBag from /opt/airflow/dags/my-freshness-dag.py
[2024-02-02T16:24:56.522+0000] {processor.py:840} INFO - DAG(s) 'ops_silver_trigger_30min_SLA' retrieved from /opt/airflow/dags/my-freshness-dag.py
[2024-02-02T16:24:56.541+0000] {logging_mixin.py:188} INFO - [2024-02-02T16:24:56.541+0000] {dag.py:3036} INFO - Sync 1 DAGs
[2024-02-02T16:24:56.560+0000] {logging_mixin.py:188} INFO - [2024-02-02T16:24:56.560+0000] {dag.py:3823} INFO - Setting next_dagrun for ops_silver_trigger_30min_SLA to 2024-02-02 00:00:00+00:00, run_after=2024-02-03 00:00:00+00:00
[2024-02-02T16:24:56.575+0000] {processor.py:183} INFO - Processing /opt/airflow/dags/my-freshness-dag.py took 0.083 seconds
[2024-02-02T16:25:26.640+0000] {processor.py:161} INFO - Started process (PID=1436) to work on /opt/airflow/dags/my-freshness-dag.py
[2024-02-02T16:25:26.643+0000] {processor.py:830} INFO - Processing file /opt/airflow/dags/my-freshness-dag.py for tasks to queue
[2024-02-02T16:25:26.647+0000] {logging_mixin.py:188} INFO - [2024-02-02T16:25:26.647+0000] {dagbag.py:538} INFO - Filling up the DagBag from /opt/airflow/dags/my-freshness-dag.py
[2024-02-02T16:25:26.662+0000] {processor.py:840} INFO - DAG(s) 'ops_silver_trigger_30min_SLA' retrieved from /opt/airflow/dags/my-freshness-dag.py
[2024-02-02T16:25:26.680+0000] {logging_mixin.py:188} INFO - [2024-02-02T16:25:26.680+0000] {dag.py:3036} INFO - Sync 1 DAGs
[2024-02-02T16:25:26.696+0000] {logging_mixin.py:188} INFO - [2024-02-02T16:25:26.695+0000] {dag.py:3823} INFO - Setting next_dagrun for ops_silver_trigger_30min_SLA to 2024-02-02 00:00:00+00:00, run_after=2024-02-03 00:00:00+00:00
[2024-02-02T16:25:26.710+0000] {processor.py:183} INFO - Processing /opt/airflow/dags/my-freshness-dag.py took 0.076 seconds
[2024-02-02T16:25:57.105+0000] {processor.py:161} INFO - Started process (PID=1493) to work on /opt/airflow/dags/my-freshness-dag.py
[2024-02-02T16:25:57.107+0000] {processor.py:830} INFO - Processing file /opt/airflow/dags/my-freshness-dag.py for tasks to queue
[2024-02-02T16:25:57.110+0000] {logging_mixin.py:188} INFO - [2024-02-02T16:25:57.109+0000] {dagbag.py:538} INFO - Filling up the DagBag from /opt/airflow/dags/my-freshness-dag.py
[2024-02-02T16:25:57.122+0000] {processor.py:840} INFO - DAG(s) 'ops_silver_trigger_30min_SLA' retrieved from /opt/airflow/dags/my-freshness-dag.py
[2024-02-02T16:25:57.142+0000] {logging_mixin.py:188} INFO - [2024-02-02T16:25:57.142+0000] {dag.py:3036} INFO - Sync 1 DAGs
[2024-02-02T16:25:57.165+0000] {logging_mixin.py:188} INFO - [2024-02-02T16:25:57.165+0000] {dag.py:3823} INFO - Setting next_dagrun for ops_silver_trigger_30min_SLA to 2024-02-02 00:00:00+00:00, run_after=2024-02-03 00:00:00+00:00
[2024-02-02T16:25:57.181+0000] {processor.py:183} INFO - Processing /opt/airflow/dags/my-freshness-dag.py took 0.080 seconds
[2024-02-02T16:26:27.779+0000] {processor.py:161} INFO - Started process (PID=1555) to work on /opt/airflow/dags/my-freshness-dag.py
[2024-02-02T16:26:27.784+0000] {processor.py:830} INFO - Processing file /opt/airflow/dags/my-freshness-dag.py for tasks to queue
[2024-02-02T16:26:27.788+0000] {logging_mixin.py:188} INFO - [2024-02-02T16:26:27.787+0000] {dagbag.py:538} INFO - Filling up the DagBag from /opt/airflow/dags/my-freshness-dag.py
[2024-02-02T16:26:27.798+0000] {processor.py:840} INFO - DAG(s) 'ops_silver_trigger_30min_SLA' retrieved from /opt/airflow/dags/my-freshness-dag.py
[2024-02-02T16:26:27.817+0000] {logging_mixin.py:188} INFO - [2024-02-02T16:26:27.817+0000] {dag.py:3036} INFO - Sync 1 DAGs
[2024-02-02T16:26:27.835+0000] {logging_mixin.py:188} INFO - [2024-02-02T16:26:27.834+0000] {dag.py:3823} INFO - Setting next_dagrun for ops_silver_trigger_30min_SLA to 2024-02-02 00:00:00+00:00, run_after=2024-02-03 00:00:00+00:00
[2024-02-02T16:26:27.854+0000] {processor.py:183} INFO - Processing /opt/airflow/dags/my-freshness-dag.py took 0.078 seconds
[2024-02-02T16:26:58.276+0000] {processor.py:161} INFO - Started process (PID=1613) to work on /opt/airflow/dags/my-freshness-dag.py
[2024-02-02T16:26:58.279+0000] {processor.py:830} INFO - Processing file /opt/airflow/dags/my-freshness-dag.py for tasks to queue
[2024-02-02T16:26:58.282+0000] {logging_mixin.py:188} INFO - [2024-02-02T16:26:58.282+0000] {dagbag.py:538} INFO - Filling up the DagBag from /opt/airflow/dags/my-freshness-dag.py
[2024-02-02T16:26:58.293+0000] {processor.py:840} INFO - DAG(s) 'ops_silver_trigger_30min_SLA' retrieved from /opt/airflow/dags/my-freshness-dag.py
[2024-02-02T16:26:58.309+0000] {logging_mixin.py:188} INFO - [2024-02-02T16:26:58.309+0000] {dag.py:3036} INFO - Sync 1 DAGs
[2024-02-02T16:26:58.325+0000] {logging_mixin.py:188} INFO - [2024-02-02T16:26:58.325+0000] {dag.py:3823} INFO - Setting next_dagrun for ops_silver_trigger_30min_SLA to 2024-02-02 00:00:00+00:00, run_after=2024-02-03 00:00:00+00:00
[2024-02-02T16:26:58.341+0000] {processor.py:183} INFO - Processing /opt/airflow/dags/my-freshness-dag.py took 0.071 seconds
[2024-02-02T16:27:29.103+0000] {processor.py:161} INFO - Started process (PID=1676) to work on /opt/airflow/dags/my-freshness-dag.py
[2024-02-02T16:27:29.108+0000] {processor.py:830} INFO - Processing file /opt/airflow/dags/my-freshness-dag.py for tasks to queue
[2024-02-02T16:27:29.117+0000] {logging_mixin.py:188} INFO - [2024-02-02T16:27:29.116+0000] {dagbag.py:538} INFO - Filling up the DagBag from /opt/airflow/dags/my-freshness-dag.py
[2024-02-02T16:27:29.134+0000] {processor.py:840} INFO - DAG(s) 'ops_silver_trigger_30min_SLA' retrieved from /opt/airflow/dags/my-freshness-dag.py
[2024-02-02T16:27:29.156+0000] {logging_mixin.py:188} INFO - [2024-02-02T16:27:29.156+0000] {dag.py:3036} INFO - Sync 1 DAGs
[2024-02-02T16:27:29.177+0000] {logging_mixin.py:188} INFO - [2024-02-02T16:27:29.177+0000] {dag.py:3823} INFO - Setting next_dagrun for ops_silver_trigger_30min_SLA to 2024-02-02 00:00:00+00:00, run_after=2024-02-03 00:00:00+00:00
[2024-02-02T16:27:29.195+0000] {processor.py:183} INFO - Processing /opt/airflow/dags/my-freshness-dag.py took 0.098 seconds
[2024-02-02T16:27:59.612+0000] {processor.py:161} INFO - Started process (PID=1733) to work on /opt/airflow/dags/my-freshness-dag.py
[2024-02-02T16:27:59.615+0000] {processor.py:830} INFO - Processing file /opt/airflow/dags/my-freshness-dag.py for tasks to queue
[2024-02-02T16:27:59.619+0000] {logging_mixin.py:188} INFO - [2024-02-02T16:27:59.619+0000] {dagbag.py:538} INFO - Filling up the DagBag from /opt/airflow/dags/my-freshness-dag.py
[2024-02-02T16:27:59.636+0000] {processor.py:840} INFO - DAG(s) 'ops_silver_trigger_30min_SLA' retrieved from /opt/airflow/dags/my-freshness-dag.py
[2024-02-02T16:27:59.652+0000] {logging_mixin.py:188} INFO - [2024-02-02T16:27:59.652+0000] {dag.py:3036} INFO - Sync 1 DAGs
[2024-02-02T16:27:59.667+0000] {logging_mixin.py:188} INFO - [2024-02-02T16:27:59.666+0000] {dag.py:3823} INFO - Setting next_dagrun for ops_silver_trigger_30min_SLA to 2024-02-02 00:00:00+00:00, run_after=2024-02-03 00:00:00+00:00
[2024-02-02T16:27:59.680+0000] {processor.py:183} INFO - Processing /opt/airflow/dags/my-freshness-dag.py took 0.072 seconds
[2024-02-02T16:28:29.903+0000] {processor.py:161} INFO - Started process (PID=1797) to work on /opt/airflow/dags/my-freshness-dag.py
[2024-02-02T16:28:29.906+0000] {processor.py:830} INFO - Processing file /opt/airflow/dags/my-freshness-dag.py for tasks to queue
[2024-02-02T16:28:29.909+0000] {logging_mixin.py:188} INFO - [2024-02-02T16:28:29.908+0000] {dagbag.py:538} INFO - Filling up the DagBag from /opt/airflow/dags/my-freshness-dag.py
[2024-02-02T16:28:29.922+0000] {processor.py:840} INFO - DAG(s) 'ops_silver_trigger_30min_SLA' retrieved from /opt/airflow/dags/my-freshness-dag.py
[2024-02-02T16:28:29.940+0000] {logging_mixin.py:188} INFO - [2024-02-02T16:28:29.940+0000] {dag.py:3036} INFO - Sync 1 DAGs
[2024-02-02T16:28:29.955+0000] {logging_mixin.py:188} INFO - [2024-02-02T16:28:29.955+0000] {dag.py:3823} INFO - Setting next_dagrun for ops_silver_trigger_30min_SLA to 2024-02-02 00:00:00+00:00, run_after=2024-02-03 00:00:00+00:00
[2024-02-02T16:28:29.968+0000] {processor.py:183} INFO - Processing /opt/airflow/dags/my-freshness-dag.py took 0.071 seconds
[2024-02-02T16:29:00.533+0000] {processor.py:161} INFO - Started process (PID=1855) to work on /opt/airflow/dags/my-freshness-dag.py
[2024-02-02T16:29:00.535+0000] {processor.py:830} INFO - Processing file /opt/airflow/dags/my-freshness-dag.py for tasks to queue
[2024-02-02T16:29:00.539+0000] {logging_mixin.py:188} INFO - [2024-02-02T16:29:00.539+0000] {dagbag.py:538} INFO - Filling up the DagBag from /opt/airflow/dags/my-freshness-dag.py
[2024-02-02T16:29:00.568+0000] {processor.py:840} INFO - DAG(s) 'ops_silver_trigger_30min_SLA' retrieved from /opt/airflow/dags/my-freshness-dag.py
[2024-02-02T16:29:00.604+0000] {logging_mixin.py:188} INFO - [2024-02-02T16:29:00.603+0000] {dag.py:3036} INFO - Sync 1 DAGs
[2024-02-02T16:29:00.645+0000] {logging_mixin.py:188} INFO - [2024-02-02T16:29:00.644+0000] {dag.py:3823} INFO - Setting next_dagrun for ops_silver_trigger_30min_SLA to 2024-02-02 00:00:00+00:00, run_after=2024-02-03 00:00:00+00:00
[2024-02-02T16:29:00.691+0000] {processor.py:183} INFO - Processing /opt/airflow/dags/my-freshness-dag.py took 0.161 seconds
[2024-02-02T16:29:31.326+0000] {processor.py:161} INFO - Started process (PID=1915) to work on /opt/airflow/dags/my-freshness-dag.py
[2024-02-02T16:29:31.330+0000] {processor.py:830} INFO - Processing file /opt/airflow/dags/my-freshness-dag.py for tasks to queue
[2024-02-02T16:29:31.333+0000] {logging_mixin.py:188} INFO - [2024-02-02T16:29:31.333+0000] {dagbag.py:538} INFO - Filling up the DagBag from /opt/airflow/dags/my-freshness-dag.py
[2024-02-02T16:29:31.357+0000] {processor.py:840} INFO - DAG(s) 'ops_silver_trigger_30min_SLA' retrieved from /opt/airflow/dags/my-freshness-dag.py
[2024-02-02T16:29:31.382+0000] {logging_mixin.py:188} INFO - [2024-02-02T16:29:31.382+0000] {dag.py:3036} INFO - Sync 1 DAGs
[2024-02-02T16:29:31.401+0000] {logging_mixin.py:188} INFO - [2024-02-02T16:29:31.401+0000] {dag.py:3823} INFO - Setting next_dagrun for ops_silver_trigger_30min_SLA to 2024-02-02 00:00:00+00:00, run_after=2024-02-03 00:00:00+00:00
[2024-02-02T16:29:31.416+0000] {processor.py:183} INFO - Processing /opt/airflow/dags/my-freshness-dag.py took 0.099 seconds
[2024-02-02T16:30:02.078+0000] {processor.py:161} INFO - Started process (PID=1978) to work on /opt/airflow/dags/my-freshness-dag.py
[2024-02-02T16:30:02.081+0000] {processor.py:830} INFO - Processing file /opt/airflow/dags/my-freshness-dag.py for tasks to queue
[2024-02-02T16:30:02.087+0000] {logging_mixin.py:188} INFO - [2024-02-02T16:30:02.086+0000] {dagbag.py:538} INFO - Filling up the DagBag from /opt/airflow/dags/my-freshness-dag.py
[2024-02-02T16:30:02.122+0000] {processor.py:840} INFO - DAG(s) 'ops_silver_trigger_30min_SLA' retrieved from /opt/airflow/dags/my-freshness-dag.py
[2024-02-02T16:30:02.147+0000] {logging_mixin.py:188} INFO - [2024-02-02T16:30:02.147+0000] {dag.py:3036} INFO - Sync 1 DAGs
[2024-02-02T16:30:02.182+0000] {logging_mixin.py:188} INFO - [2024-02-02T16:30:02.182+0000] {dag.py:3823} INFO - Setting next_dagrun for ops_silver_trigger_30min_SLA to 2024-02-02 00:00:00+00:00, run_after=2024-02-03 00:00:00+00:00
[2024-02-02T16:30:02.221+0000] {processor.py:183} INFO - Processing /opt/airflow/dags/my-freshness-dag.py took 0.147 seconds
[2024-02-02T16:30:32.810+0000] {processor.py:161} INFO - Started process (PID=2034) to work on /opt/airflow/dags/my-freshness-dag.py
[2024-02-02T16:30:32.813+0000] {processor.py:830} INFO - Processing file /opt/airflow/dags/my-freshness-dag.py for tasks to queue
[2024-02-02T16:30:32.817+0000] {logging_mixin.py:188} INFO - [2024-02-02T16:30:32.817+0000] {dagbag.py:538} INFO - Filling up the DagBag from /opt/airflow/dags/my-freshness-dag.py
[2024-02-02T16:30:32.844+0000] {processor.py:840} INFO - DAG(s) 'ops_silver_trigger_30min_SLA' retrieved from /opt/airflow/dags/my-freshness-dag.py
[2024-02-02T16:30:32.866+0000] {logging_mixin.py:188} INFO - [2024-02-02T16:30:32.866+0000] {dag.py:3036} INFO - Sync 1 DAGs
[2024-02-02T16:30:32.887+0000] {logging_mixin.py:188} INFO - [2024-02-02T16:30:32.886+0000] {dag.py:3823} INFO - Setting next_dagrun for ops_silver_trigger_30min_SLA to 2024-02-02 00:00:00+00:00, run_after=2024-02-03 00:00:00+00:00
[2024-02-02T16:30:32.903+0000] {processor.py:183} INFO - Processing /opt/airflow/dags/my-freshness-dag.py took 0.100 seconds
[2024-02-02T16:31:03.475+0000] {processor.py:161} INFO - Started process (PID=2096) to work on /opt/airflow/dags/my-freshness-dag.py
[2024-02-02T16:31:03.478+0000] {processor.py:830} INFO - Processing file /opt/airflow/dags/my-freshness-dag.py for tasks to queue
[2024-02-02T16:31:03.482+0000] {logging_mixin.py:188} INFO - [2024-02-02T16:31:03.481+0000] {dagbag.py:538} INFO - Filling up the DagBag from /opt/airflow/dags/my-freshness-dag.py
[2024-02-02T16:31:03.495+0000] {processor.py:840} INFO - DAG(s) 'ops_silver_trigger_30min_SLA' retrieved from /opt/airflow/dags/my-freshness-dag.py
[2024-02-02T16:31:03.511+0000] {logging_mixin.py:188} INFO - [2024-02-02T16:31:03.511+0000] {dag.py:3036} INFO - Sync 1 DAGs
[2024-02-02T16:31:03.526+0000] {logging_mixin.py:188} INFO - [2024-02-02T16:31:03.526+0000] {dag.py:3823} INFO - Setting next_dagrun for ops_silver_trigger_30min_SLA to 2024-02-02 00:00:00+00:00, run_after=2024-02-03 00:00:00+00:00
[2024-02-02T16:31:03.543+0000] {processor.py:183} INFO - Processing /opt/airflow/dags/my-freshness-dag.py took 0.073 seconds
[2024-02-02T16:31:33.876+0000] {processor.py:161} INFO - Started process (PID=2154) to work on /opt/airflow/dags/my-freshness-dag.py
[2024-02-02T16:31:33.880+0000] {processor.py:830} INFO - Processing file /opt/airflow/dags/my-freshness-dag.py for tasks to queue
[2024-02-02T16:31:33.885+0000] {logging_mixin.py:188} INFO - [2024-02-02T16:31:33.885+0000] {dagbag.py:538} INFO - Filling up the DagBag from /opt/airflow/dags/my-freshness-dag.py
[2024-02-02T16:31:33.904+0000] {processor.py:840} INFO - DAG(s) 'ops_silver_trigger_30min_SLA' retrieved from /opt/airflow/dags/my-freshness-dag.py
[2024-02-02T16:31:33.927+0000] {logging_mixin.py:188} INFO - [2024-02-02T16:31:33.926+0000] {dag.py:3036} INFO - Sync 1 DAGs
[2024-02-02T16:31:33.951+0000] {logging_mixin.py:188} INFO - [2024-02-02T16:31:33.951+0000] {dag.py:3823} INFO - Setting next_dagrun for ops_silver_trigger_30min_SLA to 2024-02-02 00:00:00+00:00, run_after=2024-02-03 00:00:00+00:00
[2024-02-02T16:31:33.975+0000] {processor.py:183} INFO - Processing /opt/airflow/dags/my-freshness-dag.py took 0.104 seconds
[2024-02-02T16:32:04.256+0000] {processor.py:161} INFO - Started process (PID=2216) to work on /opt/airflow/dags/my-freshness-dag.py
[2024-02-02T16:32:04.259+0000] {processor.py:830} INFO - Processing file /opt/airflow/dags/my-freshness-dag.py for tasks to queue
[2024-02-02T16:32:04.265+0000] {logging_mixin.py:188} INFO - [2024-02-02T16:32:04.264+0000] {dagbag.py:538} INFO - Filling up the DagBag from /opt/airflow/dags/my-freshness-dag.py
[2024-02-02T16:32:04.279+0000] {processor.py:840} INFO - DAG(s) 'ops_silver_trigger_30min_SLA' retrieved from /opt/airflow/dags/my-freshness-dag.py
[2024-02-02T16:32:04.297+0000] {logging_mixin.py:188} INFO - [2024-02-02T16:32:04.297+0000] {dag.py:3036} INFO - Sync 1 DAGs
[2024-02-02T16:32:04.313+0000] {logging_mixin.py:188} INFO - [2024-02-02T16:32:04.312+0000] {dag.py:3823} INFO - Setting next_dagrun for ops_silver_trigger_30min_SLA to 2024-02-02 00:00:00+00:00, run_after=2024-02-03 00:00:00+00:00
[2024-02-02T16:32:04.327+0000] {processor.py:183} INFO - Processing /opt/airflow/dags/my-freshness-dag.py took 0.081 seconds
[2024-02-02T16:32:34.850+0000] {processor.py:161} INFO - Started process (PID=2273) to work on /opt/airflow/dags/my-freshness-dag.py
[2024-02-02T16:32:34.853+0000] {processor.py:830} INFO - Processing file /opt/airflow/dags/my-freshness-dag.py for tasks to queue
[2024-02-02T16:32:34.857+0000] {logging_mixin.py:188} INFO - [2024-02-02T16:32:34.857+0000] {dagbag.py:538} INFO - Filling up the DagBag from /opt/airflow/dags/my-freshness-dag.py
[2024-02-02T16:32:34.871+0000] {processor.py:840} INFO - DAG(s) 'ops_silver_trigger_30min_SLA' retrieved from /opt/airflow/dags/my-freshness-dag.py
[2024-02-02T16:32:34.890+0000] {logging_mixin.py:188} INFO - [2024-02-02T16:32:34.890+0000] {dag.py:3036} INFO - Sync 1 DAGs
[2024-02-02T16:32:34.907+0000] {logging_mixin.py:188} INFO - [2024-02-02T16:32:34.907+0000] {dag.py:3823} INFO - Setting next_dagrun for ops_silver_trigger_30min_SLA to 2024-02-02 00:00:00+00:00, run_after=2024-02-03 00:00:00+00:00
[2024-02-02T16:32:34.922+0000] {processor.py:183} INFO - Processing /opt/airflow/dags/my-freshness-dag.py took 0.078 seconds
[2024-02-02T16:33:05.305+0000] {processor.py:161} INFO - Started process (PID=2336) to work on /opt/airflow/dags/my-freshness-dag.py
[2024-02-02T16:33:05.308+0000] {processor.py:830} INFO - Processing file /opt/airflow/dags/my-freshness-dag.py for tasks to queue
[2024-02-02T16:33:05.313+0000] {logging_mixin.py:188} INFO - [2024-02-02T16:33:05.313+0000] {dagbag.py:538} INFO - Filling up the DagBag from /opt/airflow/dags/my-freshness-dag.py
[2024-02-02T16:33:05.327+0000] {processor.py:840} INFO - DAG(s) 'ops_silver_trigger_30min_SLA' retrieved from /opt/airflow/dags/my-freshness-dag.py
[2024-02-02T16:33:05.355+0000] {logging_mixin.py:188} INFO - [2024-02-02T16:33:05.354+0000] {dag.py:3036} INFO - Sync 1 DAGs
[2024-02-02T16:33:05.373+0000] {logging_mixin.py:188} INFO - [2024-02-02T16:33:05.373+0000] {dag.py:3823} INFO - Setting next_dagrun for ops_silver_trigger_30min_SLA to 2024-02-02 00:00:00+00:00, run_after=2024-02-03 00:00:00+00:00
[2024-02-02T16:33:05.388+0000] {processor.py:183} INFO - Processing /opt/airflow/dags/my-freshness-dag.py took 0.093 seconds
[2024-02-02T16:33:35.771+0000] {processor.py:161} INFO - Started process (PID=2394) to work on /opt/airflow/dags/my-freshness-dag.py
[2024-02-02T16:33:35.773+0000] {processor.py:830} INFO - Processing file /opt/airflow/dags/my-freshness-dag.py for tasks to queue
[2024-02-02T16:33:35.777+0000] {logging_mixin.py:188} INFO - [2024-02-02T16:33:35.777+0000] {dagbag.py:538} INFO - Filling up the DagBag from /opt/airflow/dags/my-freshness-dag.py
[2024-02-02T16:33:35.792+0000] {processor.py:840} INFO - DAG(s) 'ops_silver_trigger_30min_SLA' retrieved from /opt/airflow/dags/my-freshness-dag.py
[2024-02-02T16:33:35.814+0000] {logging_mixin.py:188} INFO - [2024-02-02T16:33:35.814+0000] {dag.py:3036} INFO - Sync 1 DAGs
[2024-02-02T16:33:35.844+0000] {logging_mixin.py:188} INFO - [2024-02-02T16:33:35.844+0000] {dag.py:3823} INFO - Setting next_dagrun for ops_silver_trigger_30min_SLA to 2024-02-02 00:00:00+00:00, run_after=2024-02-03 00:00:00+00:00
[2024-02-02T16:33:35.861+0000] {processor.py:183} INFO - Processing /opt/airflow/dags/my-freshness-dag.py took 0.095 seconds
[2024-02-02T16:34:06.492+0000] {processor.py:161} INFO - Started process (PID=2456) to work on /opt/airflow/dags/my-freshness-dag.py
[2024-02-02T16:34:06.495+0000] {processor.py:830} INFO - Processing file /opt/airflow/dags/my-freshness-dag.py for tasks to queue
[2024-02-02T16:34:06.499+0000] {logging_mixin.py:188} INFO - [2024-02-02T16:34:06.498+0000] {dagbag.py:538} INFO - Filling up the DagBag from /opt/airflow/dags/my-freshness-dag.py
[2024-02-02T16:34:06.512+0000] {processor.py:840} INFO - DAG(s) 'ops_silver_trigger_30min_SLA' retrieved from /opt/airflow/dags/my-freshness-dag.py
[2024-02-02T16:34:06.529+0000] {logging_mixin.py:188} INFO - [2024-02-02T16:34:06.529+0000] {dag.py:3036} INFO - Sync 1 DAGs
[2024-02-02T16:34:06.544+0000] {logging_mixin.py:188} INFO - [2024-02-02T16:34:06.543+0000] {dag.py:3823} INFO - Setting next_dagrun for ops_silver_trigger_30min_SLA to 2024-02-02 00:00:00+00:00, run_after=2024-02-03 00:00:00+00:00
[2024-02-02T16:34:06.558+0000] {processor.py:183} INFO - Processing /opt/airflow/dags/my-freshness-dag.py took 0.071 seconds
[2024-02-02T16:34:36.653+0000] {processor.py:161} INFO - Started process (PID=2514) to work on /opt/airflow/dags/my-freshness-dag.py
[2024-02-02T16:34:36.656+0000] {processor.py:830} INFO - Processing file /opt/airflow/dags/my-freshness-dag.py for tasks to queue
[2024-02-02T16:34:36.661+0000] {logging_mixin.py:188} INFO - [2024-02-02T16:34:36.660+0000] {dagbag.py:538} INFO - Filling up the DagBag from /opt/airflow/dags/my-freshness-dag.py
[2024-02-02T16:34:36.676+0000] {processor.py:840} INFO - DAG(s) 'ops_silver_trigger_30min_SLA' retrieved from /opt/airflow/dags/my-freshness-dag.py
[2024-02-02T16:34:36.696+0000] {logging_mixin.py:188} INFO - [2024-02-02T16:34:36.696+0000] {dag.py:3036} INFO - Sync 1 DAGs
[2024-02-02T16:34:36.715+0000] {logging_mixin.py:188} INFO - [2024-02-02T16:34:36.715+0000] {dag.py:3823} INFO - Setting next_dagrun for ops_silver_trigger_30min_SLA to 2024-02-02 00:00:00+00:00, run_after=2024-02-03 00:00:00+00:00
[2024-02-02T16:34:36.737+0000] {processor.py:183} INFO - Processing /opt/airflow/dags/my-freshness-dag.py took 0.089 seconds
[2024-02-02T16:35:07.253+0000] {processor.py:161} INFO - Started process (PID=2581) to work on /opt/airflow/dags/my-freshness-dag.py
[2024-02-02T16:35:07.255+0000] {processor.py:830} INFO - Processing file /opt/airflow/dags/my-freshness-dag.py for tasks to queue
[2024-02-02T16:35:07.258+0000] {logging_mixin.py:188} INFO - [2024-02-02T16:35:07.258+0000] {dagbag.py:538} INFO - Filling up the DagBag from /opt/airflow/dags/my-freshness-dag.py
[2024-02-02T16:35:07.270+0000] {processor.py:840} INFO - DAG(s) 'ops_silver_trigger_30min_SLA' retrieved from /opt/airflow/dags/my-freshness-dag.py
[2024-02-02T16:35:07.285+0000] {logging_mixin.py:188} INFO - [2024-02-02T16:35:07.285+0000] {dag.py:3036} INFO - Sync 1 DAGs
[2024-02-02T16:35:07.301+0000] {logging_mixin.py:188} INFO - [2024-02-02T16:35:07.301+0000] {dag.py:3823} INFO - Setting next_dagrun for ops_silver_trigger_30min_SLA to 2024-02-02 00:00:00+00:00, run_after=2024-02-03 00:00:00+00:00
[2024-02-02T16:35:07.315+0000] {processor.py:183} INFO - Processing /opt/airflow/dags/my-freshness-dag.py took 0.066 seconds
[2024-02-02T16:35:37.917+0000] {processor.py:161} INFO - Started process (PID=2638) to work on /opt/airflow/dags/my-freshness-dag.py
[2024-02-02T16:35:37.920+0000] {processor.py:830} INFO - Processing file /opt/airflow/dags/my-freshness-dag.py for tasks to queue
[2024-02-02T16:35:37.923+0000] {logging_mixin.py:188} INFO - [2024-02-02T16:35:37.922+0000] {dagbag.py:538} INFO - Filling up the DagBag from /opt/airflow/dags/my-freshness-dag.py
[2024-02-02T16:35:37.938+0000] {processor.py:840} INFO - DAG(s) 'ops_silver_trigger_30min_SLA' retrieved from /opt/airflow/dags/my-freshness-dag.py
[2024-02-02T16:35:37.956+0000] {logging_mixin.py:188} INFO - [2024-02-02T16:35:37.956+0000] {dag.py:3036} INFO - Sync 1 DAGs
[2024-02-02T16:35:38.072+0000] {logging_mixin.py:188} INFO - [2024-02-02T16:35:38.072+0000] {dag.py:3823} INFO - Setting next_dagrun for ops_silver_trigger_30min_SLA to 2024-02-02 00:00:00+00:00, run_after=2024-02-03 00:00:00+00:00
[2024-02-02T16:35:38.086+0000] {processor.py:183} INFO - Processing /opt/airflow/dags/my-freshness-dag.py took 0.176 seconds
[2024-02-02T16:36:08.313+0000] {processor.py:161} INFO - Started process (PID=2701) to work on /opt/airflow/dags/my-freshness-dag.py
[2024-02-02T16:36:08.317+0000] {processor.py:830} INFO - Processing file /opt/airflow/dags/my-freshness-dag.py for tasks to queue
[2024-02-02T16:36:08.324+0000] {logging_mixin.py:188} INFO - [2024-02-02T16:36:08.323+0000] {dagbag.py:538} INFO - Filling up the DagBag from /opt/airflow/dags/my-freshness-dag.py
[2024-02-02T16:36:08.336+0000] {processor.py:840} INFO - DAG(s) 'ops_silver_trigger_30min_SLA' retrieved from /opt/airflow/dags/my-freshness-dag.py
[2024-02-02T16:36:08.354+0000] {logging_mixin.py:188} INFO - [2024-02-02T16:36:08.354+0000] {dag.py:3036} INFO - Sync 1 DAGs
[2024-02-02T16:36:08.371+0000] {logging_mixin.py:188} INFO - [2024-02-02T16:36:08.371+0000] {dag.py:3823} INFO - Setting next_dagrun for ops_silver_trigger_30min_SLA to 2024-02-02 00:00:00+00:00, run_after=2024-02-03 00:00:00+00:00
[2024-02-02T16:36:08.538+0000] {processor.py:183} INFO - Processing /opt/airflow/dags/my-freshness-dag.py took 0.235 seconds
[2024-02-02T16:36:39.159+0000] {processor.py:161} INFO - Started process (PID=2758) to work on /opt/airflow/dags/my-freshness-dag.py
[2024-02-02T16:36:39.161+0000] {processor.py:830} INFO - Processing file /opt/airflow/dags/my-freshness-dag.py for tasks to queue
[2024-02-02T16:36:39.165+0000] {logging_mixin.py:188} INFO - [2024-02-02T16:36:39.164+0000] {dagbag.py:538} INFO - Filling up the DagBag from /opt/airflow/dags/my-freshness-dag.py
[2024-02-02T16:36:39.179+0000] {processor.py:840} INFO - DAG(s) 'ops_silver_trigger_30min_SLA' retrieved from /opt/airflow/dags/my-freshness-dag.py
[2024-02-02T16:36:39.198+0000] {logging_mixin.py:188} INFO - [2024-02-02T16:36:39.198+0000] {dag.py:3036} INFO - Sync 1 DAGs
[2024-02-02T16:36:39.214+0000] {logging_mixin.py:188} INFO - [2024-02-02T16:36:39.214+0000] {dag.py:3823} INFO - Setting next_dagrun for ops_silver_trigger_30min_SLA to 2024-02-02 00:00:00+00:00, run_after=2024-02-03 00:00:00+00:00
[2024-02-02T16:36:39.336+0000] {processor.py:183} INFO - Processing /opt/airflow/dags/my-freshness-dag.py took 0.183 seconds
[2024-02-02T16:37:10.280+0000] {processor.py:161} INFO - Started process (PID=2820) to work on /opt/airflow/dags/my-freshness-dag.py
[2024-02-02T16:37:10.284+0000] {processor.py:830} INFO - Processing file /opt/airflow/dags/my-freshness-dag.py for tasks to queue
[2024-02-02T16:37:10.288+0000] {logging_mixin.py:188} INFO - [2024-02-02T16:37:10.288+0000] {dagbag.py:538} INFO - Filling up the DagBag from /opt/airflow/dags/my-freshness-dag.py
[2024-02-02T16:37:10.301+0000] {processor.py:840} INFO - DAG(s) 'ops_silver_trigger_30min_SLA' retrieved from /opt/airflow/dags/my-freshness-dag.py
[2024-02-02T16:37:10.327+0000] {logging_mixin.py:188} INFO - [2024-02-02T16:37:10.327+0000] {dag.py:3036} INFO - Sync 1 DAGs
[2024-02-02T16:37:10.348+0000] {logging_mixin.py:188} INFO - [2024-02-02T16:37:10.348+0000] {dag.py:3823} INFO - Setting next_dagrun for ops_silver_trigger_30min_SLA to 2024-02-02 00:00:00+00:00, run_after=2024-02-03 00:00:00+00:00
[2024-02-02T16:37:10.365+0000] {processor.py:183} INFO - Processing /opt/airflow/dags/my-freshness-dag.py took 0.093 seconds
[2024-02-02T16:37:40.924+0000] {processor.py:161} INFO - Started process (PID=2877) to work on /opt/airflow/dags/my-freshness-dag.py
[2024-02-02T16:37:40.927+0000] {processor.py:830} INFO - Processing file /opt/airflow/dags/my-freshness-dag.py for tasks to queue
[2024-02-02T16:37:40.930+0000] {logging_mixin.py:188} INFO - [2024-02-02T16:37:40.930+0000] {dagbag.py:538} INFO - Filling up the DagBag from /opt/airflow/dags/my-freshness-dag.py
[2024-02-02T16:37:40.946+0000] {processor.py:840} INFO - DAG(s) 'ops_silver_trigger_30min_SLA' retrieved from /opt/airflow/dags/my-freshness-dag.py
[2024-02-02T16:37:40.963+0000] {logging_mixin.py:188} INFO - [2024-02-02T16:37:40.963+0000] {dag.py:3036} INFO - Sync 1 DAGs
[2024-02-02T16:37:40.978+0000] {logging_mixin.py:188} INFO - [2024-02-02T16:37:40.978+0000] {dag.py:3823} INFO - Setting next_dagrun for ops_silver_trigger_30min_SLA to 2024-02-02 00:00:00+00:00, run_after=2024-02-03 00:00:00+00:00
[2024-02-02T16:37:40.994+0000] {processor.py:183} INFO - Processing /opt/airflow/dags/my-freshness-dag.py took 0.075 seconds
[2024-02-02T16:38:11.393+0000] {processor.py:161} INFO - Started process (PID=2941) to work on /opt/airflow/dags/my-freshness-dag.py
[2024-02-02T16:38:11.396+0000] {processor.py:830} INFO - Processing file /opt/airflow/dags/my-freshness-dag.py for tasks to queue
[2024-02-02T16:38:11.401+0000] {logging_mixin.py:188} INFO - [2024-02-02T16:38:11.401+0000] {dagbag.py:538} INFO - Filling up the DagBag from /opt/airflow/dags/my-freshness-dag.py
[2024-02-02T16:38:11.418+0000] {processor.py:840} INFO - DAG(s) 'ops_silver_trigger_30min_SLA' retrieved from /opt/airflow/dags/my-freshness-dag.py
[2024-02-02T16:38:11.439+0000] {logging_mixin.py:188} INFO - [2024-02-02T16:38:11.439+0000] {dag.py:3036} INFO - Sync 1 DAGs
[2024-02-02T16:38:11.458+0000] {logging_mixin.py:188} INFO - [2024-02-02T16:38:11.458+0000] {dag.py:3823} INFO - Setting next_dagrun for ops_silver_trigger_30min_SLA to 2024-02-02 00:00:00+00:00, run_after=2024-02-03 00:00:00+00:00
[2024-02-02T16:38:11.475+0000] {processor.py:183} INFO - Processing /opt/airflow/dags/my-freshness-dag.py took 0.089 seconds
[2024-02-02T16:38:41.996+0000] {processor.py:161} INFO - Started process (PID=3001) to work on /opt/airflow/dags/my-freshness-dag.py
[2024-02-02T16:38:41.999+0000] {processor.py:830} INFO - Processing file /opt/airflow/dags/my-freshness-dag.py for tasks to queue
[2024-02-02T16:38:42.002+0000] {logging_mixin.py:188} INFO - [2024-02-02T16:38:42.002+0000] {dagbag.py:538} INFO - Filling up the DagBag from /opt/airflow/dags/my-freshness-dag.py
[2024-02-02T16:38:42.015+0000] {processor.py:840} INFO - DAG(s) 'ops_silver_trigger_30min_SLA' retrieved from /opt/airflow/dags/my-freshness-dag.py
[2024-02-02T16:38:42.034+0000] {logging_mixin.py:188} INFO - [2024-02-02T16:38:42.034+0000] {dag.py:3036} INFO - Sync 1 DAGs
[2024-02-02T16:38:42.052+0000] {logging_mixin.py:188} INFO - [2024-02-02T16:38:42.051+0000] {dag.py:3823} INFO - Setting next_dagrun for ops_silver_trigger_30min_SLA to 2024-02-02 00:00:00+00:00, run_after=2024-02-03 00:00:00+00:00
[2024-02-02T16:38:42.068+0000] {processor.py:183} INFO - Processing /opt/airflow/dags/my-freshness-dag.py took 0.081 seconds
[2024-02-02T16:39:12.387+0000] {processor.py:161} INFO - Started process (PID=3063) to work on /opt/airflow/dags/my-freshness-dag.py
[2024-02-02T16:39:12.391+0000] {processor.py:830} INFO - Processing file /opt/airflow/dags/my-freshness-dag.py for tasks to queue
[2024-02-02T16:39:12.394+0000] {logging_mixin.py:188} INFO - [2024-02-02T16:39:12.394+0000] {dagbag.py:538} INFO - Filling up the DagBag from /opt/airflow/dags/my-freshness-dag.py
[2024-02-02T16:39:12.410+0000] {processor.py:840} INFO - DAG(s) 'ops_silver_trigger_30min_SLA' retrieved from /opt/airflow/dags/my-freshness-dag.py
[2024-02-02T16:39:12.439+0000] {logging_mixin.py:188} INFO - [2024-02-02T16:39:12.439+0000] {dag.py:3036} INFO - Sync 1 DAGs
[2024-02-02T16:39:12.459+0000] {logging_mixin.py:188} INFO - [2024-02-02T16:39:12.459+0000] {dag.py:3823} INFO - Setting next_dagrun for ops_silver_trigger_30min_SLA to 2024-02-02 00:00:00+00:00, run_after=2024-02-03 00:00:00+00:00
[2024-02-02T16:39:12.478+0000] {processor.py:183} INFO - Processing /opt/airflow/dags/my-freshness-dag.py took 0.096 seconds
[2024-02-02T16:39:42.805+0000] {processor.py:161} INFO - Started process (PID=3120) to work on /opt/airflow/dags/my-freshness-dag.py
[2024-02-02T16:39:42.809+0000] {processor.py:830} INFO - Processing file /opt/airflow/dags/my-freshness-dag.py for tasks to queue
[2024-02-02T16:39:42.813+0000] {logging_mixin.py:188} INFO - [2024-02-02T16:39:42.812+0000] {dagbag.py:538} INFO - Filling up the DagBag from /opt/airflow/dags/my-freshness-dag.py
[2024-02-02T16:39:42.828+0000] {processor.py:840} INFO - DAG(s) 'ops_silver_trigger_30min_SLA' retrieved from /opt/airflow/dags/my-freshness-dag.py
[2024-02-02T16:39:42.852+0000] {logging_mixin.py:188} INFO - [2024-02-02T16:39:42.851+0000] {dag.py:3036} INFO - Sync 1 DAGs
[2024-02-02T16:39:42.868+0000] {logging_mixin.py:188} INFO - [2024-02-02T16:39:42.868+0000] {dag.py:3823} INFO - Setting next_dagrun for ops_silver_trigger_30min_SLA to 2024-02-02 00:00:00+00:00, run_after=2024-02-03 00:00:00+00:00
[2024-02-02T16:39:42.891+0000] {processor.py:183} INFO - Processing /opt/airflow/dags/my-freshness-dag.py took 0.093 seconds
[2024-02-02T16:40:13.266+0000] {processor.py:161} INFO - Started process (PID=3184) to work on /opt/airflow/dags/my-freshness-dag.py
[2024-02-02T16:40:13.270+0000] {processor.py:830} INFO - Processing file /opt/airflow/dags/my-freshness-dag.py for tasks to queue
[2024-02-02T16:40:13.274+0000] {logging_mixin.py:188} INFO - [2024-02-02T16:40:13.274+0000] {dagbag.py:538} INFO - Filling up the DagBag from /opt/airflow/dags/my-freshness-dag.py
[2024-02-02T16:40:13.289+0000] {processor.py:840} INFO - DAG(s) 'ops_silver_trigger_30min_SLA' retrieved from /opt/airflow/dags/my-freshness-dag.py
[2024-02-02T16:40:13.307+0000] {logging_mixin.py:188} INFO - [2024-02-02T16:40:13.307+0000] {dag.py:3036} INFO - Sync 1 DAGs
[2024-02-02T16:40:13.323+0000] {logging_mixin.py:188} INFO - [2024-02-02T16:40:13.323+0000] {dag.py:3823} INFO - Setting next_dagrun for ops_silver_trigger_30min_SLA to 2024-02-02 00:00:00+00:00, run_after=2024-02-03 00:00:00+00:00
[2024-02-02T16:40:13.339+0000] {processor.py:183} INFO - Processing /opt/airflow/dags/my-freshness-dag.py took 0.079 seconds
[2024-02-02T16:40:43.775+0000] {processor.py:161} INFO - Started process (PID=3241) to work on /opt/airflow/dags/my-freshness-dag.py
[2024-02-02T16:40:43.778+0000] {processor.py:830} INFO - Processing file /opt/airflow/dags/my-freshness-dag.py for tasks to queue
[2024-02-02T16:40:43.781+0000] {logging_mixin.py:188} INFO - [2024-02-02T16:40:43.781+0000] {dagbag.py:538} INFO - Filling up the DagBag from /opt/airflow/dags/my-freshness-dag.py
[2024-02-02T16:40:43.793+0000] {processor.py:840} INFO - DAG(s) 'ops_silver_trigger_30min_SLA' retrieved from /opt/airflow/dags/my-freshness-dag.py
[2024-02-02T16:40:43.810+0000] {logging_mixin.py:188} INFO - [2024-02-02T16:40:43.809+0000] {dag.py:3036} INFO - Sync 1 DAGs
[2024-02-02T16:40:43.825+0000] {logging_mixin.py:188} INFO - [2024-02-02T16:40:43.825+0000] {dag.py:3823} INFO - Setting next_dagrun for ops_silver_trigger_30min_SLA to 2024-02-02 00:00:00+00:00, run_after=2024-02-03 00:00:00+00:00
[2024-02-02T16:40:43.839+0000] {processor.py:183} INFO - Processing /opt/airflow/dags/my-freshness-dag.py took 0.071 seconds
[2024-02-02T16:41:14.098+0000] {processor.py:161} INFO - Started process (PID=3304) to work on /opt/airflow/dags/my-freshness-dag.py
[2024-02-02T16:41:14.102+0000] {processor.py:830} INFO - Processing file /opt/airflow/dags/my-freshness-dag.py for tasks to queue
[2024-02-02T16:41:14.105+0000] {logging_mixin.py:188} INFO - [2024-02-02T16:41:14.105+0000] {dagbag.py:538} INFO - Filling up the DagBag from /opt/airflow/dags/my-freshness-dag.py
[2024-02-02T16:41:14.117+0000] {processor.py:840} INFO - DAG(s) 'ops_silver_trigger_30min_SLA' retrieved from /opt/airflow/dags/my-freshness-dag.py
[2024-02-02T16:41:14.135+0000] {logging_mixin.py:188} INFO - [2024-02-02T16:41:14.135+0000] {dag.py:3036} INFO - Sync 1 DAGs
[2024-02-02T16:41:14.152+0000] {logging_mixin.py:188} INFO - [2024-02-02T16:41:14.152+0000] {dag.py:3823} INFO - Setting next_dagrun for ops_silver_trigger_30min_SLA to 2024-02-02 00:00:00+00:00, run_after=2024-02-03 00:00:00+00:00
[2024-02-02T16:41:14.169+0000] {processor.py:183} INFO - Processing /opt/airflow/dags/my-freshness-dag.py took 0.078 seconds
[2024-02-02T16:56:21.983+0000] {processor.py:161} INFO - Started process (PID=3357) to work on /opt/airflow/dags/my-freshness-dag.py
[2024-02-02T16:56:21.986+0000] {processor.py:830} INFO - Processing file /opt/airflow/dags/my-freshness-dag.py for tasks to queue
[2024-02-02T16:56:21.997+0000] {logging_mixin.py:188} INFO - [2024-02-02T16:56:21.997+0000] {dagbag.py:538} INFO - Filling up the DagBag from /opt/airflow/dags/my-freshness-dag.py
[2024-02-02T16:56:22.042+0000] {processor.py:840} INFO - DAG(s) 'ops_silver_trigger_30min_SLA' retrieved from /opt/airflow/dags/my-freshness-dag.py
[2024-02-02T16:56:22.155+0000] {logging_mixin.py:188} INFO - [2024-02-02T16:56:22.155+0000] {dag.py:3036} INFO - Sync 1 DAGs
[2024-02-02T16:56:22.295+0000] {logging_mixin.py:188} INFO - [2024-02-02T16:56:22.295+0000] {dag.py:3823} INFO - Setting next_dagrun for ops_silver_trigger_30min_SLA to 2024-02-02 00:00:00+00:00, run_after=2024-02-03 00:00:00+00:00
[2024-02-02T16:56:22.433+0000] {processor.py:183} INFO - Processing /opt/airflow/dags/my-freshness-dag.py took 0.479 seconds
[2024-02-02T16:56:52.584+0000] {processor.py:161} INFO - Started process (PID=3423) to work on /opt/airflow/dags/my-freshness-dag.py
[2024-02-02T16:56:52.587+0000] {processor.py:830} INFO - Processing file /opt/airflow/dags/my-freshness-dag.py for tasks to queue
[2024-02-02T16:56:52.591+0000] {logging_mixin.py:188} INFO - [2024-02-02T16:56:52.590+0000] {dagbag.py:538} INFO - Filling up the DagBag from /opt/airflow/dags/my-freshness-dag.py
[2024-02-02T16:56:52.607+0000] {processor.py:840} INFO - DAG(s) 'ops_silver_trigger_30min_SLA' retrieved from /opt/airflow/dags/my-freshness-dag.py
[2024-02-02T16:56:52.624+0000] {logging_mixin.py:188} INFO - [2024-02-02T16:56:52.624+0000] {dag.py:3036} INFO - Sync 1 DAGs
[2024-02-02T16:56:52.639+0000] {logging_mixin.py:188} INFO - [2024-02-02T16:56:52.639+0000] {dag.py:3823} INFO - Setting next_dagrun for ops_silver_trigger_30min_SLA to 2024-02-02 00:00:00+00:00, run_after=2024-02-03 00:00:00+00:00
[2024-02-02T16:56:52.654+0000] {processor.py:183} INFO - Processing /opt/airflow/dags/my-freshness-dag.py took 0.075 seconds
[2024-02-02T17:12:22.662+0000] {processor.py:161} INFO - Started process (PID=3490) to work on /opt/airflow/dags/my-freshness-dag.py
[2024-02-02T17:12:22.677+0000] {processor.py:830} INFO - Processing file /opt/airflow/dags/my-freshness-dag.py for tasks to queue
[2024-02-02T17:12:22.701+0000] {logging_mixin.py:188} INFO - [2024-02-02T17:12:22.700+0000] {dagbag.py:538} INFO - Filling up the DagBag from /opt/airflow/dags/my-freshness-dag.py
[2024-02-02T17:12:22.742+0000] {processor.py:840} INFO - DAG(s) 'ops_silver_trigger_30min_SLA' retrieved from /opt/airflow/dags/my-freshness-dag.py
[2024-02-02T17:12:22.786+0000] {logging_mixin.py:188} INFO - [2024-02-02T17:12:22.785+0000] {dag.py:3036} INFO - Sync 1 DAGs
[2024-02-02T17:12:22.834+0000] {logging_mixin.py:188} INFO - [2024-02-02T17:12:22.833+0000] {dag.py:3823} INFO - Setting next_dagrun for ops_silver_trigger_30min_SLA to 2024-02-02 00:00:00+00:00, run_after=2024-02-03 00:00:00+00:00
[2024-02-02T17:12:22.867+0000] {processor.py:183} INFO - Processing /opt/airflow/dags/my-freshness-dag.py took 0.218 seconds
[2024-02-02T17:12:53.976+0000] {processor.py:161} INFO - Started process (PID=3557) to work on /opt/airflow/dags/my-freshness-dag.py
[2024-02-02T17:12:54.072+0000] {processor.py:830} INFO - Processing file /opt/airflow/dags/my-freshness-dag.py for tasks to queue
[2024-02-02T17:12:54.076+0000] {logging_mixin.py:188} INFO - [2024-02-02T17:12:54.075+0000] {dagbag.py:538} INFO - Filling up the DagBag from /opt/airflow/dags/my-freshness-dag.py
[2024-02-02T17:12:54.091+0000] {processor.py:840} INFO - DAG(s) 'ops_silver_trigger_30min_SLA' retrieved from /opt/airflow/dags/my-freshness-dag.py
[2024-02-02T17:12:54.112+0000] {logging_mixin.py:188} INFO - [2024-02-02T17:12:54.112+0000] {dag.py:3036} INFO - Sync 1 DAGs
[2024-02-02T17:12:54.143+0000] {logging_mixin.py:188} INFO - [2024-02-02T17:12:54.143+0000] {dag.py:3823} INFO - Setting next_dagrun for ops_silver_trigger_30min_SLA to 2024-02-02 00:00:00+00:00, run_after=2024-02-03 00:00:00+00:00
[2024-02-02T17:12:54.168+0000] {processor.py:183} INFO - Processing /opt/airflow/dags/my-freshness-dag.py took 0.200 seconds
[2024-02-02T17:28:22.232+0000] {processor.py:161} INFO - Started process (PID=3619) to work on /opt/airflow/dags/my-freshness-dag.py
[2024-02-02T17:28:22.235+0000] {processor.py:830} INFO - Processing file /opt/airflow/dags/my-freshness-dag.py for tasks to queue
[2024-02-02T17:28:22.240+0000] {logging_mixin.py:188} INFO - [2024-02-02T17:28:22.240+0000] {dagbag.py:538} INFO - Filling up the DagBag from /opt/airflow/dags/my-freshness-dag.py
[2024-02-02T17:28:22.282+0000] {processor.py:840} INFO - DAG(s) 'ops_silver_trigger_30min_SLA' retrieved from /opt/airflow/dags/my-freshness-dag.py
[2024-02-02T17:28:22.347+0000] {logging_mixin.py:188} INFO - [2024-02-02T17:28:22.347+0000] {dag.py:3036} INFO - Sync 1 DAGs
[2024-02-02T17:28:22.396+0000] {logging_mixin.py:188} INFO - [2024-02-02T17:28:22.396+0000] {dag.py:3823} INFO - Setting next_dagrun for ops_silver_trigger_30min_SLA to 2024-02-02 00:00:00+00:00, run_after=2024-02-03 00:00:00+00:00
[2024-02-02T17:28:22.486+0000] {processor.py:183} INFO - Processing /opt/airflow/dags/my-freshness-dag.py took 0.262 seconds
[2024-02-02T17:28:53.013+0000] {processor.py:161} INFO - Started process (PID=3690) to work on /opt/airflow/dags/my-freshness-dag.py
[2024-02-02T17:28:53.015+0000] {processor.py:830} INFO - Processing file /opt/airflow/dags/my-freshness-dag.py for tasks to queue
[2024-02-02T17:28:53.019+0000] {logging_mixin.py:188} INFO - [2024-02-02T17:28:53.018+0000] {dagbag.py:538} INFO - Filling up the DagBag from /opt/airflow/dags/my-freshness-dag.py
[2024-02-02T17:28:53.035+0000] {processor.py:840} INFO - DAG(s) 'ops_silver_trigger_30min_SLA' retrieved from /opt/airflow/dags/my-freshness-dag.py
[2024-02-02T17:28:53.069+0000] {logging_mixin.py:188} INFO - [2024-02-02T17:28:53.069+0000] {dag.py:3036} INFO - Sync 1 DAGs
[2024-02-02T17:28:53.099+0000] {logging_mixin.py:188} INFO - [2024-02-02T17:28:53.098+0000] {dag.py:3823} INFO - Setting next_dagrun for ops_silver_trigger_30min_SLA to 2024-02-02 00:00:00+00:00, run_after=2024-02-03 00:00:00+00:00
[2024-02-02T17:28:53.119+0000] {processor.py:183} INFO - Processing /opt/airflow/dags/my-freshness-dag.py took 0.111 seconds
[2024-02-02T17:29:23.925+0000] {processor.py:161} INFO - Started process (PID=3754) to work on /opt/airflow/dags/my-freshness-dag.py
[2024-02-02T17:29:23.928+0000] {processor.py:830} INFO - Processing file /opt/airflow/dags/my-freshness-dag.py for tasks to queue
[2024-02-02T17:29:23.932+0000] {logging_mixin.py:188} INFO - [2024-02-02T17:29:23.931+0000] {dagbag.py:538} INFO - Filling up the DagBag from /opt/airflow/dags/my-freshness-dag.py
[2024-02-02T17:29:23.961+0000] {processor.py:840} INFO - DAG(s) 'ops_silver_trigger_30min_SLA' retrieved from /opt/airflow/dags/my-freshness-dag.py
[2024-02-02T17:29:23.986+0000] {logging_mixin.py:188} INFO - [2024-02-02T17:29:23.986+0000] {dag.py:3036} INFO - Sync 1 DAGs
[2024-02-02T17:29:24.009+0000] {logging_mixin.py:188} INFO - [2024-02-02T17:29:24.009+0000] {dag.py:3823} INFO - Setting next_dagrun for ops_silver_trigger_30min_SLA to 2024-02-02 00:00:00+00:00, run_after=2024-02-03 00:00:00+00:00
[2024-02-02T17:29:24.029+0000] {processor.py:183} INFO - Processing /opt/airflow/dags/my-freshness-dag.py took 0.109 seconds
[2024-02-02T17:29:54.865+0000] {processor.py:161} INFO - Started process (PID=3811) to work on /opt/airflow/dags/my-freshness-dag.py
[2024-02-02T17:29:54.868+0000] {processor.py:830} INFO - Processing file /opt/airflow/dags/my-freshness-dag.py for tasks to queue
[2024-02-02T17:29:54.872+0000] {logging_mixin.py:188} INFO - [2024-02-02T17:29:54.871+0000] {dagbag.py:538} INFO - Filling up the DagBag from /opt/airflow/dags/my-freshness-dag.py
[2024-02-02T17:29:54.888+0000] {processor.py:840} INFO - DAG(s) 'ops_silver_trigger_30min_SLA' retrieved from /opt/airflow/dags/my-freshness-dag.py
[2024-02-02T17:29:54.909+0000] {logging_mixin.py:188} INFO - [2024-02-02T17:29:54.909+0000] {dag.py:3036} INFO - Sync 1 DAGs
[2024-02-02T17:29:54.928+0000] {logging_mixin.py:188} INFO - [2024-02-02T17:29:54.928+0000] {dag.py:3823} INFO - Setting next_dagrun for ops_silver_trigger_30min_SLA to 2024-02-02 00:00:00+00:00, run_after=2024-02-03 00:00:00+00:00
[2024-02-02T17:29:54.947+0000] {processor.py:183} INFO - Processing /opt/airflow/dags/my-freshness-dag.py took 0.086 seconds
[2024-02-02T17:30:25.646+0000] {processor.py:161} INFO - Started process (PID=3873) to work on /opt/airflow/dags/my-freshness-dag.py
[2024-02-02T17:30:25.649+0000] {processor.py:830} INFO - Processing file /opt/airflow/dags/my-freshness-dag.py for tasks to queue
[2024-02-02T17:30:25.654+0000] {logging_mixin.py:188} INFO - [2024-02-02T17:30:25.654+0000] {dagbag.py:538} INFO - Filling up the DagBag from /opt/airflow/dags/my-freshness-dag.py
[2024-02-02T17:30:25.669+0000] {processor.py:840} INFO - DAG(s) 'ops_silver_trigger_30min_SLA' retrieved from /opt/airflow/dags/my-freshness-dag.py
[2024-02-02T17:30:25.688+0000] {logging_mixin.py:188} INFO - [2024-02-02T17:30:25.687+0000] {dag.py:3036} INFO - Sync 1 DAGs
[2024-02-02T17:30:25.706+0000] {logging_mixin.py:188} INFO - [2024-02-02T17:30:25.706+0000] {dag.py:3823} INFO - Setting next_dagrun for ops_silver_trigger_30min_SLA to 2024-02-02 00:00:00+00:00, run_after=2024-02-03 00:00:00+00:00
[2024-02-02T17:30:25.721+0000] {processor.py:183} INFO - Processing /opt/airflow/dags/my-freshness-dag.py took 0.082 seconds
[2024-02-02T17:30:56.193+0000] {processor.py:161} INFO - Started process (PID=3930) to work on /opt/airflow/dags/my-freshness-dag.py
[2024-02-02T17:30:56.195+0000] {processor.py:830} INFO - Processing file /opt/airflow/dags/my-freshness-dag.py for tasks to queue
[2024-02-02T17:30:56.198+0000] {logging_mixin.py:188} INFO - [2024-02-02T17:30:56.198+0000] {dagbag.py:538} INFO - Filling up the DagBag from /opt/airflow/dags/my-freshness-dag.py
[2024-02-02T17:30:56.210+0000] {processor.py:840} INFO - DAG(s) 'ops_silver_trigger_30min_SLA' retrieved from /opt/airflow/dags/my-freshness-dag.py
[2024-02-02T17:30:56.226+0000] {logging_mixin.py:188} INFO - [2024-02-02T17:30:56.226+0000] {dag.py:3036} INFO - Sync 1 DAGs
[2024-02-02T17:30:56.240+0000] {logging_mixin.py:188} INFO - [2024-02-02T17:30:56.240+0000] {dag.py:3823} INFO - Setting next_dagrun for ops_silver_trigger_30min_SLA to 2024-02-02 00:00:00+00:00, run_after=2024-02-03 00:00:00+00:00
[2024-02-02T17:30:56.254+0000] {processor.py:183} INFO - Processing /opt/airflow/dags/my-freshness-dag.py took 0.066 seconds
[2024-02-02T17:31:26.752+0000] {processor.py:161} INFO - Started process (PID=3994) to work on /opt/airflow/dags/my-freshness-dag.py
[2024-02-02T17:31:26.757+0000] {processor.py:830} INFO - Processing file /opt/airflow/dags/my-freshness-dag.py for tasks to queue
[2024-02-02T17:31:26.761+0000] {logging_mixin.py:188} INFO - [2024-02-02T17:31:26.760+0000] {dagbag.py:538} INFO - Filling up the DagBag from /opt/airflow/dags/my-freshness-dag.py
[2024-02-02T17:31:26.773+0000] {processor.py:840} INFO - DAG(s) 'ops_silver_trigger_30min_SLA' retrieved from /opt/airflow/dags/my-freshness-dag.py
[2024-02-02T17:31:26.791+0000] {logging_mixin.py:188} INFO - [2024-02-02T17:31:26.791+0000] {dag.py:3036} INFO - Sync 1 DAGs
[2024-02-02T17:31:26.809+0000] {logging_mixin.py:188} INFO - [2024-02-02T17:31:26.809+0000] {dag.py:3823} INFO - Setting next_dagrun for ops_silver_trigger_30min_SLA to 2024-02-02 00:00:00+00:00, run_after=2024-02-03 00:00:00+00:00
[2024-02-02T17:31:26.824+0000] {processor.py:183} INFO - Processing /opt/airflow/dags/my-freshness-dag.py took 0.079 seconds
[2024-02-02T17:31:57.262+0000] {processor.py:161} INFO - Started process (PID=4052) to work on /opt/airflow/dags/my-freshness-dag.py
[2024-02-02T17:31:57.265+0000] {processor.py:830} INFO - Processing file /opt/airflow/dags/my-freshness-dag.py for tasks to queue
[2024-02-02T17:31:57.268+0000] {logging_mixin.py:188} INFO - [2024-02-02T17:31:57.268+0000] {dagbag.py:538} INFO - Filling up the DagBag from /opt/airflow/dags/my-freshness-dag.py
[2024-02-02T17:31:57.281+0000] {processor.py:840} INFO - DAG(s) 'ops_silver_trigger_30min_SLA' retrieved from /opt/airflow/dags/my-freshness-dag.py
[2024-02-02T17:31:57.296+0000] {logging_mixin.py:188} INFO - [2024-02-02T17:31:57.296+0000] {dag.py:3036} INFO - Sync 1 DAGs
[2024-02-02T17:31:57.310+0000] {logging_mixin.py:188} INFO - [2024-02-02T17:31:57.310+0000] {dag.py:3823} INFO - Setting next_dagrun for ops_silver_trigger_30min_SLA to 2024-02-02 00:00:00+00:00, run_after=2024-02-03 00:00:00+00:00
[2024-02-02T17:31:57.323+0000] {processor.py:183} INFO - Processing /opt/airflow/dags/my-freshness-dag.py took 0.067 seconds
[2024-02-02T17:47:22.760+0000] {processor.py:161} INFO - Started process (PID=4115) to work on /opt/airflow/dags/my-freshness-dag.py
[2024-02-02T17:47:22.762+0000] {processor.py:830} INFO - Processing file /opt/airflow/dags/my-freshness-dag.py for tasks to queue
[2024-02-02T17:47:22.765+0000] {logging_mixin.py:188} INFO - [2024-02-02T17:47:22.764+0000] {dagbag.py:538} INFO - Filling up the DagBag from /opt/airflow/dags/my-freshness-dag.py
[2024-02-02T17:47:22.775+0000] {processor.py:840} INFO - DAG(s) 'ops_silver_trigger_30min_SLA' retrieved from /opt/airflow/dags/my-freshness-dag.py
[2024-02-02T17:47:22.792+0000] {logging_mixin.py:188} INFO - [2024-02-02T17:47:22.792+0000] {dag.py:3036} INFO - Sync 1 DAGs
[2024-02-02T17:47:22.809+0000] {logging_mixin.py:188} INFO - [2024-02-02T17:47:22.808+0000] {dag.py:3823} INFO - Setting next_dagrun for ops_silver_trigger_30min_SLA to 2024-02-02 00:00:00+00:00, run_after=2024-02-03 00:00:00+00:00
[2024-02-02T17:47:22.826+0000] {processor.py:183} INFO - Processing /opt/airflow/dags/my-freshness-dag.py took 0.071 seconds
[2024-02-02T17:47:53.488+0000] {processor.py:161} INFO - Started process (PID=4187) to work on /opt/airflow/dags/my-freshness-dag.py
[2024-02-02T17:47:53.490+0000] {processor.py:830} INFO - Processing file /opt/airflow/dags/my-freshness-dag.py for tasks to queue
[2024-02-02T17:47:53.496+0000] {logging_mixin.py:188} INFO - [2024-02-02T17:47:53.495+0000] {dagbag.py:538} INFO - Filling up the DagBag from /opt/airflow/dags/my-freshness-dag.py
[2024-02-02T17:47:53.514+0000] {processor.py:840} INFO - DAG(s) 'ops_silver_trigger_30min_SLA' retrieved from /opt/airflow/dags/my-freshness-dag.py
[2024-02-02T17:47:53.534+0000] {logging_mixin.py:188} INFO - [2024-02-02T17:47:53.534+0000] {dag.py:3036} INFO - Sync 1 DAGs
[2024-02-02T17:47:53.554+0000] {logging_mixin.py:188} INFO - [2024-02-02T17:47:53.554+0000] {dag.py:3823} INFO - Setting next_dagrun for ops_silver_trigger_30min_SLA to 2024-02-02 00:00:00+00:00, run_after=2024-02-03 00:00:00+00:00
[2024-02-02T17:47:53.571+0000] {processor.py:183} INFO - Processing /opt/airflow/dags/my-freshness-dag.py took 0.090 seconds
[2024-02-02T17:48:23.975+0000] {processor.py:161} INFO - Started process (PID=4249) to work on /opt/airflow/dags/my-freshness-dag.py
[2024-02-02T17:48:23.978+0000] {processor.py:830} INFO - Processing file /opt/airflow/dags/my-freshness-dag.py for tasks to queue
[2024-02-02T17:48:23.982+0000] {logging_mixin.py:188} INFO - [2024-02-02T17:48:23.981+0000] {dagbag.py:538} INFO - Filling up the DagBag from /opt/airflow/dags/my-freshness-dag.py
[2024-02-02T17:48:23.996+0000] {processor.py:840} INFO - DAG(s) 'ops_silver_trigger_30min_SLA' retrieved from /opt/airflow/dags/my-freshness-dag.py
[2024-02-02T17:48:24.015+0000] {logging_mixin.py:188} INFO - [2024-02-02T17:48:24.015+0000] {dag.py:3036} INFO - Sync 1 DAGs
[2024-02-02T17:48:24.033+0000] {logging_mixin.py:188} INFO - [2024-02-02T17:48:24.033+0000] {dag.py:3823} INFO - Setting next_dagrun for ops_silver_trigger_30min_SLA to 2024-02-02 00:00:00+00:00, run_after=2024-02-03 00:00:00+00:00
[2024-02-02T17:48:24.049+0000] {processor.py:183} INFO - Processing /opt/airflow/dags/my-freshness-dag.py took 0.084 seconds
[2024-02-02T17:48:54.355+0000] {processor.py:161} INFO - Started process (PID=4306) to work on /opt/airflow/dags/my-freshness-dag.py
[2024-02-02T17:48:54.358+0000] {processor.py:830} INFO - Processing file /opt/airflow/dags/my-freshness-dag.py for tasks to queue
[2024-02-02T17:48:54.361+0000] {logging_mixin.py:188} INFO - [2024-02-02T17:48:54.361+0000] {dagbag.py:538} INFO - Filling up the DagBag from /opt/airflow/dags/my-freshness-dag.py
[2024-02-02T17:48:54.373+0000] {processor.py:840} INFO - DAG(s) 'ops_silver_trigger_30min_SLA' retrieved from /opt/airflow/dags/my-freshness-dag.py
[2024-02-02T17:48:54.390+0000] {logging_mixin.py:188} INFO - [2024-02-02T17:48:54.390+0000] {dag.py:3036} INFO - Sync 1 DAGs
[2024-02-02T17:48:54.405+0000] {logging_mixin.py:188} INFO - [2024-02-02T17:48:54.405+0000] {dag.py:3823} INFO - Setting next_dagrun for ops_silver_trigger_30min_SLA to 2024-02-02 00:00:00+00:00, run_after=2024-02-03 00:00:00+00:00
[2024-02-02T17:48:54.420+0000] {processor.py:183} INFO - Processing /opt/airflow/dags/my-freshness-dag.py took 0.070 seconds
[2024-02-02T17:49:24.726+0000] {processor.py:161} INFO - Started process (PID=4368) to work on /opt/airflow/dags/my-freshness-dag.py
[2024-02-02T17:49:24.729+0000] {processor.py:830} INFO - Processing file /opt/airflow/dags/my-freshness-dag.py for tasks to queue
[2024-02-02T17:49:24.732+0000] {logging_mixin.py:188} INFO - [2024-02-02T17:49:24.731+0000] {dagbag.py:538} INFO - Filling up the DagBag from /opt/airflow/dags/my-freshness-dag.py
[2024-02-02T17:49:24.745+0000] {processor.py:840} INFO - DAG(s) 'ops_silver_trigger_30min_SLA' retrieved from /opt/airflow/dags/my-freshness-dag.py
[2024-02-02T17:49:24.765+0000] {logging_mixin.py:188} INFO - [2024-02-02T17:49:24.764+0000] {dag.py:3036} INFO - Sync 1 DAGs
[2024-02-02T17:49:24.783+0000] {logging_mixin.py:188} INFO - [2024-02-02T17:49:24.783+0000] {dag.py:3823} INFO - Setting next_dagrun for ops_silver_trigger_30min_SLA to 2024-02-02 00:00:00+00:00, run_after=2024-02-03 00:00:00+00:00
[2024-02-02T17:49:24.799+0000] {processor.py:183} INFO - Processing /opt/airflow/dags/my-freshness-dag.py took 0.078 seconds
[2024-02-02T18:04:53.854+0000] {processor.py:161} INFO - Started process (PID=4436) to work on /opt/airflow/dags/my-freshness-dag.py
[2024-02-02T18:04:53.864+0000] {processor.py:830} INFO - Processing file /opt/airflow/dags/my-freshness-dag.py for tasks to queue
[2024-02-02T18:04:53.873+0000] {logging_mixin.py:188} INFO - [2024-02-02T18:04:53.872+0000] {dagbag.py:538} INFO - Filling up the DagBag from /opt/airflow/dags/my-freshness-dag.py
[2024-02-02T18:04:53.915+0000] {processor.py:840} INFO - DAG(s) 'ops_silver_trigger_30min_SLA' retrieved from /opt/airflow/dags/my-freshness-dag.py
[2024-02-02T18:04:54.013+0000] {logging_mixin.py:188} INFO - [2024-02-02T18:04:54.013+0000] {dag.py:3036} INFO - Sync 1 DAGs
[2024-02-02T18:04:54.086+0000] {logging_mixin.py:188} INFO - [2024-02-02T18:04:54.085+0000] {dag.py:3823} INFO - Setting next_dagrun for ops_silver_trigger_30min_SLA to 2024-02-02 00:00:00+00:00, run_after=2024-02-03 00:00:00+00:00
[2024-02-02T18:04:54.144+0000] {processor.py:183} INFO - Processing /opt/airflow/dags/my-freshness-dag.py took 0.318 seconds
[2024-02-02T18:05:24.980+0000] {processor.py:161} INFO - Started process (PID=4501) to work on /opt/airflow/dags/my-freshness-dag.py
[2024-02-02T18:05:24.983+0000] {processor.py:830} INFO - Processing file /opt/airflow/dags/my-freshness-dag.py for tasks to queue
[2024-02-02T18:05:24.987+0000] {logging_mixin.py:188} INFO - [2024-02-02T18:05:24.987+0000] {dagbag.py:538} INFO - Filling up the DagBag from /opt/airflow/dags/my-freshness-dag.py
[2024-02-02T18:05:25.004+0000] {processor.py:840} INFO - DAG(s) 'ops_silver_trigger_30min_SLA' retrieved from /opt/airflow/dags/my-freshness-dag.py
[2024-02-02T18:05:25.022+0000] {logging_mixin.py:188} INFO - [2024-02-02T18:05:25.022+0000] {dag.py:3036} INFO - Sync 1 DAGs
[2024-02-02T18:05:25.041+0000] {logging_mixin.py:188} INFO - [2024-02-02T18:05:25.041+0000] {dag.py:3823} INFO - Setting next_dagrun for ops_silver_trigger_30min_SLA to 2024-02-02 00:00:00+00:00, run_after=2024-02-03 00:00:00+00:00
[2024-02-02T18:05:25.057+0000] {processor.py:183} INFO - Processing /opt/airflow/dags/my-freshness-dag.py took 0.082 seconds
[2024-02-02T18:05:55.491+0000] {processor.py:161} INFO - Started process (PID=4557) to work on /opt/airflow/dags/my-freshness-dag.py
[2024-02-02T18:05:55.495+0000] {processor.py:830} INFO - Processing file /opt/airflow/dags/my-freshness-dag.py for tasks to queue
[2024-02-02T18:05:55.498+0000] {logging_mixin.py:188} INFO - [2024-02-02T18:05:55.498+0000] {dagbag.py:538} INFO - Filling up the DagBag from /opt/airflow/dags/my-freshness-dag.py
[2024-02-02T18:05:55.513+0000] {processor.py:840} INFO - DAG(s) 'ops_silver_trigger_30min_SLA' retrieved from /opt/airflow/dags/my-freshness-dag.py
[2024-02-02T18:05:55.530+0000] {logging_mixin.py:188} INFO - [2024-02-02T18:05:55.530+0000] {dag.py:3036} INFO - Sync 1 DAGs
[2024-02-02T18:05:55.544+0000] {logging_mixin.py:188} INFO - [2024-02-02T18:05:55.544+0000] {dag.py:3823} INFO - Setting next_dagrun for ops_silver_trigger_30min_SLA to 2024-02-02 00:00:00+00:00, run_after=2024-02-03 00:00:00+00:00
[2024-02-02T18:05:55.558+0000] {processor.py:183} INFO - Processing /opt/airflow/dags/my-freshness-dag.py took 0.072 seconds
[2024-02-02T18:06:25.812+0000] {processor.py:161} INFO - Started process (PID=4619) to work on /opt/airflow/dags/my-freshness-dag.py
[2024-02-02T18:06:25.815+0000] {processor.py:830} INFO - Processing file /opt/airflow/dags/my-freshness-dag.py for tasks to queue
[2024-02-02T18:06:25.819+0000] {logging_mixin.py:188} INFO - [2024-02-02T18:06:25.819+0000] {dagbag.py:538} INFO - Filling up the DagBag from /opt/airflow/dags/my-freshness-dag.py
[2024-02-02T18:06:25.838+0000] {processor.py:840} INFO - DAG(s) 'ops_silver_trigger_30min_SLA' retrieved from /opt/airflow/dags/my-freshness-dag.py
[2024-02-02T18:06:25.858+0000] {logging_mixin.py:188} INFO - [2024-02-02T18:06:25.858+0000] {dag.py:3036} INFO - Sync 1 DAGs
[2024-02-02T18:06:25.875+0000] {logging_mixin.py:188} INFO - [2024-02-02T18:06:25.875+0000] {dag.py:3823} INFO - Setting next_dagrun for ops_silver_trigger_30min_SLA to 2024-02-02 00:00:00+00:00, run_after=2024-02-03 00:00:00+00:00
[2024-02-02T18:06:25.891+0000] {processor.py:183} INFO - Processing /opt/airflow/dags/my-freshness-dag.py took 0.085 seconds
[2024-02-02T18:06:56.249+0000] {processor.py:161} INFO - Started process (PID=4675) to work on /opt/airflow/dags/my-freshness-dag.py
[2024-02-02T18:06:56.251+0000] {processor.py:830} INFO - Processing file /opt/airflow/dags/my-freshness-dag.py for tasks to queue
[2024-02-02T18:06:56.254+0000] {logging_mixin.py:188} INFO - [2024-02-02T18:06:56.254+0000] {dagbag.py:538} INFO - Filling up the DagBag from /opt/airflow/dags/my-freshness-dag.py
[2024-02-02T18:06:56.263+0000] {processor.py:840} INFO - DAG(s) 'ops_silver_trigger_30min_SLA' retrieved from /opt/airflow/dags/my-freshness-dag.py
[2024-02-02T18:06:56.279+0000] {logging_mixin.py:188} INFO - [2024-02-02T18:06:56.279+0000] {dag.py:3036} INFO - Sync 1 DAGs
[2024-02-02T18:06:56.293+0000] {logging_mixin.py:188} INFO - [2024-02-02T18:06:56.293+0000] {dag.py:3823} INFO - Setting next_dagrun for ops_silver_trigger_30min_SLA to 2024-02-02 00:00:00+00:00, run_after=2024-02-03 00:00:00+00:00
[2024-02-02T18:06:56.307+0000] {processor.py:183} INFO - Processing /opt/airflow/dags/my-freshness-dag.py took 0.062 seconds
[2024-02-02T18:16:24.893+0000] {processor.py:161} INFO - Started process (PID=4741) to work on /opt/airflow/dags/my-freshness-dag.py
[2024-02-02T18:16:24.895+0000] {processor.py:830} INFO - Processing file /opt/airflow/dags/my-freshness-dag.py for tasks to queue
[2024-02-02T18:16:24.902+0000] {logging_mixin.py:188} INFO - [2024-02-02T18:16:24.902+0000] {dagbag.py:538} INFO - Filling up the DagBag from /opt/airflow/dags/my-freshness-dag.py
[2024-02-02T18:16:24.952+0000] {processor.py:840} INFO - DAG(s) 'ops_silver_trigger_30min_SLA' retrieved from /opt/airflow/dags/my-freshness-dag.py
[2024-02-02T18:16:25.034+0000] {logging_mixin.py:188} INFO - [2024-02-02T18:16:25.032+0000] {dag.py:3036} INFO - Sync 1 DAGs
[2024-02-02T18:16:25.115+0000] {logging_mixin.py:188} INFO - [2024-02-02T18:16:25.115+0000] {dag.py:3823} INFO - Setting next_dagrun for ops_silver_trigger_30min_SLA to 2024-02-02 00:00:00+00:00, run_after=2024-02-03 00:00:00+00:00
[2024-02-02T18:16:25.175+0000] {processor.py:183} INFO - Processing /opt/airflow/dags/my-freshness-dag.py took 0.287 seconds
[2024-02-02T18:31:56.620+0000] {processor.py:161} INFO - Started process (PID=4804) to work on /opt/airflow/dags/my-freshness-dag.py
[2024-02-02T18:31:56.622+0000] {processor.py:830} INFO - Processing file /opt/airflow/dags/my-freshness-dag.py for tasks to queue
[2024-02-02T18:31:56.629+0000] {logging_mixin.py:188} INFO - [2024-02-02T18:31:56.628+0000] {dagbag.py:538} INFO - Filling up the DagBag from /opt/airflow/dags/my-freshness-dag.py
[2024-02-02T18:31:56.659+0000] {processor.py:840} INFO - DAG(s) 'ops_silver_trigger_30min_SLA' retrieved from /opt/airflow/dags/my-freshness-dag.py
[2024-02-02T18:31:56.687+0000] {logging_mixin.py:188} INFO - [2024-02-02T18:31:56.687+0000] {dag.py:3036} INFO - Sync 1 DAGs
[2024-02-02T18:31:56.720+0000] {logging_mixin.py:188} INFO - [2024-02-02T18:31:56.720+0000] {dag.py:3823} INFO - Setting next_dagrun for ops_silver_trigger_30min_SLA to 2024-02-02 00:00:00+00:00, run_after=2024-02-03 00:00:00+00:00
[2024-02-02T18:31:56.742+0000] {processor.py:183} INFO - Processing /opt/airflow/dags/my-freshness-dag.py took 0.127 seconds
[2024-02-02T18:46:30.232+0000] {processor.py:161} INFO - Started process (PID=4879) to work on /opt/airflow/dags/my-freshness-dag.py
[2024-02-02T18:46:30.241+0000] {processor.py:830} INFO - Processing file /opt/airflow/dags/my-freshness-dag.py for tasks to queue
[2024-02-02T18:46:30.274+0000] {logging_mixin.py:188} INFO - [2024-02-02T18:46:30.274+0000] {dagbag.py:538} INFO - Filling up the DagBag from /opt/airflow/dags/my-freshness-dag.py
[2024-02-02T18:46:30.347+0000] {processor.py:840} INFO - DAG(s) 'ops_silver_trigger_30min_SLA' retrieved from /opt/airflow/dags/my-freshness-dag.py
[2024-02-02T18:46:30.405+0000] {logging_mixin.py:188} INFO - [2024-02-02T18:46:30.405+0000] {dag.py:3036} INFO - Sync 1 DAGs
[2024-02-02T18:46:30.469+0000] {logging_mixin.py:188} INFO - [2024-02-02T18:46:30.468+0000] {dag.py:3823} INFO - Setting next_dagrun for ops_silver_trigger_30min_SLA to 2024-02-02 00:00:00+00:00, run_after=2024-02-03 00:00:00+00:00
[2024-02-02T18:46:30.539+0000] {processor.py:183} INFO - Processing /opt/airflow/dags/my-freshness-dag.py took 0.317 seconds
[2024-02-02T19:47:10.741+0000] {processor.py:161} INFO - Started process (PID=4952) to work on /opt/airflow/dags/my-freshness-dag.py
[2024-02-02T19:47:10.746+0000] {processor.py:830} INFO - Processing file /opt/airflow/dags/my-freshness-dag.py for tasks to queue
[2024-02-02T19:47:10.751+0000] {logging_mixin.py:188} INFO - [2024-02-02T19:47:10.750+0000] {dagbag.py:538} INFO - Filling up the DagBag from /opt/airflow/dags/my-freshness-dag.py
[2024-02-02T19:47:10.810+0000] {processor.py:840} INFO - DAG(s) 'ops_silver_trigger_30min_SLA' retrieved from /opt/airflow/dags/my-freshness-dag.py
[2024-02-02T19:47:10.869+0000] {logging_mixin.py:188} INFO - [2024-02-02T19:47:10.869+0000] {dag.py:3036} INFO - Sync 1 DAGs
[2024-02-02T19:47:10.995+0000] {logging_mixin.py:188} INFO - [2024-02-02T19:47:10.994+0000] {dag.py:3823} INFO - Setting next_dagrun for ops_silver_trigger_30min_SLA to 2024-02-02 00:00:00+00:00, run_after=2024-02-03 00:00:00+00:00
[2024-02-02T19:47:11.160+0000] {processor.py:183} INFO - Processing /opt/airflow/dags/my-freshness-dag.py took 0.486 seconds
[2024-02-02T20:36:14.908+0000] {processor.py:161} INFO - Started process (PID=5034) to work on /opt/airflow/dags/my-freshness-dag.py
[2024-02-02T20:36:14.912+0000] {processor.py:830} INFO - Processing file /opt/airflow/dags/my-freshness-dag.py for tasks to queue
[2024-02-02T20:36:14.929+0000] {logging_mixin.py:188} INFO - [2024-02-02T20:36:14.928+0000] {dagbag.py:538} INFO - Filling up the DagBag from /opt/airflow/dags/my-freshness-dag.py
[2024-02-02T20:36:14.997+0000] {processor.py:840} INFO - DAG(s) 'ops_silver_trigger_30min_SLA' retrieved from /opt/airflow/dags/my-freshness-dag.py
[2024-02-02T20:36:15.075+0000] {logging_mixin.py:188} INFO - [2024-02-02T20:36:15.074+0000] {dag.py:3036} INFO - Sync 1 DAGs
[2024-02-02T20:36:15.168+0000] {logging_mixin.py:188} INFO - [2024-02-02T20:36:15.167+0000] {dag.py:3823} INFO - Setting next_dagrun for ops_silver_trigger_30min_SLA to 2024-02-02 00:00:00+00:00, run_after=2024-02-03 00:00:00+00:00
[2024-02-02T20:36:15.233+0000] {processor.py:183} INFO - Processing /opt/airflow/dags/my-freshness-dag.py took 0.329 seconds
[2024-02-02T21:36:58.064+0000] {processor.py:161} INFO - Started process (PID=5093) to work on /opt/airflow/dags/my-freshness-dag.py
[2024-02-02T21:36:58.066+0000] {processor.py:830} INFO - Processing file /opt/airflow/dags/my-freshness-dag.py for tasks to queue
[2024-02-02T21:36:58.070+0000] {logging_mixin.py:188} INFO - [2024-02-02T21:36:58.069+0000] {dagbag.py:538} INFO - Filling up the DagBag from /opt/airflow/dags/my-freshness-dag.py
[2024-02-02T21:36:58.085+0000] {processor.py:840} INFO - DAG(s) 'ops_silver_trigger_30min_SLA' retrieved from /opt/airflow/dags/my-freshness-dag.py
[2024-02-02T21:36:58.104+0000] {logging_mixin.py:188} INFO - [2024-02-02T21:36:58.104+0000] {dag.py:3036} INFO - Sync 1 DAGs
[2024-02-02T21:36:58.132+0000] {logging_mixin.py:188} INFO - [2024-02-02T21:36:58.131+0000] {dag.py:3823} INFO - Setting next_dagrun for ops_silver_trigger_30min_SLA to 2024-02-02 00:00:00+00:00, run_after=2024-02-03 00:00:00+00:00
[2024-02-02T21:36:58.193+0000] {processor.py:183} INFO - Processing /opt/airflow/dags/my-freshness-dag.py took 0.134 seconds
[2024-02-02T22:23:39.867+0000] {processor.py:161} INFO - Started process (PID=5173) to work on /opt/airflow/dags/my-freshness-dag.py
[2024-02-02T22:23:39.878+0000] {processor.py:830} INFO - Processing file /opt/airflow/dags/my-freshness-dag.py for tasks to queue
[2024-02-02T22:23:39.886+0000] {logging_mixin.py:188} INFO - [2024-02-02T22:23:39.885+0000] {dagbag.py:538} INFO - Filling up the DagBag from /opt/airflow/dags/my-freshness-dag.py
[2024-02-02T22:23:39.940+0000] {processor.py:840} INFO - DAG(s) 'ops_silver_trigger_30min_SLA' retrieved from /opt/airflow/dags/my-freshness-dag.py
[2024-02-02T22:23:39.998+0000] {logging_mixin.py:188} INFO - [2024-02-02T22:23:39.998+0000] {dag.py:3036} INFO - Sync 1 DAGs
[2024-02-02T22:23:40.040+0000] {logging_mixin.py:188} INFO - [2024-02-02T22:23:40.040+0000] {dag.py:3823} INFO - Setting next_dagrun for ops_silver_trigger_30min_SLA to 2024-02-02 00:00:00+00:00, run_after=2024-02-03 00:00:00+00:00
[2024-02-02T22:23:40.090+0000] {processor.py:183} INFO - Processing /opt/airflow/dags/my-freshness-dag.py took 0.245 seconds
[2024-02-02T23:24:15.253+0000] {processor.py:161} INFO - Started process (PID=5244) to work on /opt/airflow/dags/my-freshness-dag.py
[2024-02-02T23:24:15.259+0000] {processor.py:830} INFO - Processing file /opt/airflow/dags/my-freshness-dag.py for tasks to queue
[2024-02-02T23:24:15.280+0000] {logging_mixin.py:188} INFO - [2024-02-02T23:24:15.280+0000] {dagbag.py:538} INFO - Filling up the DagBag from /opt/airflow/dags/my-freshness-dag.py
[2024-02-02T23:24:15.327+0000] {processor.py:840} INFO - DAG(s) 'ops_silver_trigger_30min_SLA' retrieved from /opt/airflow/dags/my-freshness-dag.py
[2024-02-02T23:24:15.411+0000] {logging_mixin.py:188} INFO - [2024-02-02T23:24:15.411+0000] {dag.py:3036} INFO - Sync 1 DAGs
[2024-02-02T23:24:15.463+0000] {logging_mixin.py:188} INFO - [2024-02-02T23:24:15.463+0000] {dag.py:3823} INFO - Setting next_dagrun for ops_silver_trigger_30min_SLA to 2024-02-02 00:00:00+00:00, run_after=2024-02-03 00:00:00+00:00
[2024-02-02T23:24:15.520+0000] {processor.py:183} INFO - Processing /opt/airflow/dags/my-freshness-dag.py took 0.274 seconds
