[2024-02-02T14:53:41.110+0000] {taskinstance.py:1956} INFO - Dependencies all met for dep_context=non-requeueable deps ti=<TaskInstance: example_branch_datetime_operator_3.datetime_branch scheduled__2024-02-01T00:00:00+00:00 [queued]>
[2024-02-02T14:53:41.125+0000] {taskinstance.py:1956} INFO - Dependencies all met for dep_context=requeueable deps ti=<TaskInstance: example_branch_datetime_operator_3.datetime_branch scheduled__2024-02-01T00:00:00+00:00 [queued]>
[2024-02-02T14:53:41.141+0000] {taskinstance.py:2170} INFO - Starting attempt 1 of 1
[2024-02-02T14:53:41.174+0000] {taskinstance.py:2191} INFO - Executing <Task(BranchDateTimeOperator): datetime_branch> on 2024-02-01 00:00:00+00:00
[2024-02-02T14:53:41.189+0000] {standard_task_runner.py:60} INFO - Started process 225 to run task
[2024-02-02T14:53:41.193+0000] {standard_task_runner.py:87} INFO - Running: ['***', 'tasks', 'run', 'example_branch_datetime_operator_3', 'datetime_branch', 'scheduled__2024-02-01T00:00:00+00:00', '--job-id', '15', '--raw', '--subdir', '/home/***/.local/lib/python3.8/site-packages/***/example_dags/example_branch_datetime_operator.py', '--cfg-path', '/tmp/tmpoqn502qw']
[2024-02-02T14:53:41.200+0000] {standard_task_runner.py:88} INFO - Job 15: Subtask datetime_branch
[2024-02-02T14:53:41.258+0000] {task_command.py:423} INFO - Running <TaskInstance: example_branch_datetime_operator_3.datetime_branch scheduled__2024-02-01T00:00:00+00:00 [running]> on host eb67b5c996d2
[2024-02-02T14:53:41.342+0000] {taskinstance.py:2480} INFO - Exporting env vars: AIRFLOW_CTX_DAG_OWNER='***' AIRFLOW_CTX_DAG_ID='example_branch_datetime_operator_3' AIRFLOW_CTX_TASK_ID='datetime_branch' AIRFLOW_CTX_EXECUTION_DATE='2024-02-01T00:00:00+00:00' AIRFLOW_CTX_TRY_NUMBER='1' AIRFLOW_CTX_DAG_RUN_ID='scheduled__2024-02-01T00:00:00+00:00'
[2024-02-02T14:53:41.345+0000] {branch.py:35} INFO - Branch into ['date_outside_range']
[2024-02-02T14:53:41.347+0000] {skipmixin.py:178} INFO - Following branch ['date_outside_range']
[2024-02-02T14:53:41.366+0000] {skipmixin.py:244} INFO - Skipping tasks [('date_in_range', -1)]
[2024-02-02T14:53:41.406+0000] {taskinstance.py:1138} INFO - Marking task as SUCCESS. dag_id=example_branch_datetime_operator_3, task_id=datetime_branch, execution_date=20240201T000000, start_date=20240202T145341, end_date=20240202T145341
[2024-02-02T14:53:41.450+0000] {local_task_job_runner.py:234} INFO - Task exited with return code 0
[2024-02-02T14:53:41.469+0000] {taskinstance.py:3280} INFO - 0 downstream tasks scheduled from follow-on schedule check
[2024-02-02T15:12:20.623+0000] {taskinstance.py:1956} INFO - Dependencies all met for dep_context=non-requeueable deps ti=<TaskInstance: example_branch_datetime_operator_3.datetime_branch scheduled__2024-02-01T00:00:00+00:00 [queued]>
[2024-02-02T15:12:20.633+0000] {taskinstance.py:1956} INFO - Dependencies all met for dep_context=requeueable deps ti=<TaskInstance: example_branch_datetime_operator_3.datetime_branch scheduled__2024-02-01T00:00:00+00:00 [queued]>
[2024-02-02T15:12:20.634+0000] {taskinstance.py:2170} INFO - Starting attempt 1 of 1
[2024-02-02T15:12:20.682+0000] {taskinstance.py:2191} INFO - Executing <Task(BranchDateTimeOperator): datetime_branch> on 2024-02-01 00:00:00+00:00
[2024-02-02T15:12:20.696+0000] {standard_task_runner.py:60} INFO - Started process 88 to run task
[2024-02-02T15:12:20.704+0000] {standard_task_runner.py:87} INFO - Running: ['***', 'tasks', 'run', 'example_branch_datetime_operator_3', 'datetime_branch', 'scheduled__2024-02-01T00:00:00+00:00', '--job-id', '5', '--raw', '--subdir', '/home/***/.local/lib/python3.8/site-packages/***/example_dags/example_branch_datetime_operator.py', '--cfg-path', '/tmp/tmpiw6a_b23']
[2024-02-02T15:12:20.709+0000] {standard_task_runner.py:88} INFO - Job 5: Subtask datetime_branch
[2024-02-02T15:12:20.816+0000] {task_command.py:423} INFO - Running <TaskInstance: example_branch_datetime_operator_3.datetime_branch scheduled__2024-02-01T00:00:00+00:00 [running]> on host a2bff7913869
[2024-02-02T15:12:20.899+0000] {taskinstance.py:2480} INFO - Exporting env vars: AIRFLOW_CTX_DAG_OWNER='***' AIRFLOW_CTX_DAG_ID='example_branch_datetime_operator_3' AIRFLOW_CTX_TASK_ID='datetime_branch' AIRFLOW_CTX_EXECUTION_DATE='2024-02-01T00:00:00+00:00' AIRFLOW_CTX_TRY_NUMBER='1' AIRFLOW_CTX_DAG_RUN_ID='scheduled__2024-02-01T00:00:00+00:00'
[2024-02-02T15:12:20.903+0000] {branch.py:35} INFO - Branch into ['date_outside_range']
[2024-02-02T15:12:20.905+0000] {skipmixin.py:178} INFO - Following branch ['date_outside_range']
[2024-02-02T15:12:20.927+0000] {skipmixin.py:244} INFO - Skipping tasks [('date_in_range', -1)]
[2024-02-02T15:12:20.973+0000] {taskinstance.py:1138} INFO - Marking task as SUCCESS. dag_id=example_branch_datetime_operator_3, task_id=datetime_branch, execution_date=20240201T000000, start_date=20240202T151220, end_date=20240202T151220
[2024-02-02T15:12:21.038+0000] {local_task_job_runner.py:234} INFO - Task exited with return code 0
[2024-02-02T15:12:21.090+0000] {taskinstance.py:3280} INFO - 0 downstream tasks scheduled from follow-on schedule check
