[2024-02-05T16:55:01.603+0000] {processor.py:161} INFO - Started process (PID=31) to work on /opt/airflow/dags/my-freshness-dag.py
[2024-02-05T16:55:01.606+0000] {processor.py:830} INFO - Processing file /opt/airflow/dags/my-freshness-dag.py for tasks to queue
[2024-02-05T16:55:01.611+0000] {logging_mixin.py:188} INFO - [2024-02-05T16:55:01.610+0000] {dagbag.py:538} INFO - Filling up the DagBag from /opt/airflow/dags/my-freshness-dag.py
[2024-02-05T16:55:01.639+0000] {processor.py:840} INFO - DAG(s) 'ops_silver_trigger_30min_SLA' retrieved from /opt/airflow/dags/my-freshness-dag.py
[2024-02-05T16:55:02.034+0000] {logging_mixin.py:188} INFO - [2024-02-05T16:55:02.033+0000] {dag.py:3036} INFO - Sync 1 DAGs
[2024-02-05T16:55:02.084+0000] {logging_mixin.py:188} INFO - [2024-02-05T16:55:02.084+0000] {dag.py:3823} INFO - Setting next_dagrun for ops_silver_trigger_30min_SLA to 2024-02-04 00:00:00+00:00, run_after=2024-02-05 00:00:00+00:00
[2024-02-05T16:55:02.136+0000] {processor.py:183} INFO - Processing /opt/airflow/dags/my-freshness-dag.py took 0.537 seconds
[2024-02-05T16:55:32.402+0000] {processor.py:161} INFO - Started process (PID=107) to work on /opt/airflow/dags/my-freshness-dag.py
[2024-02-05T16:55:32.404+0000] {processor.py:830} INFO - Processing file /opt/airflow/dags/my-freshness-dag.py for tasks to queue
[2024-02-05T16:55:32.406+0000] {logging_mixin.py:188} INFO - [2024-02-05T16:55:32.406+0000] {dagbag.py:538} INFO - Filling up the DagBag from /opt/airflow/dags/my-freshness-dag.py
[2024-02-05T16:55:32.416+0000] {processor.py:840} INFO - DAG(s) 'ops_silver_trigger_30min_SLA' retrieved from /opt/airflow/dags/my-freshness-dag.py
[2024-02-05T16:55:32.436+0000] {logging_mixin.py:188} INFO - [2024-02-05T16:55:32.436+0000] {dag.py:3036} INFO - Sync 1 DAGs
[2024-02-05T16:55:32.452+0000] {logging_mixin.py:188} INFO - [2024-02-05T16:55:32.451+0000] {dag.py:3823} INFO - Setting next_dagrun for ops_silver_trigger_30min_SLA to 2024-02-05 00:00:00+00:00, run_after=2024-02-06 00:00:00+00:00
[2024-02-05T16:55:32.467+0000] {processor.py:183} INFO - Processing /opt/airflow/dags/my-freshness-dag.py took 0.067 seconds
[2024-02-05T16:56:02.897+0000] {processor.py:161} INFO - Started process (PID=168) to work on /opt/airflow/dags/my-freshness-dag.py
[2024-02-05T16:56:02.899+0000] {processor.py:830} INFO - Processing file /opt/airflow/dags/my-freshness-dag.py for tasks to queue
[2024-02-05T16:56:02.903+0000] {logging_mixin.py:188} INFO - [2024-02-05T16:56:02.902+0000] {dagbag.py:538} INFO - Filling up the DagBag from /opt/airflow/dags/my-freshness-dag.py
[2024-02-05T16:56:02.922+0000] {processor.py:840} INFO - DAG(s) 'ops_silver_trigger_30min_SLA' retrieved from /opt/airflow/dags/my-freshness-dag.py
[2024-02-05T16:56:02.953+0000] {logging_mixin.py:188} INFO - [2024-02-05T16:56:02.952+0000] {dag.py:3036} INFO - Sync 1 DAGs
[2024-02-05T16:56:02.980+0000] {logging_mixin.py:188} INFO - [2024-02-05T16:56:02.980+0000] {dag.py:3823} INFO - Setting next_dagrun for ops_silver_trigger_30min_SLA to 2024-02-05 00:00:00+00:00, run_after=2024-02-06 00:00:00+00:00
[2024-02-05T16:56:03.006+0000] {processor.py:183} INFO - Processing /opt/airflow/dags/my-freshness-dag.py took 0.113 seconds
[2024-02-05T16:56:33.605+0000] {processor.py:161} INFO - Started process (PID=225) to work on /opt/airflow/dags/my-freshness-dag.py
[2024-02-05T16:56:33.610+0000] {processor.py:830} INFO - Processing file /opt/airflow/dags/my-freshness-dag.py for tasks to queue
[2024-02-05T16:56:33.618+0000] {logging_mixin.py:188} INFO - [2024-02-05T16:56:33.617+0000] {dagbag.py:538} INFO - Filling up the DagBag from /opt/airflow/dags/my-freshness-dag.py
[2024-02-05T16:56:33.640+0000] {processor.py:840} INFO - DAG(s) 'ops_silver_trigger_30min_SLA' retrieved from /opt/airflow/dags/my-freshness-dag.py
[2024-02-05T16:56:33.679+0000] {logging_mixin.py:188} INFO - [2024-02-05T16:56:33.679+0000] {dag.py:3036} INFO - Sync 1 DAGs
[2024-02-05T16:56:33.723+0000] {logging_mixin.py:188} INFO - [2024-02-05T16:56:33.723+0000] {dag.py:3823} INFO - Setting next_dagrun for ops_silver_trigger_30min_SLA to 2024-02-05 00:00:00+00:00, run_after=2024-02-06 00:00:00+00:00
[2024-02-05T16:56:33.750+0000] {processor.py:183} INFO - Processing /opt/airflow/dags/my-freshness-dag.py took 0.170 seconds
[2024-02-05T16:57:03.861+0000] {processor.py:161} INFO - Started process (PID=286) to work on /opt/airflow/dags/my-freshness-dag.py
[2024-02-05T16:57:03.864+0000] {processor.py:830} INFO - Processing file /opt/airflow/dags/my-freshness-dag.py for tasks to queue
[2024-02-05T16:57:03.870+0000] {logging_mixin.py:188} INFO - [2024-02-05T16:57:03.870+0000] {dagbag.py:538} INFO - Filling up the DagBag from /opt/airflow/dags/my-freshness-dag.py
[2024-02-05T16:57:03.891+0000] {processor.py:840} INFO - DAG(s) 'ops_silver_trigger_30min_SLA' retrieved from /opt/airflow/dags/my-freshness-dag.py
[2024-02-05T16:57:03.912+0000] {logging_mixin.py:188} INFO - [2024-02-05T16:57:03.911+0000] {dag.py:3036} INFO - Sync 1 DAGs
[2024-02-05T16:57:03.930+0000] {logging_mixin.py:188} INFO - [2024-02-05T16:57:03.930+0000] {dag.py:3823} INFO - Setting next_dagrun for ops_silver_trigger_30min_SLA to 2024-02-05 00:00:00+00:00, run_after=2024-02-06 00:00:00+00:00
[2024-02-05T16:57:03.947+0000] {processor.py:183} INFO - Processing /opt/airflow/dags/my-freshness-dag.py took 0.093 seconds
[2024-02-05T16:57:34.395+0000] {processor.py:161} INFO - Started process (PID=343) to work on /opt/airflow/dags/my-freshness-dag.py
[2024-02-05T16:57:34.400+0000] {processor.py:830} INFO - Processing file /opt/airflow/dags/my-freshness-dag.py for tasks to queue
[2024-02-05T16:57:34.412+0000] {logging_mixin.py:188} INFO - [2024-02-05T16:57:34.411+0000] {dagbag.py:538} INFO - Filling up the DagBag from /opt/airflow/dags/my-freshness-dag.py
[2024-02-05T16:57:34.450+0000] {processor.py:840} INFO - DAG(s) 'ops_silver_trigger_30min_SLA' retrieved from /opt/airflow/dags/my-freshness-dag.py
[2024-02-05T16:57:34.480+0000] {logging_mixin.py:188} INFO - [2024-02-05T16:57:34.478+0000] {dag.py:3036} INFO - Sync 1 DAGs
[2024-02-05T16:57:34.533+0000] {logging_mixin.py:188} INFO - [2024-02-05T16:57:34.533+0000] {dag.py:3823} INFO - Setting next_dagrun for ops_silver_trigger_30min_SLA to 2024-02-05 00:00:00+00:00, run_after=2024-02-06 00:00:00+00:00
[2024-02-05T16:57:34.557+0000] {processor.py:183} INFO - Processing /opt/airflow/dags/my-freshness-dag.py took 0.167 seconds
[2024-02-05T16:58:05.165+0000] {processor.py:161} INFO - Started process (PID=405) to work on /opt/airflow/dags/my-freshness-dag.py
[2024-02-05T16:58:05.171+0000] {processor.py:830} INFO - Processing file /opt/airflow/dags/my-freshness-dag.py for tasks to queue
[2024-02-05T16:58:05.176+0000] {logging_mixin.py:188} INFO - [2024-02-05T16:58:05.175+0000] {dagbag.py:538} INFO - Filling up the DagBag from /opt/airflow/dags/my-freshness-dag.py
[2024-02-05T16:58:05.194+0000] {processor.py:840} INFO - DAG(s) 'ops_silver_trigger_30min_SLA' retrieved from /opt/airflow/dags/my-freshness-dag.py
[2024-02-05T16:58:05.224+0000] {logging_mixin.py:188} INFO - [2024-02-05T16:58:05.224+0000] {dag.py:3036} INFO - Sync 1 DAGs
[2024-02-05T16:58:05.246+0000] {logging_mixin.py:188} INFO - [2024-02-05T16:58:05.246+0000] {dag.py:3823} INFO - Setting next_dagrun for ops_silver_trigger_30min_SLA to 2024-02-05 00:00:00+00:00, run_after=2024-02-06 00:00:00+00:00
[2024-02-05T16:58:05.265+0000] {processor.py:183} INFO - Processing /opt/airflow/dags/my-freshness-dag.py took 0.119 seconds
[2024-02-05T16:58:35.778+0000] {processor.py:161} INFO - Started process (PID=463) to work on /opt/airflow/dags/my-freshness-dag.py
[2024-02-05T16:58:35.781+0000] {processor.py:830} INFO - Processing file /opt/airflow/dags/my-freshness-dag.py for tasks to queue
[2024-02-05T16:58:35.786+0000] {logging_mixin.py:188} INFO - [2024-02-05T16:58:35.785+0000] {dagbag.py:538} INFO - Filling up the DagBag from /opt/airflow/dags/my-freshness-dag.py
[2024-02-05T16:58:35.801+0000] {processor.py:840} INFO - DAG(s) 'ops_silver_trigger_30min_SLA' retrieved from /opt/airflow/dags/my-freshness-dag.py
[2024-02-05T16:58:35.850+0000] {logging_mixin.py:188} INFO - [2024-02-05T16:58:35.850+0000] {dag.py:3036} INFO - Sync 1 DAGs
[2024-02-05T16:58:35.874+0000] {logging_mixin.py:188} INFO - [2024-02-05T16:58:35.874+0000] {dag.py:3823} INFO - Setting next_dagrun for ops_silver_trigger_30min_SLA to 2024-02-05 00:00:00+00:00, run_after=2024-02-06 00:00:00+00:00
[2024-02-05T16:58:35.891+0000] {processor.py:183} INFO - Processing /opt/airflow/dags/my-freshness-dag.py took 0.119 seconds
[2024-02-05T16:59:05.958+0000] {processor.py:161} INFO - Started process (PID=527) to work on /opt/airflow/dags/my-freshness-dag.py
[2024-02-05T16:59:05.960+0000] {processor.py:830} INFO - Processing file /opt/airflow/dags/my-freshness-dag.py for tasks to queue
[2024-02-05T16:59:05.965+0000] {logging_mixin.py:188} INFO - [2024-02-05T16:59:05.964+0000] {dagbag.py:538} INFO - Filling up the DagBag from /opt/airflow/dags/my-freshness-dag.py
[2024-02-05T16:59:05.985+0000] {processor.py:840} INFO - DAG(s) 'ops_silver_trigger_30min_SLA' retrieved from /opt/airflow/dags/my-freshness-dag.py
[2024-02-05T16:59:06.021+0000] {logging_mixin.py:188} INFO - [2024-02-05T16:59:06.021+0000] {dag.py:3036} INFO - Sync 1 DAGs
[2024-02-05T16:59:06.050+0000] {logging_mixin.py:188} INFO - [2024-02-05T16:59:06.050+0000] {dag.py:3823} INFO - Setting next_dagrun for ops_silver_trigger_30min_SLA to 2024-02-05 00:00:00+00:00, run_after=2024-02-06 00:00:00+00:00
[2024-02-05T16:59:06.080+0000] {processor.py:183} INFO - Processing /opt/airflow/dags/my-freshness-dag.py took 0.128 seconds
[2024-02-05T16:59:36.419+0000] {processor.py:161} INFO - Started process (PID=584) to work on /opt/airflow/dags/my-freshness-dag.py
[2024-02-05T16:59:36.421+0000] {processor.py:830} INFO - Processing file /opt/airflow/dags/my-freshness-dag.py for tasks to queue
[2024-02-05T16:59:36.426+0000] {logging_mixin.py:188} INFO - [2024-02-05T16:59:36.426+0000] {dagbag.py:538} INFO - Filling up the DagBag from /opt/airflow/dags/my-freshness-dag.py
[2024-02-05T16:59:36.443+0000] {processor.py:840} INFO - DAG(s) 'ops_silver_trigger_30min_SLA' retrieved from /opt/airflow/dags/my-freshness-dag.py
[2024-02-05T16:59:36.471+0000] {logging_mixin.py:188} INFO - [2024-02-05T16:59:36.471+0000] {dag.py:3036} INFO - Sync 1 DAGs
[2024-02-05T16:59:36.510+0000] {logging_mixin.py:188} INFO - [2024-02-05T16:59:36.510+0000] {dag.py:3823} INFO - Setting next_dagrun for ops_silver_trigger_30min_SLA to 2024-02-05 00:00:00+00:00, run_after=2024-02-06 00:00:00+00:00
[2024-02-05T16:59:36.536+0000] {processor.py:183} INFO - Processing /opt/airflow/dags/my-freshness-dag.py took 0.124 seconds
[2024-02-05T17:00:06.729+0000] {processor.py:161} INFO - Started process (PID=647) to work on /opt/airflow/dags/my-freshness-dag.py
[2024-02-05T17:00:06.733+0000] {processor.py:830} INFO - Processing file /opt/airflow/dags/my-freshness-dag.py for tasks to queue
[2024-02-05T17:00:06.739+0000] {logging_mixin.py:188} INFO - [2024-02-05T17:00:06.739+0000] {dagbag.py:538} INFO - Filling up the DagBag from /opt/airflow/dags/my-freshness-dag.py
[2024-02-05T17:00:06.789+0000] {processor.py:840} INFO - DAG(s) 'ops_silver_trigger_30min_SLA' retrieved from /opt/airflow/dags/my-freshness-dag.py
[2024-02-05T17:00:06.827+0000] {logging_mixin.py:188} INFO - [2024-02-05T17:00:06.827+0000] {dag.py:3036} INFO - Sync 1 DAGs
[2024-02-05T17:00:06.869+0000] {logging_mixin.py:188} INFO - [2024-02-05T17:00:06.869+0000] {dag.py:3823} INFO - Setting next_dagrun for ops_silver_trigger_30min_SLA to 2024-02-05 00:00:00+00:00, run_after=2024-02-06 00:00:00+00:00
[2024-02-05T17:00:06.893+0000] {processor.py:183} INFO - Processing /opt/airflow/dags/my-freshness-dag.py took 0.176 seconds
[2024-02-05T17:00:37.482+0000] {processor.py:161} INFO - Started process (PID=704) to work on /opt/airflow/dags/my-freshness-dag.py
[2024-02-05T17:00:37.486+0000] {processor.py:830} INFO - Processing file /opt/airflow/dags/my-freshness-dag.py for tasks to queue
[2024-02-05T17:00:37.493+0000] {logging_mixin.py:188} INFO - [2024-02-05T17:00:37.493+0000] {dagbag.py:538} INFO - Filling up the DagBag from /opt/airflow/dags/my-freshness-dag.py
[2024-02-05T17:00:37.533+0000] {processor.py:840} INFO - DAG(s) 'ops_silver_trigger_30min_SLA' retrieved from /opt/airflow/dags/my-freshness-dag.py
[2024-02-05T17:00:37.577+0000] {logging_mixin.py:188} INFO - [2024-02-05T17:00:37.577+0000] {dag.py:3036} INFO - Sync 1 DAGs
[2024-02-05T17:00:37.612+0000] {logging_mixin.py:188} INFO - [2024-02-05T17:00:37.612+0000] {dag.py:3823} INFO - Setting next_dagrun for ops_silver_trigger_30min_SLA to 2024-02-05 00:00:00+00:00, run_after=2024-02-06 00:00:00+00:00
[2024-02-05T17:00:37.636+0000] {processor.py:183} INFO - Processing /opt/airflow/dags/my-freshness-dag.py took 0.182 seconds
[2024-02-05T17:01:08.432+0000] {processor.py:161} INFO - Started process (PID=765) to work on /opt/airflow/dags/my-freshness-dag.py
[2024-02-05T17:01:08.437+0000] {processor.py:830} INFO - Processing file /opt/airflow/dags/my-freshness-dag.py for tasks to queue
[2024-02-05T17:01:08.445+0000] {logging_mixin.py:188} INFO - [2024-02-05T17:01:08.444+0000] {dagbag.py:538} INFO - Filling up the DagBag from /opt/airflow/dags/my-freshness-dag.py
[2024-02-05T17:01:08.465+0000] {processor.py:840} INFO - DAG(s) 'ops_silver_trigger_30min_SLA' retrieved from /opt/airflow/dags/my-freshness-dag.py
[2024-02-05T17:01:08.515+0000] {logging_mixin.py:188} INFO - [2024-02-05T17:01:08.514+0000] {dag.py:3036} INFO - Sync 1 DAGs
[2024-02-05T17:01:08.540+0000] {logging_mixin.py:188} INFO - [2024-02-05T17:01:08.540+0000] {dag.py:3823} INFO - Setting next_dagrun for ops_silver_trigger_30min_SLA to 2024-02-05 00:00:00+00:00, run_after=2024-02-06 00:00:00+00:00
[2024-02-05T17:01:08.561+0000] {processor.py:183} INFO - Processing /opt/airflow/dags/my-freshness-dag.py took 0.141 seconds
[2024-02-05T17:01:38.739+0000] {processor.py:161} INFO - Started process (PID=822) to work on /opt/airflow/dags/my-freshness-dag.py
[2024-02-05T17:01:38.745+0000] {processor.py:830} INFO - Processing file /opt/airflow/dags/my-freshness-dag.py for tasks to queue
[2024-02-05T17:01:38.758+0000] {logging_mixin.py:188} INFO - [2024-02-05T17:01:38.757+0000] {dagbag.py:538} INFO - Filling up the DagBag from /opt/airflow/dags/my-freshness-dag.py
[2024-02-05T17:01:38.789+0000] {processor.py:840} INFO - DAG(s) 'ops_silver_trigger_30min_SLA' retrieved from /opt/airflow/dags/my-freshness-dag.py
[2024-02-05T17:01:38.835+0000] {logging_mixin.py:188} INFO - [2024-02-05T17:01:38.834+0000] {dag.py:3036} INFO - Sync 1 DAGs
[2024-02-05T17:01:38.869+0000] {logging_mixin.py:188} INFO - [2024-02-05T17:01:38.869+0000] {dag.py:3823} INFO - Setting next_dagrun for ops_silver_trigger_30min_SLA to 2024-02-05 00:00:00+00:00, run_after=2024-02-06 00:00:00+00:00
[2024-02-05T17:01:38.908+0000] {processor.py:183} INFO - Processing /opt/airflow/dags/my-freshness-dag.py took 0.175 seconds
[2024-02-05T17:02:09.656+0000] {processor.py:161} INFO - Started process (PID=883) to work on /opt/airflow/dags/my-freshness-dag.py
[2024-02-05T17:02:09.681+0000] {processor.py:830} INFO - Processing file /opt/airflow/dags/my-freshness-dag.py for tasks to queue
[2024-02-05T17:02:09.696+0000] {logging_mixin.py:188} INFO - [2024-02-05T17:02:09.691+0000] {dagbag.py:538} INFO - Filling up the DagBag from /opt/airflow/dags/my-freshness-dag.py
[2024-02-05T17:02:09.725+0000] {processor.py:840} INFO - DAG(s) 'ops_silver_trigger_30min_SLA' retrieved from /opt/airflow/dags/my-freshness-dag.py
[2024-02-05T17:02:09.922+0000] {logging_mixin.py:188} INFO - [2024-02-05T17:02:09.920+0000] {dag.py:3036} INFO - Sync 1 DAGs
[2024-02-05T17:02:09.960+0000] {logging_mixin.py:188} INFO - [2024-02-05T17:02:09.960+0000] {dag.py:3823} INFO - Setting next_dagrun for ops_silver_trigger_30min_SLA to 2024-02-05 00:00:00+00:00, run_after=2024-02-06 00:00:00+00:00
[2024-02-05T17:02:10.007+0000] {processor.py:183} INFO - Processing /opt/airflow/dags/my-freshness-dag.py took 0.368 seconds
[2024-02-05T17:02:40.457+0000] {processor.py:161} INFO - Started process (PID=942) to work on /opt/airflow/dags/my-freshness-dag.py
[2024-02-05T17:02:40.460+0000] {processor.py:830} INFO - Processing file /opt/airflow/dags/my-freshness-dag.py for tasks to queue
[2024-02-05T17:02:40.465+0000] {logging_mixin.py:188} INFO - [2024-02-05T17:02:40.465+0000] {dagbag.py:538} INFO - Filling up the DagBag from /opt/airflow/dags/my-freshness-dag.py
[2024-02-05T17:02:40.503+0000] {processor.py:840} INFO - DAG(s) 'ops_silver_trigger_30min_SLA' retrieved from /opt/airflow/dags/my-freshness-dag.py
[2024-02-05T17:02:40.533+0000] {logging_mixin.py:188} INFO - [2024-02-05T17:02:40.532+0000] {dag.py:3036} INFO - Sync 1 DAGs
[2024-02-05T17:02:40.558+0000] {logging_mixin.py:188} INFO - [2024-02-05T17:02:40.557+0000] {dag.py:3823} INFO - Setting next_dagrun for ops_silver_trigger_30min_SLA to 2024-02-05 00:00:00+00:00, run_after=2024-02-06 00:00:00+00:00
[2024-02-05T17:02:40.596+0000] {processor.py:183} INFO - Processing /opt/airflow/dags/my-freshness-dag.py took 0.147 seconds
[2024-02-05T17:03:11.414+0000] {processor.py:161} INFO - Started process (PID=1003) to work on /opt/airflow/dags/my-freshness-dag.py
[2024-02-05T17:03:11.429+0000] {processor.py:830} INFO - Processing file /opt/airflow/dags/my-freshness-dag.py for tasks to queue
[2024-02-05T17:03:11.440+0000] {logging_mixin.py:188} INFO - [2024-02-05T17:03:11.438+0000] {dagbag.py:538} INFO - Filling up the DagBag from /opt/airflow/dags/my-freshness-dag.py
[2024-02-05T17:03:11.466+0000] {processor.py:840} INFO - DAG(s) 'ops_silver_trigger_30min_SLA' retrieved from /opt/airflow/dags/my-freshness-dag.py
[2024-02-05T17:03:11.525+0000] {logging_mixin.py:188} INFO - [2024-02-05T17:03:11.524+0000] {dag.py:3036} INFO - Sync 1 DAGs
[2024-02-05T17:03:11.564+0000] {logging_mixin.py:188} INFO - [2024-02-05T17:03:11.563+0000] {dag.py:3823} INFO - Setting next_dagrun for ops_silver_trigger_30min_SLA to 2024-02-05 00:00:00+00:00, run_after=2024-02-06 00:00:00+00:00
[2024-02-05T17:03:11.586+0000] {processor.py:183} INFO - Processing /opt/airflow/dags/my-freshness-dag.py took 0.188 seconds
[2024-02-05T17:03:41.697+0000] {processor.py:161} INFO - Started process (PID=1060) to work on /opt/airflow/dags/my-freshness-dag.py
[2024-02-05T17:03:41.704+0000] {processor.py:830} INFO - Processing file /opt/airflow/dags/my-freshness-dag.py for tasks to queue
[2024-02-05T17:03:41.727+0000] {logging_mixin.py:188} INFO - [2024-02-05T17:03:41.726+0000] {dagbag.py:538} INFO - Filling up the DagBag from /opt/airflow/dags/my-freshness-dag.py
[2024-02-05T17:03:41.779+0000] {processor.py:840} INFO - DAG(s) 'ops_silver_trigger_30min_SLA' retrieved from /opt/airflow/dags/my-freshness-dag.py
[2024-02-05T17:03:41.883+0000] {logging_mixin.py:188} INFO - [2024-02-05T17:03:41.883+0000] {dag.py:3036} INFO - Sync 1 DAGs
[2024-02-05T17:03:41.922+0000] {logging_mixin.py:188} INFO - [2024-02-05T17:03:41.921+0000] {dag.py:3823} INFO - Setting next_dagrun for ops_silver_trigger_30min_SLA to 2024-02-05 00:00:00+00:00, run_after=2024-02-06 00:00:00+00:00
[2024-02-05T17:03:41.970+0000] {processor.py:183} INFO - Processing /opt/airflow/dags/my-freshness-dag.py took 0.281 seconds
[2024-02-05T17:04:12.262+0000] {processor.py:161} INFO - Started process (PID=1121) to work on /opt/airflow/dags/my-freshness-dag.py
[2024-02-05T17:04:12.265+0000] {processor.py:830} INFO - Processing file /opt/airflow/dags/my-freshness-dag.py for tasks to queue
[2024-02-05T17:04:12.271+0000] {logging_mixin.py:188} INFO - [2024-02-05T17:04:12.270+0000] {dagbag.py:538} INFO - Filling up the DagBag from /opt/airflow/dags/my-freshness-dag.py
[2024-02-05T17:04:12.288+0000] {processor.py:840} INFO - DAG(s) 'ops_silver_trigger_30min_SLA' retrieved from /opt/airflow/dags/my-freshness-dag.py
[2024-02-05T17:04:12.311+0000] {logging_mixin.py:188} INFO - [2024-02-05T17:04:12.311+0000] {dag.py:3036} INFO - Sync 1 DAGs
[2024-02-05T17:04:12.330+0000] {logging_mixin.py:188} INFO - [2024-02-05T17:04:12.329+0000] {dag.py:3823} INFO - Setting next_dagrun for ops_silver_trigger_30min_SLA to 2024-02-05 00:00:00+00:00, run_after=2024-02-06 00:00:00+00:00
[2024-02-05T17:04:12.348+0000] {processor.py:183} INFO - Processing /opt/airflow/dags/my-freshness-dag.py took 0.095 seconds
[2024-02-05T17:04:42.531+0000] {processor.py:161} INFO - Started process (PID=1179) to work on /opt/airflow/dags/my-freshness-dag.py
[2024-02-05T17:04:42.534+0000] {processor.py:830} INFO - Processing file /opt/airflow/dags/my-freshness-dag.py for tasks to queue
[2024-02-05T17:04:42.537+0000] {logging_mixin.py:188} INFO - [2024-02-05T17:04:42.537+0000] {dagbag.py:538} INFO - Filling up the DagBag from /opt/airflow/dags/my-freshness-dag.py
[2024-02-05T17:04:42.550+0000] {processor.py:840} INFO - DAG(s) 'ops_silver_trigger_30min_SLA' retrieved from /opt/airflow/dags/my-freshness-dag.py
[2024-02-05T17:04:42.571+0000] {logging_mixin.py:188} INFO - [2024-02-05T17:04:42.571+0000] {dag.py:3036} INFO - Sync 1 DAGs
[2024-02-05T17:04:42.590+0000] {logging_mixin.py:188} INFO - [2024-02-05T17:04:42.590+0000] {dag.py:3823} INFO - Setting next_dagrun for ops_silver_trigger_30min_SLA to 2024-02-05 00:00:00+00:00, run_after=2024-02-06 00:00:00+00:00
[2024-02-05T17:04:42.607+0000] {processor.py:183} INFO - Processing /opt/airflow/dags/my-freshness-dag.py took 0.080 seconds
[2024-02-05T17:05:13.252+0000] {processor.py:161} INFO - Started process (PID=1241) to work on /opt/airflow/dags/my-freshness-dag.py
[2024-02-05T17:05:13.259+0000] {processor.py:830} INFO - Processing file /opt/airflow/dags/my-freshness-dag.py for tasks to queue
[2024-02-05T17:05:13.270+0000] {logging_mixin.py:188} INFO - [2024-02-05T17:05:13.270+0000] {dagbag.py:538} INFO - Filling up the DagBag from /opt/airflow/dags/my-freshness-dag.py
[2024-02-05T17:05:13.359+0000] {processor.py:840} INFO - DAG(s) 'ops_silver_trigger_30min_SLA' retrieved from /opt/airflow/dags/my-freshness-dag.py
[2024-02-05T17:05:13.440+0000] {logging_mixin.py:188} INFO - [2024-02-05T17:05:13.439+0000] {dag.py:3036} INFO - Sync 1 DAGs
[2024-02-05T17:05:13.522+0000] {logging_mixin.py:188} INFO - [2024-02-05T17:05:13.521+0000] {dag.py:3823} INFO - Setting next_dagrun for ops_silver_trigger_30min_SLA to 2024-02-05 00:00:00+00:00, run_after=2024-02-06 00:00:00+00:00
[2024-02-05T17:05:13.648+0000] {processor.py:183} INFO - Processing /opt/airflow/dags/my-freshness-dag.py took 0.422 seconds
[2024-02-05T17:05:43.911+0000] {processor.py:161} INFO - Started process (PID=1299) to work on /opt/airflow/dags/my-freshness-dag.py
[2024-02-05T17:05:43.915+0000] {processor.py:830} INFO - Processing file /opt/airflow/dags/my-freshness-dag.py for tasks to queue
[2024-02-05T17:05:43.921+0000] {logging_mixin.py:188} INFO - [2024-02-05T17:05:43.920+0000] {dagbag.py:538} INFO - Filling up the DagBag from /opt/airflow/dags/my-freshness-dag.py
[2024-02-05T17:05:43.949+0000] {processor.py:840} INFO - DAG(s) 'ops_silver_trigger_30min_SLA' retrieved from /opt/airflow/dags/my-freshness-dag.py
[2024-02-05T17:05:44.141+0000] {logging_mixin.py:188} INFO - [2024-02-05T17:05:44.139+0000] {dag.py:3036} INFO - Sync 1 DAGs
[2024-02-05T17:05:44.255+0000] {logging_mixin.py:188} INFO - [2024-02-05T17:05:44.254+0000] {dag.py:3823} INFO - Setting next_dagrun for ops_silver_trigger_30min_SLA to 2024-02-05 00:00:00+00:00, run_after=2024-02-06 00:00:00+00:00
[2024-02-05T17:05:44.363+0000] {processor.py:183} INFO - Processing /opt/airflow/dags/my-freshness-dag.py took 0.489 seconds
[2024-02-05T17:06:14.496+0000] {processor.py:161} INFO - Started process (PID=1360) to work on /opt/airflow/dags/my-freshness-dag.py
[2024-02-05T17:06:14.500+0000] {processor.py:830} INFO - Processing file /opt/airflow/dags/my-freshness-dag.py for tasks to queue
[2024-02-05T17:06:14.506+0000] {logging_mixin.py:188} INFO - [2024-02-05T17:06:14.505+0000] {dagbag.py:538} INFO - Filling up the DagBag from /opt/airflow/dags/my-freshness-dag.py
[2024-02-05T17:06:14.526+0000] {processor.py:840} INFO - DAG(s) 'ops_silver_trigger_30min_SLA' retrieved from /opt/airflow/dags/my-freshness-dag.py
[2024-02-05T17:06:14.550+0000] {logging_mixin.py:188} INFO - [2024-02-05T17:06:14.549+0000] {dag.py:3036} INFO - Sync 1 DAGs
[2024-02-05T17:06:14.576+0000] {logging_mixin.py:188} INFO - [2024-02-05T17:06:14.576+0000] {dag.py:3823} INFO - Setting next_dagrun for ops_silver_trigger_30min_SLA to 2024-02-05 00:00:00+00:00, run_after=2024-02-06 00:00:00+00:00
[2024-02-05T17:06:14.606+0000] {processor.py:183} INFO - Processing /opt/airflow/dags/my-freshness-dag.py took 0.115 seconds
[2024-02-05T17:06:44.880+0000] {processor.py:161} INFO - Started process (PID=1418) to work on /opt/airflow/dags/my-freshness-dag.py
[2024-02-05T17:06:44.883+0000] {processor.py:830} INFO - Processing file /opt/airflow/dags/my-freshness-dag.py for tasks to queue
[2024-02-05T17:06:44.886+0000] {logging_mixin.py:188} INFO - [2024-02-05T17:06:44.886+0000] {dagbag.py:538} INFO - Filling up the DagBag from /opt/airflow/dags/my-freshness-dag.py
[2024-02-05T17:06:44.900+0000] {processor.py:840} INFO - DAG(s) 'ops_silver_trigger_30min_SLA' retrieved from /opt/airflow/dags/my-freshness-dag.py
[2024-02-05T17:06:44.919+0000] {logging_mixin.py:188} INFO - [2024-02-05T17:06:44.919+0000] {dag.py:3036} INFO - Sync 1 DAGs
[2024-02-05T17:06:44.934+0000] {logging_mixin.py:188} INFO - [2024-02-05T17:06:44.934+0000] {dag.py:3823} INFO - Setting next_dagrun for ops_silver_trigger_30min_SLA to 2024-02-05 00:00:00+00:00, run_after=2024-02-06 00:00:00+00:00
[2024-02-05T17:06:44.950+0000] {processor.py:183} INFO - Processing /opt/airflow/dags/my-freshness-dag.py took 0.078 seconds
[2024-02-05T17:07:15.368+0000] {processor.py:161} INFO - Started process (PID=1483) to work on /opt/airflow/dags/my-freshness-dag.py
[2024-02-05T17:07:15.373+0000] {processor.py:830} INFO - Processing file /opt/airflow/dags/my-freshness-dag.py for tasks to queue
[2024-02-05T17:07:15.377+0000] {logging_mixin.py:188} INFO - [2024-02-05T17:07:15.377+0000] {dagbag.py:538} INFO - Filling up the DagBag from /opt/airflow/dags/my-freshness-dag.py
[2024-02-05T17:07:15.396+0000] {processor.py:840} INFO - DAG(s) 'ops_silver_trigger_30min_SLA' retrieved from /opt/airflow/dags/my-freshness-dag.py
[2024-02-05T17:07:15.421+0000] {logging_mixin.py:188} INFO - [2024-02-05T17:07:15.421+0000] {dag.py:3036} INFO - Sync 1 DAGs
[2024-02-05T17:07:15.471+0000] {logging_mixin.py:188} INFO - [2024-02-05T17:07:15.471+0000] {dag.py:3823} INFO - Setting next_dagrun for ops_silver_trigger_30min_SLA to 2024-02-05 00:00:00+00:00, run_after=2024-02-06 00:00:00+00:00
[2024-02-05T17:07:15.506+0000] {processor.py:183} INFO - Processing /opt/airflow/dags/my-freshness-dag.py took 0.144 seconds
[2024-02-05T17:07:45.826+0000] {processor.py:161} INFO - Started process (PID=1543) to work on /opt/airflow/dags/my-freshness-dag.py
[2024-02-05T17:07:45.831+0000] {processor.py:830} INFO - Processing file /opt/airflow/dags/my-freshness-dag.py for tasks to queue
[2024-02-05T17:07:45.838+0000] {logging_mixin.py:188} INFO - [2024-02-05T17:07:45.837+0000] {dagbag.py:538} INFO - Filling up the DagBag from /opt/airflow/dags/my-freshness-dag.py
[2024-02-05T17:07:45.857+0000] {processor.py:840} INFO - DAG(s) 'ops_silver_trigger_30min_SLA' retrieved from /opt/airflow/dags/my-freshness-dag.py
[2024-02-05T17:07:45.883+0000] {logging_mixin.py:188} INFO - [2024-02-05T17:07:45.883+0000] {dag.py:3036} INFO - Sync 1 DAGs
[2024-02-05T17:07:45.908+0000] {logging_mixin.py:188} INFO - [2024-02-05T17:07:45.908+0000] {dag.py:3823} INFO - Setting next_dagrun for ops_silver_trigger_30min_SLA to 2024-02-05 00:00:00+00:00, run_after=2024-02-06 00:00:00+00:00
[2024-02-05T17:07:45.930+0000] {processor.py:183} INFO - Processing /opt/airflow/dags/my-freshness-dag.py took 0.113 seconds
[2024-02-05T17:08:16.402+0000] {processor.py:161} INFO - Started process (PID=1605) to work on /opt/airflow/dags/my-freshness-dag.py
[2024-02-05T17:08:16.406+0000] {processor.py:830} INFO - Processing file /opt/airflow/dags/my-freshness-dag.py for tasks to queue
[2024-02-05T17:08:16.410+0000] {logging_mixin.py:188} INFO - [2024-02-05T17:08:16.410+0000] {dagbag.py:538} INFO - Filling up the DagBag from /opt/airflow/dags/my-freshness-dag.py
[2024-02-05T17:08:16.427+0000] {processor.py:840} INFO - DAG(s) 'ops_silver_trigger_30min_SLA' retrieved from /opt/airflow/dags/my-freshness-dag.py
[2024-02-05T17:08:16.451+0000] {logging_mixin.py:188} INFO - [2024-02-05T17:08:16.451+0000] {dag.py:3036} INFO - Sync 1 DAGs
[2024-02-05T17:08:16.477+0000] {logging_mixin.py:188} INFO - [2024-02-05T17:08:16.476+0000] {dag.py:3823} INFO - Setting next_dagrun for ops_silver_trigger_30min_SLA to 2024-02-05 00:00:00+00:00, run_after=2024-02-06 00:00:00+00:00
[2024-02-05T17:08:16.499+0000] {processor.py:183} INFO - Processing /opt/airflow/dags/my-freshness-dag.py took 0.105 seconds
[2024-02-05T17:08:46.988+0000] {processor.py:161} INFO - Started process (PID=1666) to work on /opt/airflow/dags/my-freshness-dag.py
[2024-02-05T17:08:46.991+0000] {processor.py:830} INFO - Processing file /opt/airflow/dags/my-freshness-dag.py for tasks to queue
[2024-02-05T17:08:47.017+0000] {logging_mixin.py:188} INFO - [2024-02-05T17:08:47.013+0000] {dagbag.py:538} INFO - Filling up the DagBag from /opt/airflow/dags/my-freshness-dag.py
[2024-02-05T17:08:47.039+0000] {processor.py:840} INFO - DAG(s) 'ops_silver_trigger_30min_SLA' retrieved from /opt/airflow/dags/my-freshness-dag.py
[2024-02-05T17:08:47.068+0000] {logging_mixin.py:188} INFO - [2024-02-05T17:08:47.068+0000] {dag.py:3036} INFO - Sync 1 DAGs
[2024-02-05T17:08:47.120+0000] {logging_mixin.py:188} INFO - [2024-02-05T17:08:47.119+0000] {dag.py:3823} INFO - Setting next_dagrun for ops_silver_trigger_30min_SLA to 2024-02-05 00:00:00+00:00, run_after=2024-02-06 00:00:00+00:00
[2024-02-05T17:08:47.144+0000] {processor.py:183} INFO - Processing /opt/airflow/dags/my-freshness-dag.py took 0.162 seconds
[2024-02-05T17:09:17.884+0000] {processor.py:161} INFO - Started process (PID=1729) to work on /opt/airflow/dags/my-freshness-dag.py
[2024-02-05T17:09:17.901+0000] {processor.py:830} INFO - Processing file /opt/airflow/dags/my-freshness-dag.py for tasks to queue
[2024-02-05T17:09:17.940+0000] {logging_mixin.py:188} INFO - [2024-02-05T17:09:17.938+0000] {dagbag.py:538} INFO - Filling up the DagBag from /opt/airflow/dags/my-freshness-dag.py
[2024-02-05T17:09:18.043+0000] {processor.py:840} INFO - DAG(s) 'ops_silver_trigger_30min_SLA' retrieved from /opt/airflow/dags/my-freshness-dag.py
[2024-02-05T17:09:18.172+0000] {logging_mixin.py:188} INFO - [2024-02-05T17:09:18.171+0000] {dag.py:3036} INFO - Sync 1 DAGs
[2024-02-05T17:09:18.328+0000] {logging_mixin.py:188} INFO - [2024-02-05T17:09:18.326+0000] {dag.py:3823} INFO - Setting next_dagrun for ops_silver_trigger_30min_SLA to 2024-02-05 00:00:00+00:00, run_after=2024-02-06 00:00:00+00:00
[2024-02-05T17:09:18.466+0000] {processor.py:183} INFO - Processing /opt/airflow/dags/my-freshness-dag.py took 0.628 seconds
[2024-02-05T17:09:48.769+0000] {processor.py:161} INFO - Started process (PID=1786) to work on /opt/airflow/dags/my-freshness-dag.py
[2024-02-05T17:09:48.772+0000] {processor.py:830} INFO - Processing file /opt/airflow/dags/my-freshness-dag.py for tasks to queue
[2024-02-05T17:09:48.777+0000] {logging_mixin.py:188} INFO - [2024-02-05T17:09:48.776+0000] {dagbag.py:538} INFO - Filling up the DagBag from /opt/airflow/dags/my-freshness-dag.py
[2024-02-05T17:09:48.793+0000] {processor.py:840} INFO - DAG(s) 'ops_silver_trigger_30min_SLA' retrieved from /opt/airflow/dags/my-freshness-dag.py
[2024-02-05T17:09:48.812+0000] {logging_mixin.py:188} INFO - [2024-02-05T17:09:48.812+0000] {dag.py:3036} INFO - Sync 1 DAGs
[2024-02-05T17:09:48.830+0000] {logging_mixin.py:188} INFO - [2024-02-05T17:09:48.830+0000] {dag.py:3823} INFO - Setting next_dagrun for ops_silver_trigger_30min_SLA to 2024-02-05 00:00:00+00:00, run_after=2024-02-06 00:00:00+00:00
[2024-02-05T17:09:48.846+0000] {processor.py:183} INFO - Processing /opt/airflow/dags/my-freshness-dag.py took 0.085 seconds
[2024-02-05T17:10:18.978+0000] {processor.py:161} INFO - Started process (PID=1848) to work on /opt/airflow/dags/my-freshness-dag.py
[2024-02-05T17:10:18.981+0000] {processor.py:830} INFO - Processing file /opt/airflow/dags/my-freshness-dag.py for tasks to queue
[2024-02-05T17:10:18.985+0000] {logging_mixin.py:188} INFO - [2024-02-05T17:10:18.985+0000] {dagbag.py:538} INFO - Filling up the DagBag from /opt/airflow/dags/my-freshness-dag.py
[2024-02-05T17:10:19.002+0000] {processor.py:840} INFO - DAG(s) 'ops_silver_trigger_30min_SLA' retrieved from /opt/airflow/dags/my-freshness-dag.py
[2024-02-05T17:10:19.023+0000] {logging_mixin.py:188} INFO - [2024-02-05T17:10:19.023+0000] {dag.py:3036} INFO - Sync 1 DAGs
[2024-02-05T17:10:19.048+0000] {logging_mixin.py:188} INFO - [2024-02-05T17:10:19.048+0000] {dag.py:3823} INFO - Setting next_dagrun for ops_silver_trigger_30min_SLA to 2024-02-05 00:00:00+00:00, run_after=2024-02-06 00:00:00+00:00
[2024-02-05T17:10:19.066+0000] {processor.py:183} INFO - Processing /opt/airflow/dags/my-freshness-dag.py took 0.094 seconds
[2024-02-05T17:10:49.298+0000] {processor.py:161} INFO - Started process (PID=1906) to work on /opt/airflow/dags/my-freshness-dag.py
[2024-02-05T17:10:49.302+0000] {processor.py:830} INFO - Processing file /opt/airflow/dags/my-freshness-dag.py for tasks to queue
[2024-02-05T17:10:49.309+0000] {logging_mixin.py:188} INFO - [2024-02-05T17:10:49.308+0000] {dagbag.py:538} INFO - Filling up the DagBag from /opt/airflow/dags/my-freshness-dag.py
[2024-02-05T17:10:49.328+0000] {processor.py:840} INFO - DAG(s) 'ops_silver_trigger_30min_SLA' retrieved from /opt/airflow/dags/my-freshness-dag.py
[2024-02-05T17:10:49.358+0000] {logging_mixin.py:188} INFO - [2024-02-05T17:10:49.358+0000] {dag.py:3036} INFO - Sync 1 DAGs
[2024-02-05T17:10:49.379+0000] {logging_mixin.py:188} INFO - [2024-02-05T17:10:49.378+0000] {dag.py:3823} INFO - Setting next_dagrun for ops_silver_trigger_30min_SLA to 2024-02-05 00:00:00+00:00, run_after=2024-02-06 00:00:00+00:00
[2024-02-05T17:10:49.397+0000] {processor.py:183} INFO - Processing /opt/airflow/dags/my-freshness-dag.py took 0.106 seconds
[2024-02-05T17:11:19.498+0000] {processor.py:161} INFO - Started process (PID=1971) to work on /opt/airflow/dags/my-freshness-dag.py
[2024-02-05T17:11:19.500+0000] {processor.py:830} INFO - Processing file /opt/airflow/dags/my-freshness-dag.py for tasks to queue
[2024-02-05T17:11:19.505+0000] {logging_mixin.py:188} INFO - [2024-02-05T17:11:19.505+0000] {dagbag.py:538} INFO - Filling up the DagBag from /opt/airflow/dags/my-freshness-dag.py
[2024-02-05T17:11:19.520+0000] {processor.py:840} INFO - DAG(s) 'ops_silver_trigger_30min_SLA' retrieved from /opt/airflow/dags/my-freshness-dag.py
[2024-02-05T17:11:19.542+0000] {logging_mixin.py:188} INFO - [2024-02-05T17:11:19.541+0000] {dag.py:3036} INFO - Sync 1 DAGs
[2024-02-05T17:11:19.562+0000] {logging_mixin.py:188} INFO - [2024-02-05T17:11:19.561+0000] {dag.py:3823} INFO - Setting next_dagrun for ops_silver_trigger_30min_SLA to 2024-02-05 00:00:00+00:00, run_after=2024-02-06 00:00:00+00:00
[2024-02-05T17:11:19.579+0000] {processor.py:183} INFO - Processing /opt/airflow/dags/my-freshness-dag.py took 0.088 seconds
[2024-02-05T17:11:50.163+0000] {processor.py:161} INFO - Started process (PID=2028) to work on /opt/airflow/dags/my-freshness-dag.py
[2024-02-05T17:11:50.165+0000] {processor.py:830} INFO - Processing file /opt/airflow/dags/my-freshness-dag.py for tasks to queue
[2024-02-05T17:11:50.170+0000] {logging_mixin.py:188} INFO - [2024-02-05T17:11:50.169+0000] {dagbag.py:538} INFO - Filling up the DagBag from /opt/airflow/dags/my-freshness-dag.py
[2024-02-05T17:11:50.185+0000] {processor.py:840} INFO - DAG(s) 'ops_silver_trigger_30min_SLA' retrieved from /opt/airflow/dags/my-freshness-dag.py
[2024-02-05T17:11:50.209+0000] {logging_mixin.py:188} INFO - [2024-02-05T17:11:50.209+0000] {dag.py:3036} INFO - Sync 1 DAGs
[2024-02-05T17:11:50.255+0000] {logging_mixin.py:188} INFO - [2024-02-05T17:11:50.255+0000] {dag.py:3823} INFO - Setting next_dagrun for ops_silver_trigger_30min_SLA to 2024-02-05 00:00:00+00:00, run_after=2024-02-06 00:00:00+00:00
[2024-02-05T17:11:50.270+0000] {processor.py:183} INFO - Processing /opt/airflow/dags/my-freshness-dag.py took 0.111 seconds
[2024-02-05T17:12:20.866+0000] {processor.py:161} INFO - Started process (PID=2090) to work on /opt/airflow/dags/my-freshness-dag.py
[2024-02-05T17:12:20.871+0000] {processor.py:830} INFO - Processing file /opt/airflow/dags/my-freshness-dag.py for tasks to queue
[2024-02-05T17:12:20.894+0000] {logging_mixin.py:188} INFO - [2024-02-05T17:12:20.892+0000] {dagbag.py:538} INFO - Filling up the DagBag from /opt/airflow/dags/my-freshness-dag.py
[2024-02-05T17:12:20.918+0000] {processor.py:840} INFO - DAG(s) 'ops_silver_trigger_30min_SLA' retrieved from /opt/airflow/dags/my-freshness-dag.py
[2024-02-05T17:12:20.947+0000] {logging_mixin.py:188} INFO - [2024-02-05T17:12:20.946+0000] {dag.py:3036} INFO - Sync 1 DAGs
[2024-02-05T17:12:20.992+0000] {logging_mixin.py:188} INFO - [2024-02-05T17:12:20.992+0000] {dag.py:3823} INFO - Setting next_dagrun for ops_silver_trigger_30min_SLA to 2024-02-05 00:00:00+00:00, run_after=2024-02-06 00:00:00+00:00
[2024-02-05T17:12:21.019+0000] {processor.py:183} INFO - Processing /opt/airflow/dags/my-freshness-dag.py took 0.157 seconds
[2024-02-05T17:12:51.131+0000] {processor.py:161} INFO - Started process (PID=2149) to work on /opt/airflow/dags/my-freshness-dag.py
[2024-02-05T17:12:51.136+0000] {processor.py:830} INFO - Processing file /opt/airflow/dags/my-freshness-dag.py for tasks to queue
[2024-02-05T17:12:51.143+0000] {logging_mixin.py:188} INFO - [2024-02-05T17:12:51.142+0000] {dagbag.py:538} INFO - Filling up the DagBag from /opt/airflow/dags/my-freshness-dag.py
[2024-02-05T17:12:51.164+0000] {processor.py:840} INFO - DAG(s) 'ops_silver_trigger_30min_SLA' retrieved from /opt/airflow/dags/my-freshness-dag.py
[2024-02-05T17:12:51.211+0000] {logging_mixin.py:188} INFO - [2024-02-05T17:12:51.210+0000] {dag.py:3036} INFO - Sync 1 DAGs
[2024-02-05T17:12:51.234+0000] {logging_mixin.py:188} INFO - [2024-02-05T17:12:51.233+0000] {dag.py:3823} INFO - Setting next_dagrun for ops_silver_trigger_30min_SLA to 2024-02-05 00:00:00+00:00, run_after=2024-02-06 00:00:00+00:00
[2024-02-05T17:12:51.254+0000] {processor.py:183} INFO - Processing /opt/airflow/dags/my-freshness-dag.py took 0.134 seconds
[2024-02-05T17:13:21.636+0000] {processor.py:161} INFO - Started process (PID=2210) to work on /opt/airflow/dags/my-freshness-dag.py
[2024-02-05T17:13:21.651+0000] {processor.py:830} INFO - Processing file /opt/airflow/dags/my-freshness-dag.py for tasks to queue
[2024-02-05T17:13:21.684+0000] {logging_mixin.py:188} INFO - [2024-02-05T17:13:21.678+0000] {dagbag.py:538} INFO - Filling up the DagBag from /opt/airflow/dags/my-freshness-dag.py
[2024-02-05T17:13:21.889+0000] {processor.py:840} INFO - DAG(s) 'ops_silver_trigger_30min_SLA' retrieved from /opt/airflow/dags/my-freshness-dag.py
[2024-02-05T17:13:22.021+0000] {logging_mixin.py:188} INFO - [2024-02-05T17:13:22.019+0000] {dag.py:3036} INFO - Sync 1 DAGs
[2024-02-05T17:13:22.071+0000] {logging_mixin.py:188} INFO - [2024-02-05T17:13:22.071+0000] {dag.py:3823} INFO - Setting next_dagrun for ops_silver_trigger_30min_SLA to 2024-02-05 00:00:00+00:00, run_after=2024-02-06 00:00:00+00:00
[2024-02-05T17:13:22.101+0000] {processor.py:183} INFO - Processing /opt/airflow/dags/my-freshness-dag.py took 0.500 seconds
[2024-02-05T17:13:52.377+0000] {processor.py:161} INFO - Started process (PID=2267) to work on /opt/airflow/dags/my-freshness-dag.py
[2024-02-05T17:13:52.381+0000] {processor.py:830} INFO - Processing file /opt/airflow/dags/my-freshness-dag.py for tasks to queue
[2024-02-05T17:13:52.390+0000] {logging_mixin.py:188} INFO - [2024-02-05T17:13:52.389+0000] {dagbag.py:538} INFO - Filling up the DagBag from /opt/airflow/dags/my-freshness-dag.py
[2024-02-05T17:13:52.422+0000] {processor.py:840} INFO - DAG(s) 'ops_silver_trigger_30min_SLA' retrieved from /opt/airflow/dags/my-freshness-dag.py
[2024-02-05T17:13:52.514+0000] {logging_mixin.py:188} INFO - [2024-02-05T17:13:52.514+0000] {dag.py:3036} INFO - Sync 1 DAGs
[2024-02-05T17:13:52.600+0000] {logging_mixin.py:188} INFO - [2024-02-05T17:13:52.599+0000] {dag.py:3823} INFO - Setting next_dagrun for ops_silver_trigger_30min_SLA to 2024-02-05 00:00:00+00:00, run_after=2024-02-06 00:00:00+00:00
[2024-02-05T17:13:52.687+0000] {processor.py:183} INFO - Processing /opt/airflow/dags/my-freshness-dag.py took 0.320 seconds
[2024-02-05T17:14:23.284+0000] {processor.py:161} INFO - Started process (PID=2334) to work on /opt/airflow/dags/my-freshness-dag.py
[2024-02-05T17:14:23.289+0000] {processor.py:830} INFO - Processing file /opt/airflow/dags/my-freshness-dag.py for tasks to queue
[2024-02-05T17:14:23.297+0000] {logging_mixin.py:188} INFO - [2024-02-05T17:14:23.297+0000] {dagbag.py:538} INFO - Filling up the DagBag from /opt/airflow/dags/my-freshness-dag.py
[2024-02-05T17:14:23.356+0000] {processor.py:840} INFO - DAG(s) 'ops_silver_trigger_30min_SLA' retrieved from /opt/airflow/dags/my-freshness-dag.py
[2024-02-05T17:14:23.433+0000] {logging_mixin.py:188} INFO - [2024-02-05T17:14:23.433+0000] {dag.py:3036} INFO - Sync 1 DAGs
[2024-02-05T17:14:23.473+0000] {logging_mixin.py:188} INFO - [2024-02-05T17:14:23.473+0000] {dag.py:3823} INFO - Setting next_dagrun for ops_silver_trigger_30min_SLA to 2024-02-05 00:00:00+00:00, run_after=2024-02-06 00:00:00+00:00
[2024-02-05T17:14:23.552+0000] {processor.py:183} INFO - Processing /opt/airflow/dags/my-freshness-dag.py took 0.290 seconds
[2024-02-05T17:14:53.903+0000] {processor.py:161} INFO - Started process (PID=2391) to work on /opt/airflow/dags/my-freshness-dag.py
[2024-02-05T17:14:53.906+0000] {processor.py:830} INFO - Processing file /opt/airflow/dags/my-freshness-dag.py for tasks to queue
[2024-02-05T17:14:53.909+0000] {logging_mixin.py:188} INFO - [2024-02-05T17:14:53.908+0000] {dagbag.py:538} INFO - Filling up the DagBag from /opt/airflow/dags/my-freshness-dag.py
[2024-02-05T17:14:53.922+0000] {processor.py:840} INFO - DAG(s) 'ops_silver_trigger_30min_SLA' retrieved from /opt/airflow/dags/my-freshness-dag.py
[2024-02-05T17:14:53.942+0000] {logging_mixin.py:188} INFO - [2024-02-05T17:14:53.942+0000] {dag.py:3036} INFO - Sync 1 DAGs
[2024-02-05T17:14:53.960+0000] {logging_mixin.py:188} INFO - [2024-02-05T17:14:53.960+0000] {dag.py:3823} INFO - Setting next_dagrun for ops_silver_trigger_30min_SLA to 2024-02-05 00:00:00+00:00, run_after=2024-02-06 00:00:00+00:00
[2024-02-05T17:14:53.975+0000] {processor.py:183} INFO - Processing /opt/airflow/dags/my-freshness-dag.py took 0.076 seconds
[2024-02-05T17:15:24.051+0000] {processor.py:161} INFO - Started process (PID=2453) to work on /opt/airflow/dags/my-freshness-dag.py
[2024-02-05T17:15:24.054+0000] {processor.py:830} INFO - Processing file /opt/airflow/dags/my-freshness-dag.py for tasks to queue
[2024-02-05T17:15:24.057+0000] {logging_mixin.py:188} INFO - [2024-02-05T17:15:24.056+0000] {dagbag.py:538} INFO - Filling up the DagBag from /opt/airflow/dags/my-freshness-dag.py
[2024-02-05T17:15:24.069+0000] {processor.py:840} INFO - DAG(s) 'ops_silver_trigger_30min_SLA' retrieved from /opt/airflow/dags/my-freshness-dag.py
[2024-02-05T17:15:24.089+0000] {logging_mixin.py:188} INFO - [2024-02-05T17:15:24.089+0000] {dag.py:3036} INFO - Sync 1 DAGs
[2024-02-05T17:15:24.107+0000] {logging_mixin.py:188} INFO - [2024-02-05T17:15:24.107+0000] {dag.py:3823} INFO - Setting next_dagrun for ops_silver_trigger_30min_SLA to 2024-02-05 00:00:00+00:00, run_after=2024-02-06 00:00:00+00:00
[2024-02-05T17:15:24.124+0000] {processor.py:183} INFO - Processing /opt/airflow/dags/my-freshness-dag.py took 0.077 seconds
[2024-02-05T17:15:54.495+0000] {processor.py:161} INFO - Started process (PID=2510) to work on /opt/airflow/dags/my-freshness-dag.py
[2024-02-05T17:15:54.498+0000] {processor.py:830} INFO - Processing file /opt/airflow/dags/my-freshness-dag.py for tasks to queue
[2024-02-05T17:15:54.502+0000] {logging_mixin.py:188} INFO - [2024-02-05T17:15:54.501+0000] {dagbag.py:538} INFO - Filling up the DagBag from /opt/airflow/dags/my-freshness-dag.py
[2024-02-05T17:15:54.519+0000] {processor.py:840} INFO - DAG(s) 'ops_silver_trigger_30min_SLA' retrieved from /opt/airflow/dags/my-freshness-dag.py
[2024-02-05T17:15:54.542+0000] {logging_mixin.py:188} INFO - [2024-02-05T17:15:54.542+0000] {dag.py:3036} INFO - Sync 1 DAGs
[2024-02-05T17:15:54.559+0000] {logging_mixin.py:188} INFO - [2024-02-05T17:15:54.559+0000] {dag.py:3823} INFO - Setting next_dagrun for ops_silver_trigger_30min_SLA to 2024-02-05 00:00:00+00:00, run_after=2024-02-06 00:00:00+00:00
[2024-02-05T17:15:54.575+0000] {processor.py:183} INFO - Processing /opt/airflow/dags/my-freshness-dag.py took 0.085 seconds
[2024-02-05T17:16:24.650+0000] {processor.py:161} INFO - Started process (PID=2572) to work on /opt/airflow/dags/my-freshness-dag.py
[2024-02-05T17:16:24.654+0000] {processor.py:830} INFO - Processing file /opt/airflow/dags/my-freshness-dag.py for tasks to queue
[2024-02-05T17:16:24.659+0000] {logging_mixin.py:188} INFO - [2024-02-05T17:16:24.658+0000] {dagbag.py:538} INFO - Filling up the DagBag from /opt/airflow/dags/my-freshness-dag.py
[2024-02-05T17:16:24.675+0000] {processor.py:840} INFO - DAG(s) 'ops_silver_trigger_30min_SLA' retrieved from /opt/airflow/dags/my-freshness-dag.py
[2024-02-05T17:16:24.696+0000] {logging_mixin.py:188} INFO - [2024-02-05T17:16:24.695+0000] {dag.py:3036} INFO - Sync 1 DAGs
[2024-02-05T17:16:24.722+0000] {logging_mixin.py:188} INFO - [2024-02-05T17:16:24.721+0000] {dag.py:3823} INFO - Setting next_dagrun for ops_silver_trigger_30min_SLA to 2024-02-05 00:00:00+00:00, run_after=2024-02-06 00:00:00+00:00
[2024-02-05T17:16:24.743+0000] {processor.py:183} INFO - Processing /opt/airflow/dags/my-freshness-dag.py took 0.098 seconds
[2024-02-05T17:16:55.369+0000] {processor.py:161} INFO - Started process (PID=2631) to work on /opt/airflow/dags/my-freshness-dag.py
[2024-02-05T17:16:55.371+0000] {processor.py:830} INFO - Processing file /opt/airflow/dags/my-freshness-dag.py for tasks to queue
[2024-02-05T17:16:55.375+0000] {logging_mixin.py:188} INFO - [2024-02-05T17:16:55.375+0000] {dagbag.py:538} INFO - Filling up the DagBag from /opt/airflow/dags/my-freshness-dag.py
[2024-02-05T17:16:55.394+0000] {processor.py:840} INFO - DAG(s) 'ops_silver_trigger_30min_SLA' retrieved from /opt/airflow/dags/my-freshness-dag.py
[2024-02-05T17:16:55.411+0000] {logging_mixin.py:188} INFO - [2024-02-05T17:16:55.411+0000] {dag.py:3036} INFO - Sync 1 DAGs
[2024-02-05T17:16:55.429+0000] {logging_mixin.py:188} INFO - [2024-02-05T17:16:55.429+0000] {dag.py:3823} INFO - Setting next_dagrun for ops_silver_trigger_30min_SLA to 2024-02-05 00:00:00+00:00, run_after=2024-02-06 00:00:00+00:00
[2024-02-05T17:16:55.444+0000] {processor.py:183} INFO - Processing /opt/airflow/dags/my-freshness-dag.py took 0.080 seconds
[2024-02-05T17:17:25.969+0000] {processor.py:161} INFO - Started process (PID=2692) to work on /opt/airflow/dags/my-freshness-dag.py
[2024-02-05T17:17:25.972+0000] {processor.py:830} INFO - Processing file /opt/airflow/dags/my-freshness-dag.py for tasks to queue
[2024-02-05T17:17:25.976+0000] {logging_mixin.py:188} INFO - [2024-02-05T17:17:25.976+0000] {dagbag.py:538} INFO - Filling up the DagBag from /opt/airflow/dags/my-freshness-dag.py
[2024-02-05T17:17:25.993+0000] {processor.py:840} INFO - DAG(s) 'ops_silver_trigger_30min_SLA' retrieved from /opt/airflow/dags/my-freshness-dag.py
[2024-02-05T17:17:26.015+0000] {logging_mixin.py:188} INFO - [2024-02-05T17:17:26.014+0000] {dag.py:3036} INFO - Sync 1 DAGs
[2024-02-05T17:17:26.034+0000] {logging_mixin.py:188} INFO - [2024-02-05T17:17:26.033+0000] {dag.py:3823} INFO - Setting next_dagrun for ops_silver_trigger_30min_SLA to 2024-02-05 00:00:00+00:00, run_after=2024-02-06 00:00:00+00:00
[2024-02-05T17:17:26.052+0000] {processor.py:183} INFO - Processing /opt/airflow/dags/my-freshness-dag.py took 0.091 seconds
[2024-02-05T17:17:56.481+0000] {processor.py:161} INFO - Started process (PID=2749) to work on /opt/airflow/dags/my-freshness-dag.py
[2024-02-05T17:17:56.484+0000] {processor.py:830} INFO - Processing file /opt/airflow/dags/my-freshness-dag.py for tasks to queue
[2024-02-05T17:17:56.487+0000] {logging_mixin.py:188} INFO - [2024-02-05T17:17:56.487+0000] {dagbag.py:538} INFO - Filling up the DagBag from /opt/airflow/dags/my-freshness-dag.py
[2024-02-05T17:17:56.500+0000] {processor.py:840} INFO - DAG(s) 'ops_silver_trigger_30min_SLA' retrieved from /opt/airflow/dags/my-freshness-dag.py
[2024-02-05T17:17:56.522+0000] {logging_mixin.py:188} INFO - [2024-02-05T17:17:56.522+0000] {dag.py:3036} INFO - Sync 1 DAGs
[2024-02-05T17:17:56.543+0000] {logging_mixin.py:188} INFO - [2024-02-05T17:17:56.543+0000] {dag.py:3823} INFO - Setting next_dagrun for ops_silver_trigger_30min_SLA to 2024-02-05 00:00:00+00:00, run_after=2024-02-06 00:00:00+00:00
[2024-02-05T17:17:56.561+0000] {processor.py:183} INFO - Processing /opt/airflow/dags/my-freshness-dag.py took 0.085 seconds
[2024-02-05T17:18:27.192+0000] {processor.py:161} INFO - Started process (PID=2813) to work on /opt/airflow/dags/my-freshness-dag.py
[2024-02-05T17:18:27.195+0000] {processor.py:830} INFO - Processing file /opt/airflow/dags/my-freshness-dag.py for tasks to queue
[2024-02-05T17:18:27.199+0000] {logging_mixin.py:188} INFO - [2024-02-05T17:18:27.199+0000] {dagbag.py:538} INFO - Filling up the DagBag from /opt/airflow/dags/my-freshness-dag.py
[2024-02-05T17:18:27.216+0000] {processor.py:840} INFO - DAG(s) 'ops_silver_trigger_30min_SLA' retrieved from /opt/airflow/dags/my-freshness-dag.py
[2024-02-05T17:18:27.238+0000] {logging_mixin.py:188} INFO - [2024-02-05T17:18:27.238+0000] {dag.py:3036} INFO - Sync 1 DAGs
[2024-02-05T17:18:27.258+0000] {logging_mixin.py:188} INFO - [2024-02-05T17:18:27.258+0000] {dag.py:3823} INFO - Setting next_dagrun for ops_silver_trigger_30min_SLA to 2024-02-05 00:00:00+00:00, run_after=2024-02-06 00:00:00+00:00
[2024-02-05T17:18:27.278+0000] {processor.py:183} INFO - Processing /opt/airflow/dags/my-freshness-dag.py took 0.093 seconds
[2024-02-05T17:18:57.844+0000] {processor.py:161} INFO - Started process (PID=2870) to work on /opt/airflow/dags/my-freshness-dag.py
[2024-02-05T17:18:57.846+0000] {processor.py:830} INFO - Processing file /opt/airflow/dags/my-freshness-dag.py for tasks to queue
[2024-02-05T17:18:57.850+0000] {logging_mixin.py:188} INFO - [2024-02-05T17:18:57.849+0000] {dagbag.py:538} INFO - Filling up the DagBag from /opt/airflow/dags/my-freshness-dag.py
[2024-02-05T17:18:57.863+0000] {processor.py:840} INFO - DAG(s) 'ops_silver_trigger_30min_SLA' retrieved from /opt/airflow/dags/my-freshness-dag.py
[2024-02-05T17:18:57.882+0000] {logging_mixin.py:188} INFO - [2024-02-05T17:18:57.882+0000] {dag.py:3036} INFO - Sync 1 DAGs
[2024-02-05T17:18:57.905+0000] {logging_mixin.py:188} INFO - [2024-02-05T17:18:57.905+0000] {dag.py:3823} INFO - Setting next_dagrun for ops_silver_trigger_30min_SLA to 2024-02-05 00:00:00+00:00, run_after=2024-02-06 00:00:00+00:00
[2024-02-05T17:18:57.929+0000] {processor.py:183} INFO - Processing /opt/airflow/dags/my-freshness-dag.py took 0.092 seconds
[2024-02-05T17:19:28.246+0000] {processor.py:161} INFO - Started process (PID=2931) to work on /opt/airflow/dags/my-freshness-dag.py
[2024-02-05T17:19:28.248+0000] {processor.py:830} INFO - Processing file /opt/airflow/dags/my-freshness-dag.py for tasks to queue
[2024-02-05T17:19:28.251+0000] {logging_mixin.py:188} INFO - [2024-02-05T17:19:28.251+0000] {dagbag.py:538} INFO - Filling up the DagBag from /opt/airflow/dags/my-freshness-dag.py
[2024-02-05T17:19:28.264+0000] {processor.py:840} INFO - DAG(s) 'ops_silver_trigger_30min_SLA' retrieved from /opt/airflow/dags/my-freshness-dag.py
[2024-02-05T17:19:28.286+0000] {logging_mixin.py:188} INFO - [2024-02-05T17:19:28.286+0000] {dag.py:3036} INFO - Sync 1 DAGs
[2024-02-05T17:19:28.305+0000] {logging_mixin.py:188} INFO - [2024-02-05T17:19:28.305+0000] {dag.py:3823} INFO - Setting next_dagrun for ops_silver_trigger_30min_SLA to 2024-02-05 00:00:00+00:00, run_after=2024-02-06 00:00:00+00:00
[2024-02-05T17:19:28.323+0000] {processor.py:183} INFO - Processing /opt/airflow/dags/my-freshness-dag.py took 0.081 seconds
[2024-02-05T17:19:58.451+0000] {processor.py:161} INFO - Started process (PID=2990) to work on /opt/airflow/dags/my-freshness-dag.py
[2024-02-05T17:19:58.453+0000] {processor.py:830} INFO - Processing file /opt/airflow/dags/my-freshness-dag.py for tasks to queue
[2024-02-05T17:19:58.462+0000] {logging_mixin.py:188} INFO - [2024-02-05T17:19:58.460+0000] {dagbag.py:538} INFO - Filling up the DagBag from /opt/airflow/dags/my-freshness-dag.py
[2024-02-05T17:19:58.497+0000] {processor.py:840} INFO - DAG(s) 'ops_silver_trigger_30min_SLA' retrieved from /opt/airflow/dags/my-freshness-dag.py
[2024-02-05T17:19:58.554+0000] {logging_mixin.py:188} INFO - [2024-02-05T17:19:58.553+0000] {dag.py:3036} INFO - Sync 1 DAGs
[2024-02-05T17:19:58.981+0000] {logging_mixin.py:188} INFO - [2024-02-05T17:19:58.981+0000] {dag.py:3823} INFO - Setting next_dagrun for ops_silver_trigger_30min_SLA to 2024-02-05 00:00:00+00:00, run_after=2024-02-06 00:00:00+00:00
[2024-02-05T17:19:59.004+0000] {processor.py:183} INFO - Processing /opt/airflow/dags/my-freshness-dag.py took 0.557 seconds
[2024-02-05T17:20:29.409+0000] {processor.py:161} INFO - Started process (PID=3050) to work on /opt/airflow/dags/my-freshness-dag.py
[2024-02-05T17:20:29.423+0000] {processor.py:830} INFO - Processing file /opt/airflow/dags/my-freshness-dag.py for tasks to queue
[2024-02-05T17:20:29.434+0000] {logging_mixin.py:188} INFO - [2024-02-05T17:20:29.433+0000] {dagbag.py:538} INFO - Filling up the DagBag from /opt/airflow/dags/my-freshness-dag.py
[2024-02-05T17:20:29.487+0000] {processor.py:840} INFO - DAG(s) 'ops_silver_trigger_30min_SLA' retrieved from /opt/airflow/dags/my-freshness-dag.py
[2024-02-05T17:20:29.590+0000] {logging_mixin.py:188} INFO - [2024-02-05T17:20:29.589+0000] {dag.py:3036} INFO - Sync 1 DAGs
[2024-02-05T17:20:29.666+0000] {logging_mixin.py:188} INFO - [2024-02-05T17:20:29.664+0000] {dag.py:3823} INFO - Setting next_dagrun for ops_silver_trigger_30min_SLA to 2024-02-05 00:00:00+00:00, run_after=2024-02-06 00:00:00+00:00
[2024-02-05T17:20:30.020+0000] {processor.py:183} INFO - Processing /opt/airflow/dags/my-freshness-dag.py took 0.621 seconds
[2024-02-05T17:21:00.311+0000] {processor.py:161} INFO - Started process (PID=3108) to work on /opt/airflow/dags/my-freshness-dag.py
[2024-02-05T17:21:00.314+0000] {processor.py:830} INFO - Processing file /opt/airflow/dags/my-freshness-dag.py for tasks to queue
[2024-02-05T17:21:00.318+0000] {logging_mixin.py:188} INFO - [2024-02-05T17:21:00.317+0000] {dagbag.py:538} INFO - Filling up the DagBag from /opt/airflow/dags/my-freshness-dag.py
[2024-02-05T17:21:00.333+0000] {processor.py:840} INFO - DAG(s) 'ops_silver_trigger_30min_SLA' retrieved from /opt/airflow/dags/my-freshness-dag.py
[2024-02-05T17:21:00.356+0000] {logging_mixin.py:188} INFO - [2024-02-05T17:21:00.355+0000] {dag.py:3036} INFO - Sync 1 DAGs
[2024-02-05T17:21:00.374+0000] {logging_mixin.py:188} INFO - [2024-02-05T17:21:00.374+0000] {dag.py:3823} INFO - Setting next_dagrun for ops_silver_trigger_30min_SLA to 2024-02-05 00:00:00+00:00, run_after=2024-02-06 00:00:00+00:00
[2024-02-05T17:21:00.392+0000] {processor.py:183} INFO - Processing /opt/airflow/dags/my-freshness-dag.py took 0.086 seconds
[2024-02-05T17:21:30.963+0000] {processor.py:161} INFO - Started process (PID=3170) to work on /opt/airflow/dags/my-freshness-dag.py
[2024-02-05T17:21:30.970+0000] {processor.py:830} INFO - Processing file /opt/airflow/dags/my-freshness-dag.py for tasks to queue
[2024-02-05T17:21:30.977+0000] {logging_mixin.py:188} INFO - [2024-02-05T17:21:30.976+0000] {dagbag.py:538} INFO - Filling up the DagBag from /opt/airflow/dags/my-freshness-dag.py
[2024-02-05T17:21:31.015+0000] {processor.py:840} INFO - DAG(s) 'ops_silver_trigger_30min_SLA' retrieved from /opt/airflow/dags/my-freshness-dag.py
[2024-02-05T17:21:31.116+0000] {logging_mixin.py:188} INFO - [2024-02-05T17:21:31.115+0000] {dag.py:3036} INFO - Sync 1 DAGs
[2024-02-05T17:21:31.201+0000] {logging_mixin.py:188} INFO - [2024-02-05T17:21:31.200+0000] {dag.py:3823} INFO - Setting next_dagrun for ops_silver_trigger_30min_SLA to 2024-02-05 00:00:00+00:00, run_after=2024-02-06 00:00:00+00:00
[2024-02-05T17:21:31.237+0000] {processor.py:183} INFO - Processing /opt/airflow/dags/my-freshness-dag.py took 0.325 seconds
[2024-02-05T17:22:01.524+0000] {processor.py:161} INFO - Started process (PID=3232) to work on /opt/airflow/dags/my-freshness-dag.py
[2024-02-05T17:22:01.536+0000] {processor.py:830} INFO - Processing file /opt/airflow/dags/my-freshness-dag.py for tasks to queue
[2024-02-05T17:22:01.542+0000] {logging_mixin.py:188} INFO - [2024-02-05T17:22:01.541+0000] {dagbag.py:538} INFO - Filling up the DagBag from /opt/airflow/dags/my-freshness-dag.py
[2024-02-05T17:22:01.594+0000] {processor.py:840} INFO - DAG(s) 'ops_silver_trigger_30min_SLA' retrieved from /opt/airflow/dags/my-freshness-dag.py
[2024-02-05T17:22:02.544+0000] {logging_mixin.py:188} INFO - [2024-02-05T17:22:02.544+0000] {dag.py:3036} INFO - Sync 1 DAGs
[2024-02-05T17:22:02.578+0000] {logging_mixin.py:188} INFO - [2024-02-05T17:22:02.578+0000] {dag.py:3823} INFO - Setting next_dagrun for ops_silver_trigger_30min_SLA to 2024-02-05 00:00:00+00:00, run_after=2024-02-06 00:00:00+00:00
[2024-02-05T17:22:02.643+0000] {processor.py:183} INFO - Processing /opt/airflow/dags/my-freshness-dag.py took 1.126 seconds
[2024-02-05T17:22:33.013+0000] {processor.py:161} INFO - Started process (PID=3289) to work on /opt/airflow/dags/my-freshness-dag.py
[2024-02-05T17:22:33.017+0000] {processor.py:830} INFO - Processing file /opt/airflow/dags/my-freshness-dag.py for tasks to queue
[2024-02-05T17:22:33.022+0000] {logging_mixin.py:188} INFO - [2024-02-05T17:22:33.021+0000] {dagbag.py:538} INFO - Filling up the DagBag from /opt/airflow/dags/my-freshness-dag.py
[2024-02-05T17:22:33.042+0000] {processor.py:840} INFO - DAG(s) 'ops_silver_trigger_30min_SLA' retrieved from /opt/airflow/dags/my-freshness-dag.py
[2024-02-05T17:22:33.100+0000] {logging_mixin.py:188} INFO - [2024-02-05T17:22:33.099+0000] {dag.py:3036} INFO - Sync 1 DAGs
[2024-02-05T17:22:33.402+0000] {logging_mixin.py:188} INFO - [2024-02-05T17:22:33.402+0000] {dag.py:3823} INFO - Setting next_dagrun for ops_silver_trigger_30min_SLA to 2024-02-05 00:00:00+00:00, run_after=2024-02-06 00:00:00+00:00
[2024-02-05T17:22:33.431+0000] {processor.py:183} INFO - Processing /opt/airflow/dags/my-freshness-dag.py took 0.425 seconds
[2024-02-05T17:23:03.570+0000] {processor.py:161} INFO - Started process (PID=3351) to work on /opt/airflow/dags/my-freshness-dag.py
[2024-02-05T17:23:03.572+0000] {processor.py:830} INFO - Processing file /opt/airflow/dags/my-freshness-dag.py for tasks to queue
[2024-02-05T17:23:03.576+0000] {logging_mixin.py:188} INFO - [2024-02-05T17:23:03.575+0000] {dagbag.py:538} INFO - Filling up the DagBag from /opt/airflow/dags/my-freshness-dag.py
[2024-02-05T17:23:03.591+0000] {processor.py:840} INFO - DAG(s) 'ops_silver_trigger_30min_SLA' retrieved from /opt/airflow/dags/my-freshness-dag.py
[2024-02-05T17:23:03.617+0000] {logging_mixin.py:188} INFO - [2024-02-05T17:23:03.617+0000] {dag.py:3036} INFO - Sync 1 DAGs
[2024-02-05T17:23:03.659+0000] {logging_mixin.py:188} INFO - [2024-02-05T17:23:03.659+0000] {dag.py:3823} INFO - Setting next_dagrun for ops_silver_trigger_30min_SLA to 2024-02-05 00:00:00+00:00, run_after=2024-02-06 00:00:00+00:00
[2024-02-05T17:23:03.693+0000] {processor.py:183} INFO - Processing /opt/airflow/dags/my-freshness-dag.py took 0.128 seconds
[2024-02-05T17:23:34.043+0000] {processor.py:161} INFO - Started process (PID=3408) to work on /opt/airflow/dags/my-freshness-dag.py
[2024-02-05T17:23:34.046+0000] {processor.py:830} INFO - Processing file /opt/airflow/dags/my-freshness-dag.py for tasks to queue
[2024-02-05T17:23:34.049+0000] {logging_mixin.py:188} INFO - [2024-02-05T17:23:34.049+0000] {dagbag.py:538} INFO - Filling up the DagBag from /opt/airflow/dags/my-freshness-dag.py
[2024-02-05T17:23:34.066+0000] {processor.py:840} INFO - DAG(s) 'ops_silver_trigger_30min_SLA' retrieved from /opt/airflow/dags/my-freshness-dag.py
[2024-02-05T17:23:34.092+0000] {logging_mixin.py:188} INFO - [2024-02-05T17:23:34.092+0000] {dag.py:3036} INFO - Sync 1 DAGs
[2024-02-05T17:23:34.154+0000] {logging_mixin.py:188} INFO - [2024-02-05T17:23:34.154+0000] {dag.py:3823} INFO - Setting next_dagrun for ops_silver_trigger_30min_SLA to 2024-02-05 00:00:00+00:00, run_after=2024-02-06 00:00:00+00:00
[2024-02-05T17:23:34.190+0000] {processor.py:183} INFO - Processing /opt/airflow/dags/my-freshness-dag.py took 0.151 seconds
[2024-02-05T17:24:04.784+0000] {processor.py:161} INFO - Started process (PID=3472) to work on /opt/airflow/dags/my-freshness-dag.py
[2024-02-05T17:24:04.800+0000] {processor.py:830} INFO - Processing file /opt/airflow/dags/my-freshness-dag.py for tasks to queue
[2024-02-05T17:24:04.831+0000] {logging_mixin.py:188} INFO - [2024-02-05T17:24:04.830+0000] {dagbag.py:538} INFO - Filling up the DagBag from /opt/airflow/dags/my-freshness-dag.py
[2024-02-05T17:24:04.856+0000] {processor.py:840} INFO - DAG(s) 'ops_silver_trigger_30min_SLA' retrieved from /opt/airflow/dags/my-freshness-dag.py
[2024-02-05T17:24:04.905+0000] {logging_mixin.py:188} INFO - [2024-02-05T17:24:04.905+0000] {dag.py:3036} INFO - Sync 1 DAGs
[2024-02-05T17:24:04.936+0000] {logging_mixin.py:188} INFO - [2024-02-05T17:24:04.936+0000] {dag.py:3823} INFO - Setting next_dagrun for ops_silver_trigger_30min_SLA to 2024-02-05 00:00:00+00:00, run_after=2024-02-06 00:00:00+00:00
[2024-02-05T17:24:04.972+0000] {processor.py:183} INFO - Processing /opt/airflow/dags/my-freshness-dag.py took 0.353 seconds
[2024-02-05T17:24:35.542+0000] {processor.py:161} INFO - Started process (PID=3530) to work on /opt/airflow/dags/my-freshness-dag.py
[2024-02-05T17:24:35.545+0000] {processor.py:830} INFO - Processing file /opt/airflow/dags/my-freshness-dag.py for tasks to queue
[2024-02-05T17:24:35.550+0000] {logging_mixin.py:188} INFO - [2024-02-05T17:24:35.550+0000] {dagbag.py:538} INFO - Filling up the DagBag from /opt/airflow/dags/my-freshness-dag.py
[2024-02-05T17:24:35.565+0000] {processor.py:840} INFO - DAG(s) 'ops_silver_trigger_30min_SLA' retrieved from /opt/airflow/dags/my-freshness-dag.py
[2024-02-05T17:24:35.583+0000] {logging_mixin.py:188} INFO - [2024-02-05T17:24:35.583+0000] {dag.py:3036} INFO - Sync 1 DAGs
[2024-02-05T17:24:35.600+0000] {logging_mixin.py:188} INFO - [2024-02-05T17:24:35.600+0000] {dag.py:3823} INFO - Setting next_dagrun for ops_silver_trigger_30min_SLA to 2024-02-05 00:00:00+00:00, run_after=2024-02-06 00:00:00+00:00
[2024-02-05T17:24:35.619+0000] {processor.py:183} INFO - Processing /opt/airflow/dags/my-freshness-dag.py took 0.084 seconds
[2024-02-05T17:25:06.004+0000] {processor.py:161} INFO - Started process (PID=3593) to work on /opt/airflow/dags/my-freshness-dag.py
[2024-02-05T17:25:06.008+0000] {processor.py:830} INFO - Processing file /opt/airflow/dags/my-freshness-dag.py for tasks to queue
[2024-02-05T17:25:06.013+0000] {logging_mixin.py:188} INFO - [2024-02-05T17:25:06.012+0000] {dagbag.py:538} INFO - Filling up the DagBag from /opt/airflow/dags/my-freshness-dag.py
[2024-02-05T17:25:06.028+0000] {processor.py:840} INFO - DAG(s) 'ops_silver_trigger_30min_SLA' retrieved from /opt/airflow/dags/my-freshness-dag.py
[2024-02-05T17:25:06.069+0000] {logging_mixin.py:188} INFO - [2024-02-05T17:25:06.069+0000] {dag.py:3036} INFO - Sync 1 DAGs
[2024-02-05T17:25:06.096+0000] {logging_mixin.py:188} INFO - [2024-02-05T17:25:06.096+0000] {dag.py:3823} INFO - Setting next_dagrun for ops_silver_trigger_30min_SLA to 2024-02-05 00:00:00+00:00, run_after=2024-02-06 00:00:00+00:00
[2024-02-05T17:25:06.119+0000] {processor.py:183} INFO - Processing /opt/airflow/dags/my-freshness-dag.py took 0.126 seconds
[2024-02-05T17:25:36.536+0000] {processor.py:161} INFO - Started process (PID=3651) to work on /opt/airflow/dags/my-freshness-dag.py
[2024-02-05T17:25:36.566+0000] {processor.py:830} INFO - Processing file /opt/airflow/dags/my-freshness-dag.py for tasks to queue
[2024-02-05T17:25:36.593+0000] {logging_mixin.py:188} INFO - [2024-02-05T17:25:36.590+0000] {dagbag.py:538} INFO - Filling up the DagBag from /opt/airflow/dags/my-freshness-dag.py
[2024-02-05T17:25:36.701+0000] {processor.py:840} INFO - DAG(s) 'ops_silver_trigger_30min_SLA' retrieved from /opt/airflow/dags/my-freshness-dag.py
[2024-02-05T17:25:36.860+0000] {logging_mixin.py:188} INFO - [2024-02-05T17:25:36.859+0000] {dag.py:3036} INFO - Sync 1 DAGs
[2024-02-05T17:25:36.974+0000] {logging_mixin.py:188} INFO - [2024-02-05T17:25:36.974+0000] {dag.py:3823} INFO - Setting next_dagrun for ops_silver_trigger_30min_SLA to 2024-02-05 00:00:00+00:00, run_after=2024-02-06 00:00:00+00:00
[2024-02-05T17:25:37.041+0000] {processor.py:183} INFO - Processing /opt/airflow/dags/my-freshness-dag.py took 0.553 seconds
[2024-02-05T17:26:07.652+0000] {processor.py:161} INFO - Started process (PID=3714) to work on /opt/airflow/dags/my-freshness-dag.py
[2024-02-05T17:26:07.657+0000] {processor.py:830} INFO - Processing file /opt/airflow/dags/my-freshness-dag.py for tasks to queue
[2024-02-05T17:26:07.662+0000] {logging_mixin.py:188} INFO - [2024-02-05T17:26:07.662+0000] {dagbag.py:538} INFO - Filling up the DagBag from /opt/airflow/dags/my-freshness-dag.py
[2024-02-05T17:26:07.676+0000] {processor.py:840} INFO - DAG(s) 'ops_silver_trigger_30min_SLA' retrieved from /opt/airflow/dags/my-freshness-dag.py
[2024-02-05T17:26:07.695+0000] {logging_mixin.py:188} INFO - [2024-02-05T17:26:07.695+0000] {dag.py:3036} INFO - Sync 1 DAGs
[2024-02-05T17:26:07.713+0000] {logging_mixin.py:188} INFO - [2024-02-05T17:26:07.712+0000] {dag.py:3823} INFO - Setting next_dagrun for ops_silver_trigger_30min_SLA to 2024-02-05 00:00:00+00:00, run_after=2024-02-06 00:00:00+00:00
[2024-02-05T17:26:07.728+0000] {processor.py:183} INFO - Processing /opt/airflow/dags/my-freshness-dag.py took 0.084 seconds
[2024-02-05T17:26:38.467+0000] {processor.py:161} INFO - Started process (PID=3771) to work on /opt/airflow/dags/my-freshness-dag.py
[2024-02-05T17:26:38.470+0000] {processor.py:830} INFO - Processing file /opt/airflow/dags/my-freshness-dag.py for tasks to queue
[2024-02-05T17:26:38.474+0000] {logging_mixin.py:188} INFO - [2024-02-05T17:26:38.473+0000] {dagbag.py:538} INFO - Filling up the DagBag from /opt/airflow/dags/my-freshness-dag.py
[2024-02-05T17:26:38.487+0000] {processor.py:840} INFO - DAG(s) 'ops_silver_trigger_30min_SLA' retrieved from /opt/airflow/dags/my-freshness-dag.py
[2024-02-05T17:26:38.513+0000] {logging_mixin.py:188} INFO - [2024-02-05T17:26:38.513+0000] {dag.py:3036} INFO - Sync 1 DAGs
[2024-02-05T17:26:38.537+0000] {logging_mixin.py:188} INFO - [2024-02-05T17:26:38.536+0000] {dag.py:3823} INFO - Setting next_dagrun for ops_silver_trigger_30min_SLA to 2024-02-05 00:00:00+00:00, run_after=2024-02-06 00:00:00+00:00
[2024-02-05T17:26:38.554+0000] {processor.py:183} INFO - Processing /opt/airflow/dags/my-freshness-dag.py took 0.093 seconds
[2024-02-05T17:27:09.380+0000] {processor.py:161} INFO - Started process (PID=3837) to work on /opt/airflow/dags/my-freshness-dag.py
[2024-02-05T17:27:09.384+0000] {processor.py:830} INFO - Processing file /opt/airflow/dags/my-freshness-dag.py for tasks to queue
[2024-02-05T17:27:09.389+0000] {logging_mixin.py:188} INFO - [2024-02-05T17:27:09.388+0000] {dagbag.py:538} INFO - Filling up the DagBag from /opt/airflow/dags/my-freshness-dag.py
[2024-02-05T17:27:09.407+0000] {processor.py:840} INFO - DAG(s) 'ops_silver_trigger_30min_SLA' retrieved from /opt/airflow/dags/my-freshness-dag.py
[2024-02-05T17:27:09.429+0000] {logging_mixin.py:188} INFO - [2024-02-05T17:27:09.429+0000] {dag.py:3036} INFO - Sync 1 DAGs
[2024-02-05T17:27:09.450+0000] {logging_mixin.py:188} INFO - [2024-02-05T17:27:09.450+0000] {dag.py:3823} INFO - Setting next_dagrun for ops_silver_trigger_30min_SLA to 2024-02-05 00:00:00+00:00, run_after=2024-02-06 00:00:00+00:00
[2024-02-05T17:27:09.470+0000] {processor.py:183} INFO - Processing /opt/airflow/dags/my-freshness-dag.py took 0.101 seconds
[2024-02-05T17:27:39.992+0000] {processor.py:161} INFO - Started process (PID=3895) to work on /opt/airflow/dags/my-freshness-dag.py
[2024-02-05T17:27:39.994+0000] {processor.py:830} INFO - Processing file /opt/airflow/dags/my-freshness-dag.py for tasks to queue
[2024-02-05T17:27:39.996+0000] {logging_mixin.py:188} INFO - [2024-02-05T17:27:39.996+0000] {dagbag.py:538} INFO - Filling up the DagBag from /opt/airflow/dags/my-freshness-dag.py
[2024-02-05T17:27:40.009+0000] {processor.py:840} INFO - DAG(s) 'ops_silver_trigger_30min_SLA' retrieved from /opt/airflow/dags/my-freshness-dag.py
[2024-02-05T17:27:40.029+0000] {logging_mixin.py:188} INFO - [2024-02-05T17:27:40.029+0000] {dag.py:3036} INFO - Sync 1 DAGs
[2024-02-05T17:27:40.049+0000] {logging_mixin.py:188} INFO - [2024-02-05T17:27:40.049+0000] {dag.py:3823} INFO - Setting next_dagrun for ops_silver_trigger_30min_SLA to 2024-02-05 00:00:00+00:00, run_after=2024-02-06 00:00:00+00:00
[2024-02-05T17:27:40.065+0000] {processor.py:183} INFO - Processing /opt/airflow/dags/my-freshness-dag.py took 0.077 seconds
[2024-02-05T17:28:10.412+0000] {processor.py:161} INFO - Started process (PID=3958) to work on /opt/airflow/dags/my-freshness-dag.py
[2024-02-05T17:28:10.414+0000] {processor.py:830} INFO - Processing file /opt/airflow/dags/my-freshness-dag.py for tasks to queue
[2024-02-05T17:28:10.416+0000] {logging_mixin.py:188} INFO - [2024-02-05T17:28:10.416+0000] {dagbag.py:538} INFO - Filling up the DagBag from /opt/airflow/dags/my-freshness-dag.py
[2024-02-05T17:28:10.430+0000] {processor.py:840} INFO - DAG(s) 'ops_silver_trigger_30min_SLA' retrieved from /opt/airflow/dags/my-freshness-dag.py
[2024-02-05T17:28:10.448+0000] {logging_mixin.py:188} INFO - [2024-02-05T17:28:10.448+0000] {dag.py:3036} INFO - Sync 1 DAGs
[2024-02-05T17:28:10.473+0000] {logging_mixin.py:188} INFO - [2024-02-05T17:28:10.472+0000] {dag.py:3823} INFO - Setting next_dagrun for ops_silver_trigger_30min_SLA to 2024-02-05 00:00:00+00:00, run_after=2024-02-06 00:00:00+00:00
[2024-02-05T17:28:10.493+0000] {processor.py:183} INFO - Processing /opt/airflow/dags/my-freshness-dag.py took 0.086 seconds
[2024-02-05T17:28:41.039+0000] {processor.py:161} INFO - Started process (PID=4016) to work on /opt/airflow/dags/my-freshness-dag.py
[2024-02-05T17:28:41.043+0000] {processor.py:830} INFO - Processing file /opt/airflow/dags/my-freshness-dag.py for tasks to queue
[2024-02-05T17:28:41.047+0000] {logging_mixin.py:188} INFO - [2024-02-05T17:28:41.046+0000] {dagbag.py:538} INFO - Filling up the DagBag from /opt/airflow/dags/my-freshness-dag.py
[2024-02-05T17:28:41.084+0000] {processor.py:840} INFO - DAG(s) 'ops_silver_trigger_30min_SLA' retrieved from /opt/airflow/dags/my-freshness-dag.py
[2024-02-05T17:28:41.126+0000] {logging_mixin.py:188} INFO - [2024-02-05T17:28:41.126+0000] {dag.py:3036} INFO - Sync 1 DAGs
[2024-02-05T17:28:41.168+0000] {logging_mixin.py:188} INFO - [2024-02-05T17:28:41.167+0000] {dag.py:3823} INFO - Setting next_dagrun for ops_silver_trigger_30min_SLA to 2024-02-05 00:00:00+00:00, run_after=2024-02-06 00:00:00+00:00
[2024-02-05T17:28:41.190+0000] {processor.py:183} INFO - Processing /opt/airflow/dags/my-freshness-dag.py took 0.160 seconds
[2024-02-05T17:29:11.781+0000] {processor.py:161} INFO - Started process (PID=4078) to work on /opt/airflow/dags/my-freshness-dag.py
[2024-02-05T17:29:11.786+0000] {processor.py:830} INFO - Processing file /opt/airflow/dags/my-freshness-dag.py for tasks to queue
[2024-02-05T17:29:11.796+0000] {logging_mixin.py:188} INFO - [2024-02-05T17:29:11.795+0000] {dagbag.py:538} INFO - Filling up the DagBag from /opt/airflow/dags/my-freshness-dag.py
[2024-02-05T17:29:11.845+0000] {processor.py:840} INFO - DAG(s) 'ops_silver_trigger_30min_SLA' retrieved from /opt/airflow/dags/my-freshness-dag.py
[2024-02-05T17:29:12.015+0000] {logging_mixin.py:188} INFO - [2024-02-05T17:29:12.014+0000] {dag.py:3036} INFO - Sync 1 DAGs
[2024-02-05T17:29:12.139+0000] {logging_mixin.py:188} INFO - [2024-02-05T17:29:12.139+0000] {dag.py:3823} INFO - Setting next_dagrun for ops_silver_trigger_30min_SLA to 2024-02-05 00:00:00+00:00, run_after=2024-02-06 00:00:00+00:00
[2024-02-05T17:29:12.187+0000] {processor.py:183} INFO - Processing /opt/airflow/dags/my-freshness-dag.py took 0.430 seconds
[2024-02-05T17:29:42.616+0000] {processor.py:161} INFO - Started process (PID=4135) to work on /opt/airflow/dags/my-freshness-dag.py
[2024-02-05T17:29:42.625+0000] {processor.py:830} INFO - Processing file /opt/airflow/dags/my-freshness-dag.py for tasks to queue
[2024-02-05T17:29:42.635+0000] {logging_mixin.py:188} INFO - [2024-02-05T17:29:42.634+0000] {dagbag.py:538} INFO - Filling up the DagBag from /opt/airflow/dags/my-freshness-dag.py
[2024-02-05T17:29:42.672+0000] {processor.py:840} INFO - DAG(s) 'ops_silver_trigger_30min_SLA' retrieved from /opt/airflow/dags/my-freshness-dag.py
[2024-02-05T17:29:42.726+0000] {logging_mixin.py:188} INFO - [2024-02-05T17:29:42.725+0000] {dag.py:3036} INFO - Sync 1 DAGs
[2024-02-05T17:29:42.763+0000] {logging_mixin.py:188} INFO - [2024-02-05T17:29:42.762+0000] {dag.py:3823} INFO - Setting next_dagrun for ops_silver_trigger_30min_SLA to 2024-02-05 00:00:00+00:00, run_after=2024-02-06 00:00:00+00:00
[2024-02-05T17:29:42.802+0000] {processor.py:183} INFO - Processing /opt/airflow/dags/my-freshness-dag.py took 0.208 seconds
[2024-02-05T17:30:13.044+0000] {processor.py:161} INFO - Started process (PID=4196) to work on /opt/airflow/dags/my-freshness-dag.py
[2024-02-05T17:30:13.047+0000] {processor.py:830} INFO - Processing file /opt/airflow/dags/my-freshness-dag.py for tasks to queue
[2024-02-05T17:30:13.052+0000] {logging_mixin.py:188} INFO - [2024-02-05T17:30:13.052+0000] {dagbag.py:538} INFO - Filling up the DagBag from /opt/airflow/dags/my-freshness-dag.py
[2024-02-05T17:30:13.067+0000] {processor.py:840} INFO - DAG(s) 'ops_silver_trigger_30min_SLA' retrieved from /opt/airflow/dags/my-freshness-dag.py
[2024-02-05T17:30:13.086+0000] {logging_mixin.py:188} INFO - [2024-02-05T17:30:13.086+0000] {dag.py:3036} INFO - Sync 1 DAGs
[2024-02-05T17:30:13.105+0000] {logging_mixin.py:188} INFO - [2024-02-05T17:30:13.105+0000] {dag.py:3823} INFO - Setting next_dagrun for ops_silver_trigger_30min_SLA to 2024-02-05 00:00:00+00:00, run_after=2024-02-06 00:00:00+00:00
[2024-02-05T17:30:13.120+0000] {processor.py:183} INFO - Processing /opt/airflow/dags/my-freshness-dag.py took 0.080 seconds
[2024-02-05T17:30:43.686+0000] {processor.py:161} INFO - Started process (PID=4252) to work on /opt/airflow/dags/my-freshness-dag.py
[2024-02-05T17:30:43.690+0000] {processor.py:830} INFO - Processing file /opt/airflow/dags/my-freshness-dag.py for tasks to queue
[2024-02-05T17:30:43.701+0000] {logging_mixin.py:188} INFO - [2024-02-05T17:30:43.700+0000] {dagbag.py:538} INFO - Filling up the DagBag from /opt/airflow/dags/my-freshness-dag.py
[2024-02-05T17:30:43.718+0000] {processor.py:840} INFO - DAG(s) 'ops_silver_trigger_30min_SLA' retrieved from /opt/airflow/dags/my-freshness-dag.py
[2024-02-05T17:30:43.745+0000] {logging_mixin.py:188} INFO - [2024-02-05T17:30:43.744+0000] {dag.py:3036} INFO - Sync 1 DAGs
[2024-02-05T17:30:43.766+0000] {logging_mixin.py:188} INFO - [2024-02-05T17:30:43.766+0000] {dag.py:3823} INFO - Setting next_dagrun for ops_silver_trigger_30min_SLA to 2024-02-05 00:00:00+00:00, run_after=2024-02-06 00:00:00+00:00
[2024-02-05T17:30:43.785+0000] {processor.py:183} INFO - Processing /opt/airflow/dags/my-freshness-dag.py took 0.105 seconds
[2024-02-05T17:31:13.883+0000] {processor.py:161} INFO - Started process (PID=4314) to work on /opt/airflow/dags/my-freshness-dag.py
[2024-02-05T17:31:13.892+0000] {processor.py:830} INFO - Processing file /opt/airflow/dags/my-freshness-dag.py for tasks to queue
[2024-02-05T17:31:13.927+0000] {logging_mixin.py:188} INFO - [2024-02-05T17:31:13.925+0000] {dagbag.py:538} INFO - Filling up the DagBag from /opt/airflow/dags/my-freshness-dag.py
[2024-02-05T17:31:13.982+0000] {processor.py:840} INFO - DAG(s) 'ops_silver_trigger_30min_SLA' retrieved from /opt/airflow/dags/my-freshness-dag.py
[2024-02-05T17:31:14.090+0000] {logging_mixin.py:188} INFO - [2024-02-05T17:31:14.090+0000] {dag.py:3036} INFO - Sync 1 DAGs
[2024-02-05T17:31:14.183+0000] {logging_mixin.py:188} INFO - [2024-02-05T17:31:14.182+0000] {dag.py:3823} INFO - Setting next_dagrun for ops_silver_trigger_30min_SLA to 2024-02-05 00:00:00+00:00, run_after=2024-02-06 00:00:00+00:00
[2024-02-05T17:31:14.286+0000] {processor.py:183} INFO - Processing /opt/airflow/dags/my-freshness-dag.py took 0.415 seconds
[2024-02-05T17:31:44.819+0000] {processor.py:161} INFO - Started process (PID=4370) to work on /opt/airflow/dags/my-freshness-dag.py
[2024-02-05T17:31:44.827+0000] {processor.py:830} INFO - Processing file /opt/airflow/dags/my-freshness-dag.py for tasks to queue
[2024-02-05T17:31:44.844+0000] {logging_mixin.py:188} INFO - [2024-02-05T17:31:44.838+0000] {dagbag.py:538} INFO - Filling up the DagBag from /opt/airflow/dags/my-freshness-dag.py
[2024-02-05T17:31:44.912+0000] {processor.py:840} INFO - DAG(s) 'ops_silver_trigger_30min_SLA' retrieved from /opt/airflow/dags/my-freshness-dag.py
[2024-02-05T17:31:44.997+0000] {logging_mixin.py:188} INFO - [2024-02-05T17:31:44.997+0000] {dag.py:3036} INFO - Sync 1 DAGs
[2024-02-05T17:31:45.092+0000] {logging_mixin.py:188} INFO - [2024-02-05T17:31:45.091+0000] {dag.py:3823} INFO - Setting next_dagrun for ops_silver_trigger_30min_SLA to 2024-02-05 00:00:00+00:00, run_after=2024-02-06 00:00:00+00:00
[2024-02-05T17:31:45.159+0000] {processor.py:183} INFO - Processing /opt/airflow/dags/my-freshness-dag.py took 0.354 seconds
[2024-02-05T17:32:16.186+0000] {processor.py:161} INFO - Started process (PID=4433) to work on /opt/airflow/dags/my-freshness-dag.py
[2024-02-05T17:32:16.194+0000] {processor.py:830} INFO - Processing file /opt/airflow/dags/my-freshness-dag.py for tasks to queue
[2024-02-05T17:32:16.210+0000] {logging_mixin.py:188} INFO - [2024-02-05T17:32:16.208+0000] {dagbag.py:538} INFO - Filling up the DagBag from /opt/airflow/dags/my-freshness-dag.py
[2024-02-05T17:32:16.295+0000] {processor.py:840} INFO - DAG(s) 'ops_silver_trigger_30min_SLA' retrieved from /opt/airflow/dags/my-freshness-dag.py
[2024-02-05T17:32:16.435+0000] {logging_mixin.py:188} INFO - [2024-02-05T17:32:16.433+0000] {dag.py:3036} INFO - Sync 1 DAGs
[2024-02-05T17:32:16.547+0000] {logging_mixin.py:188} INFO - [2024-02-05T17:32:16.546+0000] {dag.py:3823} INFO - Setting next_dagrun for ops_silver_trigger_30min_SLA to 2024-02-05 00:00:00+00:00, run_after=2024-02-06 00:00:00+00:00
[2024-02-05T17:32:16.660+0000] {processor.py:183} INFO - Processing /opt/airflow/dags/my-freshness-dag.py took 0.490 seconds
[2024-02-05T17:32:47.005+0000] {processor.py:161} INFO - Started process (PID=4489) to work on /opt/airflow/dags/my-freshness-dag.py
[2024-02-05T17:32:47.026+0000] {processor.py:830} INFO - Processing file /opt/airflow/dags/my-freshness-dag.py for tasks to queue
[2024-02-05T17:32:47.038+0000] {logging_mixin.py:188} INFO - [2024-02-05T17:32:47.037+0000] {dagbag.py:538} INFO - Filling up the DagBag from /opt/airflow/dags/my-freshness-dag.py
[2024-02-05T17:32:47.103+0000] {processor.py:840} INFO - DAG(s) 'ops_silver_trigger_30min_SLA' retrieved from /opt/airflow/dags/my-freshness-dag.py
[2024-02-05T17:32:47.193+0000] {logging_mixin.py:188} INFO - [2024-02-05T17:32:47.192+0000] {dag.py:3036} INFO - Sync 1 DAGs
[2024-02-05T17:32:47.279+0000] {logging_mixin.py:188} INFO - [2024-02-05T17:32:47.278+0000] {dag.py:3823} INFO - Setting next_dagrun for ops_silver_trigger_30min_SLA to 2024-02-05 00:00:00+00:00, run_after=2024-02-06 00:00:00+00:00
[2024-02-05T17:32:47.519+0000] {processor.py:183} INFO - Processing /opt/airflow/dags/my-freshness-dag.py took 0.561 seconds
[2024-02-05T17:33:18.271+0000] {processor.py:161} INFO - Started process (PID=4552) to work on /opt/airflow/dags/my-freshness-dag.py
[2024-02-05T17:33:18.280+0000] {processor.py:830} INFO - Processing file /opt/airflow/dags/my-freshness-dag.py for tasks to queue
[2024-02-05T17:33:18.294+0000] {logging_mixin.py:188} INFO - [2024-02-05T17:33:18.293+0000] {dagbag.py:538} INFO - Filling up the DagBag from /opt/airflow/dags/my-freshness-dag.py
[2024-02-05T17:33:18.381+0000] {processor.py:840} INFO - DAG(s) 'ops_silver_trigger_30min_SLA' retrieved from /opt/airflow/dags/my-freshness-dag.py
[2024-02-05T17:33:18.523+0000] {logging_mixin.py:188} INFO - [2024-02-05T17:33:18.522+0000] {dag.py:3036} INFO - Sync 1 DAGs
[2024-02-05T17:33:18.633+0000] {logging_mixin.py:188} INFO - [2024-02-05T17:33:18.631+0000] {dag.py:3823} INFO - Setting next_dagrun for ops_silver_trigger_30min_SLA to 2024-02-05 00:00:00+00:00, run_after=2024-02-06 00:00:00+00:00
[2024-02-05T17:33:18.742+0000] {processor.py:183} INFO - Processing /opt/airflow/dags/my-freshness-dag.py took 0.494 seconds
[2024-02-05T17:33:49.344+0000] {processor.py:161} INFO - Started process (PID=4609) to work on /opt/airflow/dags/my-freshness-dag.py
[2024-02-05T17:33:49.352+0000] {processor.py:830} INFO - Processing file /opt/airflow/dags/my-freshness-dag.py for tasks to queue
[2024-02-05T17:33:49.363+0000] {logging_mixin.py:188} INFO - [2024-02-05T17:33:49.361+0000] {dagbag.py:538} INFO - Filling up the DagBag from /opt/airflow/dags/my-freshness-dag.py
[2024-02-05T17:33:49.397+0000] {processor.py:840} INFO - DAG(s) 'ops_silver_trigger_30min_SLA' retrieved from /opt/airflow/dags/my-freshness-dag.py
[2024-02-05T17:33:49.483+0000] {logging_mixin.py:188} INFO - [2024-02-05T17:33:49.483+0000] {dag.py:3036} INFO - Sync 1 DAGs
[2024-02-05T17:33:49.517+0000] {logging_mixin.py:188} INFO - [2024-02-05T17:33:49.517+0000] {dag.py:3823} INFO - Setting next_dagrun for ops_silver_trigger_30min_SLA to 2024-02-05 00:00:00+00:00, run_after=2024-02-06 00:00:00+00:00
[2024-02-05T17:33:49.577+0000] {processor.py:183} INFO - Processing /opt/airflow/dags/my-freshness-dag.py took 0.258 seconds
[2024-02-05T17:34:19.706+0000] {processor.py:161} INFO - Started process (PID=4672) to work on /opt/airflow/dags/my-freshness-dag.py
[2024-02-05T17:34:19.711+0000] {processor.py:830} INFO - Processing file /opt/airflow/dags/my-freshness-dag.py for tasks to queue
[2024-02-05T17:34:19.715+0000] {logging_mixin.py:188} INFO - [2024-02-05T17:34:19.714+0000] {dagbag.py:538} INFO - Filling up the DagBag from /opt/airflow/dags/my-freshness-dag.py
[2024-02-05T17:34:19.732+0000] {processor.py:840} INFO - DAG(s) 'ops_silver_trigger_30min_SLA' retrieved from /opt/airflow/dags/my-freshness-dag.py
[2024-02-05T17:34:19.760+0000] {logging_mixin.py:188} INFO - [2024-02-05T17:34:19.759+0000] {dag.py:3036} INFO - Sync 1 DAGs
[2024-02-05T17:34:19.791+0000] {logging_mixin.py:188} INFO - [2024-02-05T17:34:19.790+0000] {dag.py:3823} INFO - Setting next_dagrun for ops_silver_trigger_30min_SLA to 2024-02-05 00:00:00+00:00, run_after=2024-02-06 00:00:00+00:00
[2024-02-05T17:34:19.811+0000] {processor.py:183} INFO - Processing /opt/airflow/dags/my-freshness-dag.py took 0.111 seconds
[2024-02-05T17:34:50.233+0000] {processor.py:161} INFO - Started process (PID=4731) to work on /opt/airflow/dags/my-freshness-dag.py
[2024-02-05T17:34:50.237+0000] {processor.py:830} INFO - Processing file /opt/airflow/dags/my-freshness-dag.py for tasks to queue
[2024-02-05T17:34:50.244+0000] {logging_mixin.py:188} INFO - [2024-02-05T17:34:50.243+0000] {dagbag.py:538} INFO - Filling up the DagBag from /opt/airflow/dags/my-freshness-dag.py
[2024-02-05T17:34:50.264+0000] {processor.py:840} INFO - DAG(s) 'ops_silver_trigger_30min_SLA' retrieved from /opt/airflow/dags/my-freshness-dag.py
[2024-02-05T17:34:50.288+0000] {logging_mixin.py:188} INFO - [2024-02-05T17:34:50.288+0000] {dag.py:3036} INFO - Sync 1 DAGs
[2024-02-05T17:34:50.312+0000] {logging_mixin.py:188} INFO - [2024-02-05T17:34:50.312+0000] {dag.py:3823} INFO - Setting next_dagrun for ops_silver_trigger_30min_SLA to 2024-02-05 00:00:00+00:00, run_after=2024-02-06 00:00:00+00:00
[2024-02-05T17:34:50.338+0000] {processor.py:183} INFO - Processing /opt/airflow/dags/my-freshness-dag.py took 0.116 seconds
[2024-02-05T17:35:20.722+0000] {processor.py:161} INFO - Started process (PID=4792) to work on /opt/airflow/dags/my-freshness-dag.py
[2024-02-05T17:35:20.726+0000] {processor.py:830} INFO - Processing file /opt/airflow/dags/my-freshness-dag.py for tasks to queue
[2024-02-05T17:35:20.739+0000] {logging_mixin.py:188} INFO - [2024-02-05T17:35:20.738+0000] {dagbag.py:538} INFO - Filling up the DagBag from /opt/airflow/dags/my-freshness-dag.py
[2024-02-05T17:35:20.760+0000] {processor.py:840} INFO - DAG(s) 'ops_silver_trigger_30min_SLA' retrieved from /opt/airflow/dags/my-freshness-dag.py
[2024-02-05T17:35:20.789+0000] {logging_mixin.py:188} INFO - [2024-02-05T17:35:20.789+0000] {dag.py:3036} INFO - Sync 1 DAGs
[2024-02-05T17:35:20.813+0000] {logging_mixin.py:188} INFO - [2024-02-05T17:35:20.813+0000] {dag.py:3823} INFO - Setting next_dagrun for ops_silver_trigger_30min_SLA to 2024-02-05 00:00:00+00:00, run_after=2024-02-06 00:00:00+00:00
[2024-02-05T17:35:20.837+0000] {processor.py:183} INFO - Processing /opt/airflow/dags/my-freshness-dag.py took 0.126 seconds
[2024-02-05T17:35:51.519+0000] {processor.py:161} INFO - Started process (PID=4850) to work on /opt/airflow/dags/my-freshness-dag.py
[2024-02-05T17:35:51.521+0000] {processor.py:830} INFO - Processing file /opt/airflow/dags/my-freshness-dag.py for tasks to queue
[2024-02-05T17:35:51.526+0000] {logging_mixin.py:188} INFO - [2024-02-05T17:35:51.526+0000] {dagbag.py:538} INFO - Filling up the DagBag from /opt/airflow/dags/my-freshness-dag.py
[2024-02-05T17:35:51.539+0000] {processor.py:840} INFO - DAG(s) 'ops_silver_trigger_30min_SLA' retrieved from /opt/airflow/dags/my-freshness-dag.py
[2024-02-05T17:35:51.562+0000] {logging_mixin.py:188} INFO - [2024-02-05T17:35:51.562+0000] {dag.py:3036} INFO - Sync 1 DAGs
[2024-02-05T17:35:51.581+0000] {logging_mixin.py:188} INFO - [2024-02-05T17:35:51.581+0000] {dag.py:3823} INFO - Setting next_dagrun for ops_silver_trigger_30min_SLA to 2024-02-05 00:00:00+00:00, run_after=2024-02-06 00:00:00+00:00
[2024-02-05T17:35:51.601+0000] {processor.py:183} INFO - Processing /opt/airflow/dags/my-freshness-dag.py took 0.091 seconds
[2024-02-05T17:36:21.716+0000] {processor.py:161} INFO - Started process (PID=4914) to work on /opt/airflow/dags/my-freshness-dag.py
[2024-02-05T17:36:21.719+0000] {processor.py:830} INFO - Processing file /opt/airflow/dags/my-freshness-dag.py for tasks to queue
[2024-02-05T17:36:21.722+0000] {logging_mixin.py:188} INFO - [2024-02-05T17:36:21.722+0000] {dagbag.py:538} INFO - Filling up the DagBag from /opt/airflow/dags/my-freshness-dag.py
[2024-02-05T17:36:21.733+0000] {processor.py:840} INFO - DAG(s) 'ops_silver_trigger_30min_SLA' retrieved from /opt/airflow/dags/my-freshness-dag.py
[2024-02-05T17:36:21.752+0000] {logging_mixin.py:188} INFO - [2024-02-05T17:36:21.751+0000] {dag.py:3036} INFO - Sync 1 DAGs
[2024-02-05T17:36:21.773+0000] {logging_mixin.py:188} INFO - [2024-02-05T17:36:21.773+0000] {dag.py:3823} INFO - Setting next_dagrun for ops_silver_trigger_30min_SLA to 2024-02-05 00:00:00+00:00, run_after=2024-02-06 00:00:00+00:00
[2024-02-05T17:36:21.792+0000] {processor.py:183} INFO - Processing /opt/airflow/dags/my-freshness-dag.py took 0.080 seconds
[2024-02-05T17:36:52.077+0000] {processor.py:161} INFO - Started process (PID=4970) to work on /opt/airflow/dags/my-freshness-dag.py
[2024-02-05T17:36:52.097+0000] {processor.py:830} INFO - Processing file /opt/airflow/dags/my-freshness-dag.py for tasks to queue
[2024-02-05T17:36:52.107+0000] {logging_mixin.py:188} INFO - [2024-02-05T17:36:52.105+0000] {dagbag.py:538} INFO - Filling up the DagBag from /opt/airflow/dags/my-freshness-dag.py
[2024-02-05T17:36:52.152+0000] {processor.py:840} INFO - DAG(s) 'ops_silver_trigger_30min_SLA' retrieved from /opt/airflow/dags/my-freshness-dag.py
[2024-02-05T17:36:52.235+0000] {logging_mixin.py:188} INFO - [2024-02-05T17:36:52.235+0000] {dag.py:3036} INFO - Sync 1 DAGs
[2024-02-05T17:36:52.295+0000] {logging_mixin.py:188} INFO - [2024-02-05T17:36:52.295+0000] {dag.py:3823} INFO - Setting next_dagrun for ops_silver_trigger_30min_SLA to 2024-02-05 00:00:00+00:00, run_after=2024-02-06 00:00:00+00:00
[2024-02-05T17:36:52.388+0000] {processor.py:183} INFO - Processing /opt/airflow/dags/my-freshness-dag.py took 0.353 seconds
[2024-02-05T17:37:22.970+0000] {processor.py:161} INFO - Started process (PID=5032) to work on /opt/airflow/dags/my-freshness-dag.py
[2024-02-05T17:37:22.974+0000] {processor.py:830} INFO - Processing file /opt/airflow/dags/my-freshness-dag.py for tasks to queue
[2024-02-05T17:37:22.979+0000] {logging_mixin.py:188} INFO - [2024-02-05T17:37:22.978+0000] {dagbag.py:538} INFO - Filling up the DagBag from /opt/airflow/dags/my-freshness-dag.py
[2024-02-05T17:37:22.996+0000] {processor.py:840} INFO - DAG(s) 'ops_silver_trigger_30min_SLA' retrieved from /opt/airflow/dags/my-freshness-dag.py
[2024-02-05T17:37:23.015+0000] {logging_mixin.py:188} INFO - [2024-02-05T17:37:23.015+0000] {dag.py:3036} INFO - Sync 1 DAGs
[2024-02-05T17:37:23.032+0000] {logging_mixin.py:188} INFO - [2024-02-05T17:37:23.032+0000] {dag.py:3823} INFO - Setting next_dagrun for ops_silver_trigger_30min_SLA to 2024-02-05 00:00:00+00:00, run_after=2024-02-06 00:00:00+00:00
[2024-02-05T17:37:23.048+0000] {processor.py:183} INFO - Processing /opt/airflow/dags/my-freshness-dag.py took 0.085 seconds
[2024-02-05T17:37:53.185+0000] {processor.py:161} INFO - Started process (PID=5090) to work on /opt/airflow/dags/my-freshness-dag.py
[2024-02-05T17:37:53.191+0000] {processor.py:830} INFO - Processing file /opt/airflow/dags/my-freshness-dag.py for tasks to queue
[2024-02-05T17:37:53.203+0000] {logging_mixin.py:188} INFO - [2024-02-05T17:37:53.201+0000] {dagbag.py:538} INFO - Filling up the DagBag from /opt/airflow/dags/my-freshness-dag.py
[2024-02-05T17:37:53.250+0000] {processor.py:840} INFO - DAG(s) 'ops_silver_trigger_30min_SLA' retrieved from /opt/airflow/dags/my-freshness-dag.py
[2024-02-05T17:37:53.292+0000] {logging_mixin.py:188} INFO - [2024-02-05T17:37:53.291+0000] {dag.py:3036} INFO - Sync 1 DAGs
[2024-02-05T17:37:53.343+0000] {logging_mixin.py:188} INFO - [2024-02-05T17:37:53.342+0000] {dag.py:3823} INFO - Setting next_dagrun for ops_silver_trigger_30min_SLA to 2024-02-05 00:00:00+00:00, run_after=2024-02-06 00:00:00+00:00
[2024-02-05T17:37:53.384+0000] {processor.py:183} INFO - Processing /opt/airflow/dags/my-freshness-dag.py took 0.207 seconds
