[2024-02-02T14:53:30.805+0000] {taskinstance.py:1956} INFO - Dependencies all met for dep_context=non-requeueable deps ti=<TaskInstance: dataset_produces_1.producing_task_1 scheduled__2024-02-01T00:00:00+00:00 [queued]>
[2024-02-02T14:53:30.812+0000] {taskinstance.py:1956} INFO - Dependencies all met for dep_context=requeueable deps ti=<TaskInstance: dataset_produces_1.producing_task_1 scheduled__2024-02-01T00:00:00+00:00 [queued]>
[2024-02-02T14:53:30.813+0000] {taskinstance.py:2170} INFO - Starting attempt 1 of 1
[2024-02-02T14:53:30.822+0000] {taskinstance.py:2191} INFO - Executing <Task(BashOperator): producing_task_1> on 2024-02-01 00:00:00+00:00
[2024-02-02T14:53:30.828+0000] {standard_task_runner.py:60} INFO - Started process 188 to run task
[2024-02-02T14:53:30.832+0000] {standard_task_runner.py:87} INFO - Running: ['***', 'tasks', 'run', 'dataset_produces_1', 'producing_task_1', 'scheduled__2024-02-01T00:00:00+00:00', '--job-id', '5', '--raw', '--subdir', '/home/***/.local/lib/python3.8/site-packages/***/example_dags/example_datasets.py', '--cfg-path', '/tmp/tmpcog9ql7f']
[2024-02-02T14:53:30.836+0000] {standard_task_runner.py:88} INFO - Job 5: Subtask producing_task_1
[2024-02-02T14:53:30.892+0000] {task_command.py:423} INFO - Running <TaskInstance: dataset_produces_1.producing_task_1 scheduled__2024-02-01T00:00:00+00:00 [running]> on host eb67b5c996d2
[2024-02-02T14:53:30.956+0000] {taskinstance.py:2480} INFO - Exporting env vars: AIRFLOW_CTX_DAG_OWNER='***' AIRFLOW_CTX_DAG_ID='dataset_produces_1' AIRFLOW_CTX_TASK_ID='producing_task_1' AIRFLOW_CTX_EXECUTION_DATE='2024-02-01T00:00:00+00:00' AIRFLOW_CTX_TRY_NUMBER='1' AIRFLOW_CTX_DAG_RUN_ID='scheduled__2024-02-01T00:00:00+00:00'
[2024-02-02T14:53:30.959+0000] {subprocess.py:63} INFO - Tmp dir root location: /tmp
[2024-02-02T14:53:30.961+0000] {subprocess.py:75} INFO - Running command: ['/usr/bin/bash', '-c', 'sleep 5']
[2024-02-02T14:53:30.972+0000] {subprocess.py:86} INFO - Output:
[2024-02-02T14:53:35.976+0000] {subprocess.py:97} INFO - Command exited with return code 0
[2024-02-02T14:53:36.005+0000] {warnings.py:109} WARNING - /home/***/.local/lib/python3.8/site-packages/***/models/baseoperator.py:1469: RemovedInAirflow3Warning: Passing 'execution_date' to 'TaskInstance.xcom_push()' is deprecated.
  context["ti"].xcom_push(key=key, value=value, execution_date=execution_date)

[2024-02-02T14:53:36.038+0000] {taskinstance.py:1138} INFO - Marking task as SUCCESS. dag_id=dataset_produces_1, task_id=producing_task_1, execution_date=20240201T000000, start_date=20240202T145330, end_date=20240202T145336
[2024-02-02T14:53:36.118+0000] {local_task_job_runner.py:234} INFO - Task exited with return code 0
[2024-02-02T14:53:36.159+0000] {taskinstance.py:3280} INFO - 0 downstream tasks scheduled from follow-on schedule check
[2024-02-02T15:12:17.180+0000] {taskinstance.py:1956} INFO - Dependencies all met for dep_context=non-requeueable deps ti=<TaskInstance: dataset_produces_1.producing_task_1 scheduled__2024-02-01T00:00:00+00:00 [queued]>
[2024-02-02T15:12:17.186+0000] {taskinstance.py:1956} INFO - Dependencies all met for dep_context=requeueable deps ti=<TaskInstance: dataset_produces_1.producing_task_1 scheduled__2024-02-01T00:00:00+00:00 [queued]>
[2024-02-02T15:12:17.187+0000] {taskinstance.py:2170} INFO - Starting attempt 1 of 1
[2024-02-02T15:12:17.196+0000] {taskinstance.py:2191} INFO - Executing <Task(BashOperator): producing_task_1> on 2024-02-01 00:00:00+00:00
[2024-02-02T15:12:17.202+0000] {standard_task_runner.py:60} INFO - Started process 79 to run task
[2024-02-02T15:12:17.207+0000] {standard_task_runner.py:87} INFO - Running: ['***', 'tasks', 'run', 'dataset_produces_1', 'producing_task_1', 'scheduled__2024-02-01T00:00:00+00:00', '--job-id', '3', '--raw', '--subdir', '/home/***/.local/lib/python3.8/site-packages/***/example_dags/example_datasets.py', '--cfg-path', '/tmp/tmp1808xc02']
[2024-02-02T15:12:17.213+0000] {standard_task_runner.py:88} INFO - Job 3: Subtask producing_task_1
[2024-02-02T15:12:17.256+0000] {task_command.py:423} INFO - Running <TaskInstance: dataset_produces_1.producing_task_1 scheduled__2024-02-01T00:00:00+00:00 [running]> on host a2bff7913869
[2024-02-02T15:12:17.321+0000] {taskinstance.py:2480} INFO - Exporting env vars: AIRFLOW_CTX_DAG_OWNER='***' AIRFLOW_CTX_DAG_ID='dataset_produces_1' AIRFLOW_CTX_TASK_ID='producing_task_1' AIRFLOW_CTX_EXECUTION_DATE='2024-02-01T00:00:00+00:00' AIRFLOW_CTX_TRY_NUMBER='1' AIRFLOW_CTX_DAG_RUN_ID='scheduled__2024-02-01T00:00:00+00:00'
[2024-02-02T15:12:17.325+0000] {subprocess.py:63} INFO - Tmp dir root location: /tmp
[2024-02-02T15:12:17.326+0000] {subprocess.py:75} INFO - Running command: ['/usr/bin/bash', '-c', 'sleep 5']
[2024-02-02T15:12:17.353+0000] {subprocess.py:86} INFO - Output:
[2024-02-02T15:12:22.370+0000] {subprocess.py:97} INFO - Command exited with return code 0
[2024-02-02T15:12:22.393+0000] {warnings.py:109} WARNING - /home/***/.local/lib/python3.8/site-packages/***/models/baseoperator.py:1469: RemovedInAirflow3Warning: Passing 'execution_date' to 'TaskInstance.xcom_push()' is deprecated.
  context["ti"].xcom_push(key=key, value=value, execution_date=execution_date)

[2024-02-02T15:12:22.411+0000] {taskinstance.py:1138} INFO - Marking task as SUCCESS. dag_id=dataset_produces_1, task_id=producing_task_1, execution_date=20240201T000000, start_date=20240202T151217, end_date=20240202T151222
[2024-02-02T15:12:22.472+0000] {local_task_job_runner.py:234} INFO - Task exited with return code 0
[2024-02-02T15:12:22.487+0000] {taskinstance.py:3280} INFO - 0 downstream tasks scheduled from follow-on schedule check
