[2024-02-02T15:12:38.151+0000] {taskinstance.py:1956} INFO - Dependencies all met for dep_context=non-requeueable deps ti=<TaskInstance: tutorial.templated scheduled__2024-02-01T00:00:00+00:00 [queued]>
[2024-02-02T15:12:38.162+0000] {taskinstance.py:1956} INFO - Dependencies all met for dep_context=requeueable deps ti=<TaskInstance: tutorial.templated scheduled__2024-02-01T00:00:00+00:00 [queued]>
[2024-02-02T15:12:38.164+0000] {taskinstance.py:2170} INFO - Starting attempt 1 of 2
[2024-02-02T15:12:38.179+0000] {taskinstance.py:2191} INFO - Executing <Task(BashOperator): templated> on 2024-02-01 00:00:00+00:00
[2024-02-02T15:12:38.185+0000] {standard_task_runner.py:60} INFO - Started process 117 to run task
[2024-02-02T15:12:38.190+0000] {standard_task_runner.py:87} INFO - Running: ['***', 'tasks', 'run', 'tutorial', 'templated', 'scheduled__2024-02-01T00:00:00+00:00', '--job-id', '11', '--raw', '--subdir', '/home/***/.local/lib/python3.8/site-packages/***/example_dags/tutorial.py', '--cfg-path', '/tmp/tmpe5i8n7ng']
[2024-02-02T15:12:38.193+0000] {standard_task_runner.py:88} INFO - Job 11: Subtask templated
[2024-02-02T15:12:38.234+0000] {task_command.py:423} INFO - Running <TaskInstance: tutorial.templated scheduled__2024-02-01T00:00:00+00:00 [running]> on host a2bff7913869
[2024-02-02T15:12:38.296+0000] {taskinstance.py:2480} INFO - Exporting env vars: AIRFLOW_CTX_DAG_EMAIL='***@example.com' AIRFLOW_CTX_DAG_OWNER='***' AIRFLOW_CTX_DAG_ID='tutorial' AIRFLOW_CTX_TASK_ID='templated' AIRFLOW_CTX_EXECUTION_DATE='2024-02-01T00:00:00+00:00' AIRFLOW_CTX_TRY_NUMBER='1' AIRFLOW_CTX_DAG_RUN_ID='scheduled__2024-02-01T00:00:00+00:00'
[2024-02-02T15:12:38.299+0000] {subprocess.py:63} INFO - Tmp dir root location: /tmp
[2024-02-02T15:12:38.300+0000] {subprocess.py:75} INFO - Running command: ['/usr/bin/bash', '-c', '\n\n    echo "2024-02-01"\n    echo "2024-02-08"\n\n    echo "2024-02-01"\n    echo "2024-02-08"\n\n    echo "2024-02-01"\n    echo "2024-02-08"\n\n    echo "2024-02-01"\n    echo "2024-02-08"\n\n    echo "2024-02-01"\n    echo "2024-02-08"\n']
[2024-02-02T15:12:38.314+0000] {subprocess.py:86} INFO - Output:
[2024-02-02T15:12:38.317+0000] {subprocess.py:93} INFO - 2024-02-01
[2024-02-02T15:12:38.319+0000] {subprocess.py:93} INFO - 2024-02-08
[2024-02-02T15:12:38.321+0000] {subprocess.py:93} INFO - 2024-02-01
[2024-02-02T15:12:38.323+0000] {subprocess.py:93} INFO - 2024-02-08
[2024-02-02T15:12:38.324+0000] {subprocess.py:93} INFO - 2024-02-01
[2024-02-02T15:12:38.325+0000] {subprocess.py:93} INFO - 2024-02-08
[2024-02-02T15:12:38.326+0000] {subprocess.py:93} INFO - 2024-02-01
[2024-02-02T15:12:38.327+0000] {subprocess.py:93} INFO - 2024-02-08
[2024-02-02T15:12:38.328+0000] {subprocess.py:93} INFO - 2024-02-01
[2024-02-02T15:12:38.328+0000] {subprocess.py:93} INFO - 2024-02-08
[2024-02-02T15:12:38.329+0000] {subprocess.py:97} INFO - Command exited with return code 0
[2024-02-02T15:12:38.347+0000] {taskinstance.py:1138} INFO - Marking task as SUCCESS. dag_id=tutorial, task_id=templated, execution_date=20240201T000000, start_date=20240202T151238, end_date=20240202T151238
[2024-02-02T15:12:38.406+0000] {local_task_job_runner.py:234} INFO - Task exited with return code 0
[2024-02-02T15:12:38.423+0000] {taskinstance.py:3280} INFO - 0 downstream tasks scheduled from follow-on schedule check
