[2024-02-05T16:55:27.168+0000] {taskinstance.py:1956} INFO - Dependencies all met for dep_context=non-requeueable deps ti=<TaskInstance: tutorial.templated scheduled__2024-02-04T00:00:00+00:00 [queued]>
[2024-02-05T16:55:27.233+0000] {taskinstance.py:1956} INFO - Dependencies all met for dep_context=requeueable deps ti=<TaskInstance: tutorial.templated scheduled__2024-02-04T00:00:00+00:00 [queued]>
[2024-02-05T16:55:27.239+0000] {taskinstance.py:2170} INFO - Starting attempt 1 of 2
[2024-02-05T16:55:27.372+0000] {taskinstance.py:2191} INFO - Executing <Task(BashOperator): templated> on 2024-02-04 00:00:00+00:00
[2024-02-05T16:55:27.504+0000] {standard_task_runner.py:60} INFO - Started process 105 to run task
[2024-02-05T16:55:27.573+0000] {standard_task_runner.py:87} INFO - Running: ['***', 'tasks', 'run', 'tutorial', 'templated', 'scheduled__2024-02-04T00:00:00+00:00', '--job-id', '907', '--raw', '--subdir', '/home/***/.local/lib/python3.8/site-packages/***/example_dags/tutorial.py', '--cfg-path', '/tmp/tmpqbjvtiqn']
[2024-02-05T16:55:27.638+0000] {standard_task_runner.py:88} INFO - Job 907: Subtask templated
[2024-02-05T16:55:28.129+0000] {task_command.py:423} INFO - Running <TaskInstance: tutorial.templated scheduled__2024-02-04T00:00:00+00:00 [running]> on host 4c8a056a70fd
[2024-02-05T16:55:28.741+0000] {taskinstance.py:2480} INFO - Exporting env vars: AIRFLOW_CTX_DAG_EMAIL='***@example.com' AIRFLOW_CTX_DAG_OWNER='***' AIRFLOW_CTX_DAG_ID='tutorial' AIRFLOW_CTX_TASK_ID='templated' AIRFLOW_CTX_EXECUTION_DATE='2024-02-04T00:00:00+00:00' AIRFLOW_CTX_TRY_NUMBER='1' AIRFLOW_CTX_DAG_RUN_ID='scheduled__2024-02-04T00:00:00+00:00'
[2024-02-05T16:55:28.791+0000] {subprocess.py:63} INFO - Tmp dir root location: /tmp
[2024-02-05T16:55:28.805+0000] {subprocess.py:75} INFO - Running command: ['/usr/bin/bash', '-c', '\n\n    echo "2024-02-04"\n    echo "2024-02-11"\n\n    echo "2024-02-04"\n    echo "2024-02-11"\n\n    echo "2024-02-04"\n    echo "2024-02-11"\n\n    echo "2024-02-04"\n    echo "2024-02-11"\n\n    echo "2024-02-04"\n    echo "2024-02-11"\n']
[2024-02-05T16:55:28.992+0000] {subprocess.py:86} INFO - Output:
[2024-02-05T16:55:29.042+0000] {subprocess.py:93} INFO - 2024-02-04
[2024-02-05T16:55:29.053+0000] {subprocess.py:93} INFO - 2024-02-11
[2024-02-05T16:55:29.059+0000] {subprocess.py:93} INFO - 2024-02-04
[2024-02-05T16:55:29.065+0000] {subprocess.py:93} INFO - 2024-02-11
[2024-02-05T16:55:29.072+0000] {subprocess.py:93} INFO - 2024-02-04
[2024-02-05T16:55:29.099+0000] {subprocess.py:93} INFO - 2024-02-11
[2024-02-05T16:55:29.118+0000] {subprocess.py:93} INFO - 2024-02-04
[2024-02-05T16:55:29.126+0000] {subprocess.py:93} INFO - 2024-02-11
[2024-02-05T16:55:29.136+0000] {subprocess.py:93} INFO - 2024-02-04
[2024-02-05T16:55:29.144+0000] {subprocess.py:93} INFO - 2024-02-11
[2024-02-05T16:55:29.168+0000] {subprocess.py:97} INFO - Command exited with return code 0
[2024-02-05T16:55:29.294+0000] {taskinstance.py:1138} INFO - Marking task as SUCCESS. dag_id=tutorial, task_id=templated, execution_date=20240204T000000, start_date=20240205T165527, end_date=20240205T165529
[2024-02-05T16:55:29.455+0000] {local_task_job_runner.py:234} INFO - Task exited with return code 0
[2024-02-05T16:55:29.674+0000] {taskinstance.py:3280} INFO - 0 downstream tasks scheduled from follow-on schedule check
